ARM GAS  C:\Users\alexa\AppData\Local\Temp\ccMhAvjm.s 			page 1


   1              		.syntax unified
   2              		.cpu cortex-m3
   3              		.fpu softvfp
   4              		.eabi_attribute 20, 1
   5              		.eabi_attribute 21, 1
   6              		.eabi_attribute 23, 3
   7              		.eabi_attribute 24, 1
   8              		.eabi_attribute 25, 1
   9              		.eabi_attribute 26, 1
  10              		.eabi_attribute 30, 1
  11              		.eabi_attribute 34, 1
  12              		.eabi_attribute 18, 4
  13              		.thumb
  14              		.syntax unified
  15              		.file	"cymetadata.c"
  16              		.text
  17              	.Ltext0:
  18              		.cfi_sections	.debug_frame
  19              		.global	cy_metadata
  20              		.global	cy_meta_flashprotect
  21              		.global	cy_meta_wonvl
  22              		.global	cy_meta_custnvl
  23              		.global	cy_meta_configecc
  24              		.section	.cyconfigecc,"a",%progbits
  25              		.align	2
  26              		.type	cy_meta_configecc, %object
  27              		.size	cy_meta_configecc, 1108
  28              	cy_meta_configecc:
  29 0000 01       		.byte	1
  30 0001 64       		.byte	100
  31 0002 00       		.byte	0
  32 0003 40       		.byte	64
  33 0004 02       		.byte	2
  34 0005 65       		.byte	101
  35 0006 00       		.byte	0
  36 0007 40       		.byte	64
  37 0008 01       		.byte	1
  38 0009 07       		.byte	7
  39 000a 01       		.byte	1
  40 000b 40       		.byte	64
  41 000c 54       		.byte	84
  42 000d 08       		.byte	8
  43 000e 01       		.byte	1
  44 000f 40       		.byte	64
  45 0010 31       		.byte	49
  46 0011 09       		.byte	9
  47 0012 01       		.byte	1
  48 0013 40       		.byte	64
  49 0014 03       		.byte	3
  50 0015 15       		.byte	21
  51 0016 01       		.byte	1
  52 0017 40       		.byte	64
  53 0018 01       		.byte	1
  54 0019 17       		.byte	23
  55 001a 01       		.byte	1
  56 001b 40       		.byte	64
  57 001c 3A       		.byte	58
ARM GAS  C:\Users\alexa\AppData\Local\Temp\ccMhAvjm.s 			page 2


  58 001d 18       		.byte	24
  59 001e 01       		.byte	1
  60 001f 40       		.byte	64
  61 0020 47       		.byte	71
  62 0021 19       		.byte	25
  63 0022 01       		.byte	1
  64 0023 40       		.byte	64
  65 0024 58       		.byte	88
  66 0025 1A       		.byte	26
  67 0026 01       		.byte	1
  68 0027 40       		.byte	64
  69 0028 51       		.byte	81
  70 0029 1B       		.byte	27
  71 002a 01       		.byte	1
  72 002b 40       		.byte	64
  73 002c 02       		.byte	2
  74 002d 40       		.byte	64
  75 002e 01       		.byte	1
  76 002f 40       		.byte	64
  77 0030 01       		.byte	1
  78 0031 41       		.byte	65
  79 0032 01       		.byte	1
  80 0033 40       		.byte	64
  81 0034 03       		.byte	3
  82 0035 42       		.byte	66
  83 0036 01       		.byte	1
  84 0037 40       		.byte	64
  85 0038 04       		.byte	4
  86 0039 43       		.byte	67
  87 003a 01       		.byte	1
  88 003b 40       		.byte	64
  89 003c 02       		.byte	2
  90 003d 48       		.byte	72
  91 003e 01       		.byte	1
  92 003f 40       		.byte	64
  93 0040 10       		.byte	16
  94 0041 49       		.byte	73
  95 0042 01       		.byte	1
  96 0043 40       		.byte	64
  97 0044 08       		.byte	8
  98 0045 4C       		.byte	76
  99 0046 01       		.byte	1
 100 0047 40       		.byte	64
 101 0048 0C       		.byte	12
 102 0049 4D       		.byte	77
 103 004a 01       		.byte	1
 104 004b 40       		.byte	64
 105 004c 04       		.byte	4
 106 004d 50       		.byte	80
 107 004e 01       		.byte	1
 108 004f 40       		.byte	64
 109 0050 02       		.byte	2
 110 0051 51       		.byte	81
 111 0052 01       		.byte	1
 112 0053 40       		.byte	64
 113 0054 89       		.byte	-119
 114 0055 38       		.byte	56
ARM GAS  C:\Users\alexa\AppData\Local\Temp\ccMhAvjm.s 			page 3


 115 0056 88       		.byte	-120
 116 0057 72       		.byte	114
 117 0058 8A       		.byte	-118
 118 0059 0F       		.byte	15
 119 005a E6       		.byte	-26
 120 005b 02       		.byte	2
 121 005c 03       		.byte	3
 122 005d 08       		.byte	8
 123 005e 05       		.byte	5
 124 005f 01       		.byte	1
 125 0060 07       		.byte	7
 126 0061 06       		.byte	6
 127 0062 08       		.byte	8
 128 0063 07       		.byte	7
 129 0064 09       		.byte	9
 130 0065 06       		.byte	6
 131 0066 0B       		.byte	11
 132 0067 01       		.byte	1
 133 0068 0D       		.byte	13
 134 0069 04       		.byte	4
 135 006a 11       		.byte	17
 136 006b 06       		.byte	6
 137 006c 13       		.byte	19
 138 006d 01       		.byte	1
 139 006e 14       		.byte	20
 140 006f 04       		.byte	4
 141 0070 15       		.byte	21
 142 0071 07       		.byte	7
 143 0072 16       		.byte	22
 144 0073 01       		.byte	1
 145 0074 18       		.byte	24
 146 0075 02       		.byte	2
 147 0076 19       		.byte	25
 148 0077 06       		.byte	6
 149 0078 1A       		.byte	26
 150 0079 09       		.byte	9
 151 007a 1C       		.byte	28
 152 007b 01       		.byte	1
 153 007c 1E       		.byte	30
 154 007d 06       		.byte	6
 155 007e 25       		.byte	37
 156 007f 02       		.byte	2
 157 0080 28       		.byte	40
 158 0081 07       		.byte	7
 159 0082 2B       		.byte	43
 160 0083 08       		.byte	8
 161 0084 2F       		.byte	47
 162 0085 01       		.byte	1
 163 0086 32       		.byte	50
 164 0087 08       		.byte	8
 165 0088 35       		.byte	53
 166 0089 07       		.byte	7
 167 008a 36       		.byte	54
 168 008b 07       		.byte	7
 169 008c 37       		.byte	55
 170 008d 08       		.byte	8
 171 008e 3B       		.byte	59
ARM GAS  C:\Users\alexa\AppData\Local\Temp\ccMhAvjm.s 			page 4


 172 008f 20       		.byte	32
 173 0090 3F       		.byte	63
 174 0091 40       		.byte	64
 175 0092 58       		.byte	88
 176 0093 04       		.byte	4
 177 0094 59       		.byte	89
 178 0095 04       		.byte	4
 179 0096 5F       		.byte	95
 180 0097 01       		.byte	1
 181 0098 80       		.byte	-128
 182 0099 DC       		.byte	-36
 183 009a 82       		.byte	-126
 184 009b 22       		.byte	34
 185 009c 83       		.byte	-125
 186 009d 40       		.byte	64
 187 009e 86       		.byte	-122
 188 009f 03       		.byte	3
 189 00a0 8B       		.byte	-117
 190 00a1 40       		.byte	64
 191 00a2 8F       		.byte	-113
 192 00a3 13       		.byte	19
 193 00a4 90       		.byte	-112
 194 00a5 0C       		.byte	12
 195 00a6 92       		.byte	-110
 196 00a7 71       		.byte	113
 197 00a8 94       		.byte	-108
 198 00a9 09       		.byte	9
 199 00aa 96       		.byte	-106
 200 00ab D0       		.byte	-48
 201 00ac 97       		.byte	-105
 202 00ad 08       		.byte	8
 203 00ae 98       		.byte	-104
 204 00af 14       		.byte	20
 205 00b0 9B       		.byte	-101
 206 00b1 0C       		.byte	12
 207 00b2 9D       		.byte	-99
 208 00b3 2C       		.byte	44
 209 00b4 9F       		.byte	-97
 210 00b5 03       		.byte	3
 211 00b6 A1       		.byte	-95
 212 00b7 31       		.byte	49
 213 00b8 A2       		.byte	-94
 214 00b9 20       		.byte	32
 215 00ba A3       		.byte	-93
 216 00bb 0E       		.byte	14
 217 00bc A4       		.byte	-92
 218 00bd 10       		.byte	16
 219 00be A6       		.byte	-90
 220 00bf 40       		.byte	64
 221 00c0 A8       		.byte	-88
 222 00c1 10       		.byte	16
 223 00c2 A9       		.byte	-87
 224 00c3 31       		.byte	49
 225 00c4 AA       		.byte	-86
 226 00c5 AC       		.byte	-84
 227 00c6 AB       		.byte	-85
 228 00c7 06       		.byte	6
ARM GAS  C:\Users\alexa\AppData\Local\Temp\ccMhAvjm.s 			page 5


 229 00c8 B0       		.byte	-80
 230 00c9 E0       		.byte	-32
 231 00ca B3       		.byte	-77
 232 00cb 30       		.byte	48
 233 00cc B4       		.byte	-76
 234 00cd 1F       		.byte	31
 235 00ce B5       		.byte	-75
 236 00cf 40       		.byte	64
 237 00d0 B7       		.byte	-73
 238 00d1 0F       		.byte	15
 239 00d2 B9       		.byte	-71
 240 00d3 08       		.byte	8
 241 00d4 BA       		.byte	-70
 242 00d5 02       		.byte	2
 243 00d6 BB       		.byte	-69
 244 00d7 80       		.byte	-128
 245 00d8 BF       		.byte	-65
 246 00d9 14       		.byte	20
 247 00da C0       		.byte	-64
 248 00db 03       		.byte	3
 249 00dc C5       		.byte	-59
 250 00dd 04       		.byte	4
 251 00de C9       		.byte	-55
 252 00df FF       		.byte	-1
 253 00e0 CA       		.byte	-54
 254 00e1 07       		.byte	7
 255 00e2 CB       		.byte	-53
 256 00e3 FF       		.byte	-1
 257 00e4 CC       		.byte	-52
 258 00e5 40       		.byte	64
 259 00e6 CD       		.byte	-51
 260 00e7 20       		.byte	32
 261 00e8 CE       		.byte	-50
 262 00e9 F0       		.byte	-16
 263 00ea CF       		.byte	-49
 264 00eb 05       		.byte	5
 265 00ec D0       		.byte	-48
 266 00ed 08       		.byte	8
 267 00ee D4       		.byte	-44
 268 00ef 18       		.byte	24
 269 00f0 D6       		.byte	-42
 270 00f1 04       		.byte	4
 271 00f2 D8       		.byte	-40
 272 00f3 04       		.byte	4
 273 00f4 D9       		.byte	-39
 274 00f5 04       		.byte	4
 275 00f6 DA       		.byte	-38
 276 00f7 04       		.byte	4
 277 00f8 DB       		.byte	-37
 278 00f9 04       		.byte	4
 279 00fa DF       		.byte	-33
 280 00fb 01       		.byte	1
 281 00fc E0       		.byte	-32
 282 00fd 40       		.byte	64
 283 00fe E1       		.byte	-31
 284 00ff A8       		.byte	-88
 285 0100 E2       		.byte	-30
ARM GAS  C:\Users\alexa\AppData\Local\Temp\ccMhAvjm.s 			page 6


 286 0101 40       		.byte	64
 287 0102 E3       		.byte	-29
 288 0103 20       		.byte	32
 289 0104 02       		.byte	2
 290 0105 80       		.byte	-128
 291 0106 03       		.byte	3
 292 0107 20       		.byte	32
 293 0108 04       		.byte	4
 294 0109 20       		.byte	32
 295 010a 0A       		.byte	10
 296 010b 60       		.byte	96
 297 010c 0B       		.byte	11
 298 010d 08       		.byte	8
 299 010e 0E       		.byte	14
 300 010f 02       		.byte	2
 301 0110 0F       		.byte	15
 302 0111 18       		.byte	24
 303 0112 10       		.byte	16
 304 0113 A4       		.byte	-92
 305 0114 15       		.byte	21
 306 0115 10       		.byte	16
 307 0116 19       		.byte	25
 308 0117 01       		.byte	1
 309 0118 1A       		.byte	26
 310 0119 40       		.byte	64
 311 011a 1B       		.byte	27
 312 011b 20       		.byte	32
 313 011c 1E       		.byte	30
 314 011d 12       		.byte	18
 315 011e 21       		.byte	33
 316 011f 08       		.byte	8
 317 0120 22       		.byte	34
 318 0121 C0       		.byte	-64
 319 0122 23       		.byte	35
 320 0123 04       		.byte	4
 321 0124 25       		.byte	37
 322 0125 90       		.byte	-112
 323 0126 28       		.byte	40
 324 0127 04       		.byte	4
 325 0128 29       		.byte	41
 326 0129 21       		.byte	33
 327 012a 2E       		.byte	46
 328 012b 08       		.byte	8
 329 012c 2F       		.byte	47
 330 012d 09       		.byte	9
 331 012e 31       		.byte	49
 332 012f 04       		.byte	4
 333 0130 32       		.byte	50
 334 0131 50       		.byte	80
 335 0132 34       		.byte	52
 336 0133 08       		.byte	8
 337 0134 37       		.byte	55
 338 0135 11       		.byte	17
 339 0136 38       		.byte	56
 340 0137 80       		.byte	-128
 341 0138 39       		.byte	57
 342 0139 02       		.byte	2
ARM GAS  C:\Users\alexa\AppData\Local\Temp\ccMhAvjm.s 			page 7


 343 013a 3A       		.byte	58
 344 013b 10       		.byte	16
 345 013c 3C       		.byte	60
 346 013d 80       		.byte	-128
 347 013e 3D       		.byte	61
 348 013f 22       		.byte	34
 349 0140 3E       		.byte	62
 350 0141 04       		.byte	4
 351 0142 41       		.byte	65
 352 0143 08       		.byte	8
 353 0144 48       		.byte	72
 354 0145 20       		.byte	32
 355 0146 49       		.byte	73
 356 0147 04       		.byte	4
 357 0148 50       		.byte	80
 358 0149 C0       		.byte	-64
 359 014a 51       		.byte	81
 360 014b 40       		.byte	64
 361 014c 5A       		.byte	90
 362 014d 02       		.byte	2
 363 014e 61       		.byte	97
 364 014f 80       		.byte	-128
 365 0150 63       		.byte	99
 366 0151 44       		.byte	68
 367 0152 87       		.byte	-121
 368 0153 40       		.byte	64
 369 0154 C0       		.byte	-64
 370 0155 4C       		.byte	76
 371 0156 C2       		.byte	-62
 372 0157 EE       		.byte	-18
 373 0158 C4       		.byte	-60
 374 0159 4E       		.byte	78
 375 015a CA       		.byte	-54
 376 015b 75       		.byte	117
 377 015c CC       		.byte	-52
 378 015d EE       		.byte	-18
 379 015e CE       		.byte	-50
 380 015f FD       		.byte	-3
 381 0160 D0       		.byte	-48
 382 0161 02       		.byte	2
 383 0162 D6       		.byte	-42
 384 0163 01       		.byte	1
 385 0164 D8       		.byte	-40
 386 0165 0D       		.byte	13
 387 0166 E0       		.byte	-32
 388 0167 08       		.byte	8
 389 0168 E4       		.byte	-28
 390 0169 01       		.byte	1
 391 016a EA       		.byte	-22
 392 016b 05       		.byte	5
 393 016c E6       		.byte	-26
 394 016d 20       		.byte	32
 395 016e 00       		.byte	0
 396 016f 0F       		.byte	15
 397 0170 01       		.byte	1
 398 0171 04       		.byte	4
 399 0172 04       		.byte	4
ARM GAS  C:\Users\alexa\AppData\Local\Temp\ccMhAvjm.s 			page 8


 400 0173 0C       		.byte	12
 401 0174 05       		.byte	5
 402 0175 18       		.byte	24
 403 0176 0A       		.byte	10
 404 0177 03       		.byte	3
 405 0178 0B       		.byte	11
 406 0179 04       		.byte	4
 407 017a 0C       		.byte	12
 408 017b 08       		.byte	8
 409 017c 0D       		.byte	13
 410 017d 10       		.byte	16
 411 017e 11       		.byte	17
 412 017f 3C       		.byte	60
 413 0180 13       		.byte	19
 414 0181 02       		.byte	2
 415 0182 14       		.byte	20
 416 0183 02       		.byte	2
 417 0184 15       		.byte	21
 418 0185 3F       		.byte	63
 419 0186 18       		.byte	24
 420 0187 03       		.byte	3
 421 0188 1A       		.byte	26
 422 0189 0C       		.byte	12
 423 018a 1B       		.byte	27
 424 018b 23       		.byte	35
 425 018c 1C       		.byte	28
 426 018d 03       		.byte	3
 427 018e 20       		.byte	32
 428 018f 0C       		.byte	12
 429 0190 22       		.byte	34
 430 0191 03       		.byte	3
 431 0192 24       		.byte	36
 432 0193 04       		.byte	4
 433 0194 25       		.byte	37
 434 0195 08       		.byte	8
 435 0196 28       		.byte	40
 436 0197 0F       		.byte	15
 437 0198 29       		.byte	41
 438 0199 1C       		.byte	28
 439 019a 2B       		.byte	43
 440 019b 21       		.byte	33
 441 019c 2C       		.byte	44
 442 019d 01       		.byte	1
 443 019e 2D       		.byte	45
 444 019f 27       		.byte	39
 445 01a0 2F       		.byte	47
 446 01a1 18       		.byte	24
 447 01a2 31       		.byte	49
 448 01a3 38       		.byte	56
 449 01a4 34       		.byte	52
 450 01a5 0F       		.byte	15
 451 01a6 37       		.byte	55
 452 01a7 1F       		.byte	31
 453 01a8 3A       		.byte	58
 454 01a9 28       		.byte	40
 455 01aa 3B       		.byte	59
 456 01ab 80       		.byte	-128
ARM GAS  C:\Users\alexa\AppData\Local\Temp\ccMhAvjm.s 			page 9


 457 01ac 56       		.byte	86
 458 01ad 02       		.byte	2
 459 01ae 57       		.byte	87
 460 01af 12       		.byte	18
 461 01b0 58       		.byte	88
 462 01b1 04       		.byte	4
 463 01b2 59       		.byte	89
 464 01b3 04       		.byte	4
 465 01b4 5B       		.byte	91
 466 01b5 04       		.byte	4
 467 01b6 5F       		.byte	95
 468 01b7 01       		.byte	1
 469 01b8 86       		.byte	-122
 470 01b9 02       		.byte	2
 471 01ba 88       		.byte	-120
 472 01bb 02       		.byte	2
 473 01bc 8C       		.byte	-116
 474 01bd 01       		.byte	1
 475 01be 8D       		.byte	-115
 476 01bf 02       		.byte	2
 477 01c0 90       		.byte	-112
 478 01c1 02       		.byte	2
 479 01c2 91       		.byte	-111
 480 01c3 01       		.byte	1
 481 01c4 94       		.byte	-108
 482 01c5 01       		.byte	1
 483 01c6 98       		.byte	-104
 484 01c7 01       		.byte	1
 485 01c8 9F       		.byte	-97
 486 01c9 01       		.byte	1
 487 01ca A2       		.byte	-94
 488 01cb 02       		.byte	2
 489 01cc A8       		.byte	-88
 490 01cd 01       		.byte	1
 491 01ce A9       		.byte	-87
 492 01cf 01       		.byte	1
 493 01d0 AE       		.byte	-82
 494 01d1 02       		.byte	2
 495 01d2 B0       		.byte	-80
 496 01d3 02       		.byte	2
 497 01d4 B2       		.byte	-78
 498 01d5 01       		.byte	1
 499 01d6 B5       		.byte	-75
 500 01d7 03       		.byte	3
 501 01d8 B9       		.byte	-71
 502 01d9 20       		.byte	32
 503 01da BE       		.byte	-66
 504 01db 05       		.byte	5
 505 01dc D8       		.byte	-40
 506 01dd 04       		.byte	4
 507 01de D9       		.byte	-39
 508 01df 04       		.byte	4
 509 01e0 DF       		.byte	-33
 510 01e1 01       		.byte	1
 511 01e2 01       		.byte	1
 512 01e3 20       		.byte	32
 513 01e4 02       		.byte	2
ARM GAS  C:\Users\alexa\AppData\Local\Temp\ccMhAvjm.s 			page 10


 514 01e5 20       		.byte	32
 515 01e6 03       		.byte	3
 516 01e7 01       		.byte	1
 517 01e8 05       		.byte	5
 518 01e9 10       		.byte	16
 519 01ea 06       		.byte	6
 520 01eb 40       		.byte	64
 521 01ec 07       		.byte	7
 522 01ed 12       		.byte	18
 523 01ee 08       		.byte	8
 524 01ef 08       		.byte	8
 525 01f0 09       		.byte	9
 526 01f1 08       		.byte	8
 527 01f2 0A       		.byte	10
 528 01f3 44       		.byte	68
 529 01f4 0E       		.byte	14
 530 01f5 06       		.byte	6
 531 01f6 0F       		.byte	15
 532 01f7 10       		.byte	16
 533 01f8 10       		.byte	16
 534 01f9 04       		.byte	4
 535 01fa 11       		.byte	17
 536 01fb 20       		.byte	32
 537 01fc 12       		.byte	18
 538 01fd 80       		.byte	-128
 539 01fe 13       		.byte	19
 540 01ff 40       		.byte	64
 541 0200 14       		.byte	20
 542 0201 08       		.byte	8
 543 0202 16       		.byte	22
 544 0203 02       		.byte	2
 545 0204 17       		.byte	23
 546 0205 05       		.byte	5
 547 0206 19       		.byte	25
 548 0207 08       		.byte	8
 549 0208 1A       		.byte	26
 550 0209 80       		.byte	-128
 551 020a 1D       		.byte	29
 552 020b 08       		.byte	8
 553 020c 1E       		.byte	30
 554 020d 04       		.byte	4
 555 020e 22       		.byte	34
 556 020f 10       		.byte	16
 557 0210 25       		.byte	37
 558 0211 01       		.byte	1
 559 0212 27       		.byte	39
 560 0213 01       		.byte	1
 561 0214 29       		.byte	41
 562 0215 20       		.byte	32
 563 0216 2C       		.byte	44
 564 0217 04       		.byte	4
 565 0218 2E       		.byte	46
 566 0219 88       		.byte	-120
 567 021a 31       		.byte	49
 568 021b 01       		.byte	1
 569 021c 32       		.byte	50
 570 021d 80       		.byte	-128
ARM GAS  C:\Users\alexa\AppData\Local\Temp\ccMhAvjm.s 			page 11


 571 021e 34       		.byte	52
 572 021f 08       		.byte	8
 573 0220 35       		.byte	53
 574 0221 10       		.byte	16
 575 0222 37       		.byte	55
 576 0223 01       		.byte	1
 577 0224 39       		.byte	57
 578 0225 80       		.byte	-128
 579 0226 3B       		.byte	59
 580 0227 40       		.byte	64
 581 0228 3C       		.byte	60
 582 0229 88       		.byte	-120
 583 022a 3E       		.byte	62
 584 022b 12       		.byte	18
 585 022c 45       		.byte	69
 586 022d 40       		.byte	64
 587 022e 46       		.byte	70
 588 022f 01       		.byte	1
 589 0230 5D       		.byte	93
 590 0231 08       		.byte	8
 591 0232 6C       		.byte	108
 592 0233 10       		.byte	16
 593 0234 6D       		.byte	109
 594 0235 90       		.byte	-112
 595 0236 6E       		.byte	110
 596 0237 08       		.byte	8
 597 0238 74       		.byte	116
 598 0239 44       		.byte	68
 599 023a 76       		.byte	118
 600 023b 08       		.byte	8
 601 023c 77       		.byte	119
 602 023d 16       		.byte	22
 603 023e 91       		.byte	-111
 604 023f 80       		.byte	-128
 605 0240 92       		.byte	-110
 606 0241 50       		.byte	80
 607 0242 94       		.byte	-108
 608 0243 20       		.byte	32
 609 0244 95       		.byte	-107
 610 0245 12       		.byte	18
 611 0246 96       		.byte	-106
 612 0247 26       		.byte	38
 613 0248 97       		.byte	-105
 614 0249 1A       		.byte	26
 615 024a 99       		.byte	-103
 616 024b 01       		.byte	1
 617 024c 9C       		.byte	-100
 618 024d 08       		.byte	8
 619 024e 9D       		.byte	-99
 620 024f 20       		.byte	32
 621 0250 9E       		.byte	-98
 622 0251 18       		.byte	24
 623 0252 9F       		.byte	-97
 624 0253 11       		.byte	17
 625 0254 A1       		.byte	-95
 626 0255 10       		.byte	16
 627 0256 A2       		.byte	-94
ARM GAS  C:\Users\alexa\AppData\Local\Temp\ccMhAvjm.s 			page 12


 628 0257 81       		.byte	-127
 629 0258 A3       		.byte	-93
 630 0259 20       		.byte	32
 631 025a A4       		.byte	-92
 632 025b 40       		.byte	64
 633 025c A5       		.byte	-91
 634 025d 01       		.byte	1
 635 025e A7       		.byte	-89
 636 025f 0C       		.byte	12
 637 0260 C0       		.byte	-64
 638 0261 F7       		.byte	-9
 639 0262 C2       		.byte	-62
 640 0263 EE       		.byte	-18
 641 0264 C4       		.byte	-60
 642 0265 FB       		.byte	-5
 643 0266 CA       		.byte	-54
 644 0267 74       		.byte	116
 645 0268 CC       		.byte	-52
 646 0269 E9       		.byte	-23
 647 026a CE       		.byte	-50
 648 026b F8       		.byte	-8
 649 026c D6       		.byte	-42
 650 026d 40       		.byte	64
 651 026e E6       		.byte	-26
 652 026f 20       		.byte	32
 653 0270 02       		.byte	2
 654 0271 05       		.byte	5
 655 0272 04       		.byte	4
 656 0273 03       		.byte	3
 657 0274 06       		.byte	6
 658 0275 0C       		.byte	12
 659 0276 10       		.byte	16
 660 0277 03       		.byte	3
 661 0278 12       		.byte	18
 662 0279 04       		.byte	4
 663 027a 13       		.byte	19
 664 027b 01       		.byte	1
 665 027c 15       		.byte	21
 666 027d 01       		.byte	1
 667 027e 16       		.byte	22
 668 027f 08       		.byte	8
 669 0280 1D       		.byte	29
 670 0281 04       		.byte	4
 671 0282 20       		.byte	32
 672 0283 0A       		.byte	10
 673 0284 22       		.byte	34
 674 0285 04       		.byte	4
 675 0286 24       		.byte	36
 676 0287 03       		.byte	3
 677 0288 25       		.byte	37
 678 0289 02       		.byte	2
 679 028a 26       		.byte	38
 680 028b 04       		.byte	4
 681 028c 29       		.byte	41
 682 028d 01       		.byte	1
 683 028e 2F       		.byte	47
 684 028f 01       		.byte	1
ARM GAS  C:\Users\alexa\AppData\Local\Temp\ccMhAvjm.s 			page 13


 685 0290 31       		.byte	49
 686 0291 01       		.byte	1
 687 0292 33       		.byte	51
 688 0293 04       		.byte	4
 689 0294 34       		.byte	52
 690 0295 0F       		.byte	15
 691 0296 35       		.byte	53
 692 0297 02       		.byte	2
 693 0298 39       		.byte	57
 694 0299 02       		.byte	2
 695 029a 3A       		.byte	58
 696 029b 20       		.byte	32
 697 029c 3F       		.byte	63
 698 029d 14       		.byte	20
 699 029e 40       		.byte	64
 700 029f 61       		.byte	97
 701 02a0 41       		.byte	65
 702 02a1 04       		.byte	4
 703 02a2 46       		.byte	70
 704 02a3 CE       		.byte	-50
 705 02a4 47       		.byte	71
 706 02a5 0B       		.byte	11
 707 02a6 48       		.byte	72
 708 02a7 1C       		.byte	28
 709 02a8 49       		.byte	73
 710 02a9 FF       		.byte	-1
 711 02aa 4A       		.byte	74
 712 02ab FF       		.byte	-1
 713 02ac 4B       		.byte	75
 714 02ad FF       		.byte	-1
 715 02ae 4E       		.byte	78
 716 02af F0       		.byte	-16
 717 02b0 4F       		.byte	79
 718 02b1 44       		.byte	68
 719 02b2 50       		.byte	80
 720 02b3 0C       		.byte	12
 721 02b4 54       		.byte	84
 722 02b5 01       		.byte	1
 723 02b6 58       		.byte	88
 724 02b7 04       		.byte	4
 725 02b8 59       		.byte	89
 726 02b9 04       		.byte	4
 727 02ba 5A       		.byte	90
 728 02bb 04       		.byte	4
 729 02bc 5B       		.byte	91
 730 02bd 04       		.byte	4
 731 02be 5F       		.byte	95
 732 02bf 01       		.byte	1
 733 02c0 66       		.byte	102
 734 02c1 C0       		.byte	-64
 735 02c2 6A       		.byte	106
 736 02c3 40       		.byte	64
 737 02c4 6B       		.byte	107
 738 02c5 02       		.byte	2
 739 02c6 82       		.byte	-126
 740 02c7 60       		.byte	96
 741 02c8 84       		.byte	-124
ARM GAS  C:\Users\alexa\AppData\Local\Temp\ccMhAvjm.s 			page 14


 742 02c9 60       		.byte	96
 743 02ca 8A       		.byte	-118
 744 02cb 60       		.byte	96
 745 02cc 8C       		.byte	-116
 746 02cd 10       		.byte	16
 747 02ce 94       		.byte	-108
 748 02cf 42       		.byte	66
 749 02d0 96       		.byte	-106
 750 02d1 09       		.byte	9
 751 02d2 98       		.byte	-104
 752 02d3 13       		.byte	19
 753 02d4 9C       		.byte	-100
 754 02d5 60       		.byte	96
 755 02d6 9E       		.byte	-98
 756 02d7 04       		.byte	4
 757 02d8 A2       		.byte	-94
 758 02d9 60       		.byte	96
 759 02da A4       		.byte	-92
 760 02db 60       		.byte	96
 761 02dc A8       		.byte	-88
 762 02dd 13       		.byte	19
 763 02de AC       		.byte	-84
 764 02df 21       		.byte	33
 765 02e0 AE       		.byte	-82
 766 02e1 0A       		.byte	10
 767 02e2 B0       		.byte	-80
 768 02e3 60       		.byte	96
 769 02e4 B2       		.byte	-78
 770 02e5 03       		.byte	3
 771 02e6 B4       		.byte	-76
 772 02e7 10       		.byte	16
 773 02e8 B6       		.byte	-74
 774 02e9 0C       		.byte	12
 775 02ea BE       		.byte	-66
 776 02eb 40       		.byte	64
 777 02ec C0       		.byte	-64
 778 02ed 63       		.byte	99
 779 02ee C1       		.byte	-63
 780 02ef 02       		.byte	2
 781 02f0 C2       		.byte	-62
 782 02f1 04       		.byte	4
 783 02f2 C4       		.byte	-60
 784 02f3 01       		.byte	1
 785 02f4 C6       		.byte	-58
 786 02f5 E0       		.byte	-32
 787 02f6 C7       		.byte	-57
 788 02f7 0C       		.byte	12
 789 02f8 C8       		.byte	-56
 790 02f9 18       		.byte	24
 791 02fa C9       		.byte	-55
 792 02fb FF       		.byte	-1
 793 02fc CA       		.byte	-54
 794 02fd FF       		.byte	-1
 795 02fe CB       		.byte	-53
 796 02ff FF       		.byte	-1
 797 0300 CC       		.byte	-52
 798 0301 62       		.byte	98
ARM GAS  C:\Users\alexa\AppData\Local\Temp\ccMhAvjm.s 			page 15


 799 0302 CD       		.byte	-51
 800 0303 A0       		.byte	-96
 801 0304 CE       		.byte	-50
 802 0305 F0       		.byte	-16
 803 0306 CF       		.byte	-49
 804 0307 41       		.byte	65
 805 0308 D0       		.byte	-48
 806 0309 0C       		.byte	12
 807 030a D8       		.byte	-40
 808 030b 04       		.byte	4
 809 030c DA       		.byte	-38
 810 030d 04       		.byte	4
 811 030e DF       		.byte	-33
 812 030f 01       		.byte	1
 813 0310 E6       		.byte	-26
 814 0311 40       		.byte	64
 815 0312 E7       		.byte	-25
 816 0313 02       		.byte	2
 817 0314 E9       		.byte	-23
 818 0315 10       		.byte	16
 819 0316 EA       		.byte	-22
 820 0317 30       		.byte	48
 821 0318 EB       		.byte	-21
 822 0319 10       		.byte	16
 823 031a ED       		.byte	-19
 824 031b 10       		.byte	16
 825 031c EE       		.byte	-18
 826 031d 10       		.byte	16
 827 031e EF       		.byte	-17
 828 031f 12       		.byte	18
 829 0320 00       		.byte	0
 830 0321 04       		.byte	4
 831 0322 03       		.byte	3
 832 0323 40       		.byte	64
 833 0324 04       		.byte	4
 834 0325 08       		.byte	8
 835 0326 05       		.byte	5
 836 0327 10       		.byte	16
 837 0328 06       		.byte	6
 838 0329 81       		.byte	-127
 839 032a 0A       		.byte	10
 840 032b 60       		.byte	96
 841 032c 0E       		.byte	14
 842 032d 1A       		.byte	26
 843 032e 0F       		.byte	15
 844 032f 10       		.byte	16
 845 0330 10       		.byte	16
 846 0331 10       		.byte	16
 847 0332 12       		.byte	18
 848 0333 A0       		.byte	-96
 849 0334 15       		.byte	21
 850 0335 50       		.byte	80
 851 0336 16       		.byte	22
 852 0337 20       		.byte	32
 853 0338 17       		.byte	23
 854 0339 01       		.byte	1
 855 033a 18       		.byte	24
ARM GAS  C:\Users\alexa\AppData\Local\Temp\ccMhAvjm.s 			page 16


 856 033b 04       		.byte	4
 857 033c 19       		.byte	25
 858 033d 20       		.byte	32
 859 033e 1D       		.byte	29
 860 033f 90       		.byte	-112
 861 0340 1E       		.byte	30
 862 0341 10       		.byte	16
 863 0342 1F       		.byte	31
 864 0343 02       		.byte	2
 865 0344 21       		.byte	33
 866 0345 01       		.byte	1
 867 0346 22       		.byte	34
 868 0347 04       		.byte	4
 869 0348 23       		.byte	35
 870 0349 04       		.byte	4
 871 034a 28       		.byte	40
 872 034b 08       		.byte	8
 873 034c 2A       		.byte	42
 874 034d E0       		.byte	-32
 875 034e 2B       		.byte	43
 876 034f 20       		.byte	32
 877 0350 30       		.byte	48
 878 0351 88       		.byte	-120
 879 0352 33       		.byte	51
 880 0353 01       		.byte	1
 881 0354 34       		.byte	52
 882 0355 20       		.byte	32
 883 0356 35       		.byte	53
 884 0357 10       		.byte	16
 885 0358 41       		.byte	65
 886 0359 40       		.byte	64
 887 035a 42       		.byte	66
 888 035b 40       		.byte	64
 889 035c 43       		.byte	67
 890 035d 40       		.byte	64
 891 035e 44       		.byte	68
 892 035f 28       		.byte	40
 893 0360 45       		.byte	69
 894 0361 81       		.byte	-127
 895 0362 49       		.byte	73
 896 0363 20       		.byte	32
 897 0364 4C       		.byte	76
 898 0365 0C       		.byte	12
 899 0366 50       		.byte	80
 900 0367 80       		.byte	-128
 901 0368 52       		.byte	82
 902 0369 20       		.byte	32
 903 036a 53       		.byte	83
 904 036b 04       		.byte	4
 905 036c 56       		.byte	86
 906 036d 10       		.byte	16
 907 036e 57       		.byte	87
 908 036f 08       		.byte	8
 909 0370 58       		.byte	88
 910 0371 10       		.byte	16
 911 0372 59       		.byte	89
 912 0373 01       		.byte	1
ARM GAS  C:\Users\alexa\AppData\Local\Temp\ccMhAvjm.s 			page 17


 913 0374 5A       		.byte	90
 914 0375 88       		.byte	-120
 915 0376 7E       		.byte	126
 916 0377 01       		.byte	1
 917 0378 7F       		.byte	127
 918 0379 02       		.byte	2
 919 037a 80       		.byte	-128
 920 037b 80       		.byte	-128
 921 037c 81       		.byte	-127
 922 037d 11       		.byte	17
 923 037e 83       		.byte	-125
 924 037f 01       		.byte	1
 925 0380 87       		.byte	-121
 926 0381 04       		.byte	4
 927 0382 8D       		.byte	-115
 928 0383 50       		.byte	80
 929 0384 8E       		.byte	-114
 930 0385 82       		.byte	-126
 931 0386 8F       		.byte	-113
 932 0387 04       		.byte	4
 933 0388 91       		.byte	-111
 934 0389 90       		.byte	-112
 935 038a 92       		.byte	-110
 936 038b E0       		.byte	-32
 937 038c 95       		.byte	-107
 938 038d 02       		.byte	2
 939 038e 96       		.byte	-106
 940 038f 02       		.byte	2
 941 0390 97       		.byte	-105
 942 0391 1A       		.byte	26
 943 0392 98       		.byte	-104
 944 0393 08       		.byte	8
 945 0394 9A       		.byte	-102
 946 0395 01       		.byte	1
 947 0396 9B       		.byte	-101
 948 0397 01       		.byte	1
 949 0398 9D       		.byte	-99
 950 0399 30       		.byte	48
 951 039a 9E       		.byte	-98
 952 039b 52       		.byte	82
 953 039c A0       		.byte	-96
 954 039d 08       		.byte	8
 955 039e A1       		.byte	-95
 956 039f 11       		.byte	17
 957 03a0 A2       		.byte	-94
 958 03a1 85       		.byte	-123
 959 03a2 A3       		.byte	-93
 960 03a3 20       		.byte	32
 961 03a4 A6       		.byte	-90
 962 03a5 20       		.byte	32
 963 03a6 A7       		.byte	-89
 964 03a7 0C       		.byte	12
 965 03a8 B0       		.byte	-80
 966 03a9 08       		.byte	8
 967 03aa B2       		.byte	-78
 968 03ab 84       		.byte	-124
 969 03ac C0       		.byte	-64
ARM GAS  C:\Users\alexa\AppData\Local\Temp\ccMhAvjm.s 			page 18


 970 03ad FC       		.byte	-4
 971 03ae C2       		.byte	-62
 972 03af EC       		.byte	-20
 973 03b0 C4       		.byte	-60
 974 03b1 FC       		.byte	-4
 975 03b2 CA       		.byte	-54
 976 03b3 0E       		.byte	14
 977 03b4 CC       		.byte	-52
 978 03b5 0B       		.byte	11
 979 03b6 D0       		.byte	-48
 980 03b7 F9       		.byte	-7
 981 03b8 D2       		.byte	-46
 982 03b9 24       		.byte	36
 983 03ba D6       		.byte	-42
 984 03bb 0F       		.byte	15
 985 03bc E0       		.byte	-32
 986 03bd 0A       		.byte	10
 987 03be E4       		.byte	-28
 988 03bf 01       		.byte	1
 989 03c0 EA       		.byte	-22
 990 03c1 05       		.byte	5
 991 03c2 32       		.byte	50
 992 03c3 20       		.byte	32
 993 03c4 CC       		.byte	-52
 994 03c5 10       		.byte	16
 995 03c6 A6       		.byte	-90
 996 03c7 20       		.byte	32
 997 03c8 3E       		.byte	62
 998 03c9 10       		.byte	16
 999 03ca A6       		.byte	-90
 1000 03cb 20       		.byte	32
 1001 03cc CE       		.byte	-50
 1002 03cd 20       		.byte	32
 1003 03ce 86       		.byte	-122
 1004 03cf 20       		.byte	32
 1005 03d0 96       		.byte	-106
 1006 03d1 10       		.byte	16
 1007 03d2 A6       		.byte	-90
 1008 03d3 20       		.byte	32
 1009 03d4 E6       		.byte	-26
 1010 03d5 40       		.byte	64
 1011 03d6 8A       		.byte	-118
 1012 03d7 02       		.byte	2
 1013 03d8 96       		.byte	-106
 1014 03d9 10       		.byte	16
 1015 03da 12       		.byte	18
 1016 03db 20       		.byte	32
 1017 03dc 16       		.byte	22
 1018 03dd 40       		.byte	64
 1019 03de 7B       		.byte	123
 1020 03df 02       		.byte	2
 1021 03e0 7E       		.byte	126
 1022 03e1 02       		.byte	2
 1023 03e2 82       		.byte	-126
 1024 03e3 20       		.byte	32
 1025 03e4 86       		.byte	-122
 1026 03e5 40       		.byte	64
ARM GAS  C:\Users\alexa\AppData\Local\Temp\ccMhAvjm.s 			page 19


 1027 03e6 A2       		.byte	-94
 1028 03e7 02       		.byte	2
 1029 03e8 A3       		.byte	-93
 1030 03e9 02       		.byte	2
 1031 03ea AA       		.byte	-86
 1032 03eb 10       		.byte	16
 1033 03ec AB       		.byte	-85
 1034 03ed 02       		.byte	2
 1035 03ee C4       		.byte	-60
 1036 03ef 30       		.byte	48
 1037 03f0 DC       		.byte	-36
 1038 03f1 80       		.byte	-128
 1039 03f2 DE       		.byte	-34
 1040 03f3 20       		.byte	32
 1041 03f4 E0       		.byte	-32
 1042 03f5 10       		.byte	16
 1043 03f6 E4       		.byte	-28
 1044 03f7 80       		.byte	-128
 1045 03f8 EA       		.byte	-22
 1046 03f9 A0       		.byte	-96
 1047 03fa 13       		.byte	19
 1048 03fb 28       		.byte	40
 1049 03fc 17       		.byte	23
 1050 03fd 01       		.byte	1
 1051 03fe 7B       		.byte	123
 1052 03ff 10       		.byte	16
 1053 0400 7F       		.byte	127
 1054 0401 40       		.byte	64
 1055 0402 8B       		.byte	-117
 1056 0403 01       		.byte	1
 1057 0404 C4       		.byte	-60
 1058 0405 0E       		.byte	14
 1059 0406 DE       		.byte	-34
 1060 0407 03       		.byte	3
 1061 0408 E6       		.byte	-26
 1062 0409 04       		.byte	4
 1063 040a 12       		.byte	18
 1064 040b 80       		.byte	-128
 1065 040c 71       		.byte	113
 1066 040d 02       		.byte	2
 1067 040e 83       		.byte	-125
 1068 040f 10       		.byte	16
 1069 0410 85       		.byte	-123
 1070 0411 02       		.byte	2
 1071 0412 87       		.byte	-121
 1072 0413 40       		.byte	64
 1073 0414 8E       		.byte	-114
 1074 0415 80       		.byte	-128
 1075 0416 97       		.byte	-105
 1076 0417 80       		.byte	-128
 1077 0418 A7       		.byte	-89
 1078 0419 10       		.byte	16
 1079 041a AB       		.byte	-85
 1080 041b 28       		.byte	40
 1081 041c C4       		.byte	-60
 1082 041d 08       		.byte	8
 1083 041e DC       		.byte	-36
ARM GAS  C:\Users\alexa\AppData\Local\Temp\ccMhAvjm.s 			page 20


 1084 041f 01       		.byte	1
 1085 0420 E2       		.byte	-30
 1086 0421 02       		.byte	2
 1087 0422 00       		.byte	0
 1088 0423 01       		.byte	1
 1089 0424 0C       		.byte	12
 1090 0425 01       		.byte	1
 1091 0426 10       		.byte	16
 1092 0427 01       		.byte	1
 1093 0428 1C       		.byte	28
 1094 0429 01       		.byte	1
 1095 042a 00       		.byte	0
 1096 042b 03       		.byte	3
 1097 042c 03       		.byte	3
 1098 042d C0       		.byte	-64
 1099 042e 00       		.byte	0
 1100 042f 00       		.byte	0
 1101 0430 02       		.byte	2
 1102 0431 80       		.byte	-128
 1103 0432 00       		.byte	0
 1104 0433 00       		.byte	0
 1105 0434 43       		.byte	67
 1106 0435 00       		.byte	0
 1107 0436 00       		.byte	0
 1108 0437 00       		.byte	0
 1109 0438 83       		.byte	-125
 1110 0439 00       		.byte	0
 1111 043a 40       		.byte	64
 1112 043b 80       		.byte	-128
 1113 043c 83       		.byte	-125
 1114 043d 00       		.byte	0
 1115 043e 83       		.byte	-125
 1116 043f 00       		.byte	0
 1117 0440 00       		.byte	0
 1118 0441 00       		.byte	0
 1119 0442 00       		.byte	0
 1120 0443 00       		.byte	0
 1121 0444 00       		.byte	0
 1122 0445 0B       		.byte	11
 1123 0446 0B       		.byte	11
 1124 0447 00       		.byte	0
 1125 0448 00       		.byte	0
 1126 0449 00       		.byte	0
 1127 044a 00       		.byte	0
 1128 044b 00       		.byte	0
 1129 044c 00       		.byte	0
 1130 044d 78       		.byte	120
 1131 044e 78       		.byte	120
 1132 044f 00       		.byte	0
 1133 0450 00       		.byte	0
 1134 0451 00       		.byte	0
 1135 0452 00       		.byte	0
 1136 0453 00       		.byte	0
 1137              		.section	.cywolatch,"a",%progbits
 1138              		.align	2
 1139              		.type	cy_meta_wonvl, %object
 1140              		.size	cy_meta_wonvl, 4
ARM GAS  C:\Users\alexa\AppData\Local\Temp\ccMhAvjm.s 			page 21


 1141              	cy_meta_wonvl:
 1142 0000 BC       		.byte	-68
 1143 0001 90       		.byte	-112
 1144 0002 AC       		.byte	-84
 1145 0003 AF       		.byte	-81
 1146              		.section	.cycustnvl,"a",%progbits
 1147              		.align	2
 1148              		.type	cy_meta_custnvl, %object
 1149              		.size	cy_meta_custnvl, 4
 1150              	cy_meta_custnvl:
 1151 0000 00       		.byte	0
 1152 0001 00       		.byte	0
 1153 0002 40       		.byte	64
 1154 0003 05       		.byte	5
 1155              		.section	.cymeta,"a",%progbits
 1156              		.align	2
 1157              		.type	cy_metadata, %object
 1158              		.size	cy_metadata, 12
 1159              	cy_metadata:
 1160 0000 00       		.byte	0
 1161 0001 01       		.byte	1
 1162 0002 2E       		.byte	46
 1163 0003 16       		.byte	22
 1164 0004 10       		.byte	16
 1165 0005 69       		.byte	105
 1166 0006 00       		.byte	0
 1167 0007 01       		.byte	1
 1168 0008 00       		.byte	0
 1169 0009 00       		.byte	0
 1170 000a 00       		.byte	0
 1171 000b 00       		.byte	0
 1172              		.section	.cyflashprotect,"a",%progbits
 1173              		.align	2
 1174              		.type	cy_meta_flashprotect, %object
 1175              		.size	cy_meta_flashprotect, 256
 1176              	cy_meta_flashprotect:
 1177 0000 00000000 		.space	256
 1177      00000000 
 1177      00000000 
 1177      00000000 
 1177      00000000 
 1178              		.text
 1179              	.Letext0:
 1180              		.file 1 "c:\\program files (x86)\\cypress\\psoc creator\\4.4\\psoc creator\\import\\gnu\\arm\\5.4.
 1181              		.file 2 "c:\\program files (x86)\\cypress\\psoc creator\\4.4\\psoc creator\\import\\gnu\\arm\\5.4.
 1182              		.file 3 "Generated_Source\\PSoC5\\cymetadata.c"
 1183              		.section	.debug_info,"",%progbits
 1184              	.Ldebug_info0:
 1185 0000 32010000 		.4byte	0x132
 1186 0004 0400     		.2byte	0x4
 1187 0006 00000000 		.4byte	.Ldebug_abbrev0
 1188 000a 04       		.byte	0x4
 1189 000b 01       		.uleb128 0x1
 1190 000c 5E000000 		.4byte	.LASF17
 1191 0010 0C       		.byte	0xc
 1192 0011 B8010000 		.4byte	.LASF18
 1193 0015 0A000000 		.4byte	.LASF19
ARM GAS  C:\Users\alexa\AppData\Local\Temp\ccMhAvjm.s 			page 22


 1194 0019 00000000 		.4byte	.Ldebug_line0
 1195 001d 02       		.uleb128 0x2
 1196 001e 01       		.byte	0x1
 1197 001f 06       		.byte	0x6
 1198 0020 AC010000 		.4byte	.LASF0
 1199 0024 03       		.uleb128 0x3
 1200 0025 00000000 		.4byte	.LASF9
 1201 0029 01       		.byte	0x1
 1202 002a 1D       		.byte	0x1d
 1203 002b 2F000000 		.4byte	0x2f
 1204 002f 02       		.uleb128 0x2
 1205 0030 01       		.byte	0x1
 1206 0031 08       		.byte	0x8
 1207 0032 50000000 		.4byte	.LASF1
 1208 0036 02       		.uleb128 0x2
 1209 0037 02       		.byte	0x2
 1210 0038 05       		.byte	0x5
 1211 0039 99010000 		.4byte	.LASF2
 1212 003d 02       		.uleb128 0x2
 1213 003e 02       		.byte	0x2
 1214 003f 07       		.byte	0x7
 1215 0040 FE000000 		.4byte	.LASF3
 1216 0044 02       		.uleb128 0x2
 1217 0045 04       		.byte	0x4
 1218 0046 05       		.byte	0x5
 1219 0047 A3010000 		.4byte	.LASF4
 1220 004b 02       		.uleb128 0x2
 1221 004c 04       		.byte	0x4
 1222 004d 07       		.byte	0x7
 1223 004e EC000000 		.4byte	.LASF5
 1224 0052 02       		.uleb128 0x2
 1225 0053 08       		.byte	0x8
 1226 0054 05       		.byte	0x5
 1227 0055 8B010000 		.4byte	.LASF6
 1228 0059 02       		.uleb128 0x2
 1229 005a 08       		.byte	0x8
 1230 005b 07       		.byte	0x7
 1231 005c 40010000 		.4byte	.LASF7
 1232 0060 04       		.uleb128 0x4
 1233 0061 04       		.byte	0x4
 1234 0062 05       		.byte	0x5
 1235 0063 696E7400 		.ascii	"int\000"
 1236 0067 02       		.uleb128 0x2
 1237 0068 04       		.byte	0x4
 1238 0069 07       		.byte	0x7
 1239 006a 33010000 		.4byte	.LASF8
 1240 006e 03       		.uleb128 0x3
 1241 006f 57010000 		.4byte	.LASF10
 1242 0073 02       		.byte	0x2
 1243 0074 18       		.byte	0x18
 1244 0075 24000000 		.4byte	0x24
 1245 0079 05       		.uleb128 0x5
 1246 007a 91000000 		.4byte	0x91
 1247 007e 8A000000 		.4byte	0x8a
 1248 0082 06       		.uleb128 0x6
 1249 0083 8A000000 		.4byte	0x8a
 1250 0087 5304     		.2byte	0x453
ARM GAS  C:\Users\alexa\AppData\Local\Temp\ccMhAvjm.s 			page 23


 1251 0089 00       		.byte	0
 1252 008a 02       		.uleb128 0x2
 1253 008b 04       		.byte	0x4
 1254 008c 07       		.byte	0x7
 1255 008d 82010000 		.4byte	.LASF11
 1256 0091 07       		.uleb128 0x7
 1257 0092 6E000000 		.4byte	0x6e
 1258 0096 08       		.uleb128 0x8
 1259 0097 21010000 		.4byte	.LASF12
 1260 009b 03       		.byte	0x3
 1261 009c 1F       		.byte	0x1f
 1262 009d A7000000 		.4byte	0xa7
 1263 00a1 05       		.uleb128 0x5
 1264 00a2 03       		.byte	0x3
 1265 00a3 00000000 		.4byte	cy_meta_configecc
 1266 00a7 07       		.uleb128 0x7
 1267 00a8 79000000 		.4byte	0x79
 1268 00ac 05       		.uleb128 0x5
 1269 00ad 91000000 		.4byte	0x91
 1270 00b1 BC000000 		.4byte	0xbc
 1271 00b5 09       		.uleb128 0x9
 1272 00b6 8A000000 		.4byte	0x8a
 1273 00ba 03       		.byte	0x3
 1274 00bb 00       		.byte	0
 1275 00bc 08       		.uleb128 0x8
 1276 00bd 11010000 		.4byte	.LASF13
 1277 00c1 03       		.byte	0x3
 1278 00c2 B7       		.byte	0xb7
 1279 00c3 CD000000 		.4byte	0xcd
 1280 00c7 05       		.uleb128 0x5
 1281 00c8 03       		.byte	0x3
 1282 00c9 00000000 		.4byte	cy_meta_custnvl
 1283 00cd 07       		.uleb128 0x7
 1284 00ce AC000000 		.4byte	0xac
 1285 00d2 08       		.uleb128 0x8
 1286 00d3 74010000 		.4byte	.LASF14
 1287 00d7 03       		.byte	0x3
 1288 00d8 C5       		.byte	0xc5
 1289 00d9 E3000000 		.4byte	0xe3
 1290 00dd 05       		.uleb128 0x5
 1291 00de 03       		.byte	0x3
 1292 00df 00000000 		.4byte	cy_meta_wonvl
 1293 00e3 07       		.uleb128 0x7
 1294 00e4 AC000000 		.4byte	0xac
 1295 00e8 05       		.uleb128 0x5
 1296 00e9 91000000 		.4byte	0x91
 1297 00ed F8000000 		.4byte	0xf8
 1298 00f1 09       		.uleb128 0x9
 1299 00f2 8A000000 		.4byte	0x8a
 1300 00f6 FF       		.byte	0xff
 1301 00f7 00       		.byte	0
 1302 00f8 08       		.uleb128 0x8
 1303 00f9 5F010000 		.4byte	.LASF15
 1304 00fd 03       		.byte	0x3
 1305 00fe D3       		.byte	0xd3
 1306 00ff 09010000 		.4byte	0x109
 1307 0103 05       		.uleb128 0x5
ARM GAS  C:\Users\alexa\AppData\Local\Temp\ccMhAvjm.s 			page 24


 1308 0104 03       		.byte	0x3
 1309 0105 00000000 		.4byte	cy_meta_flashprotect
 1310 0109 07       		.uleb128 0x7
 1311 010a E8000000 		.4byte	0xe8
 1312 010e 05       		.uleb128 0x5
 1313 010f 91000000 		.4byte	0x91
 1314 0113 1E010000 		.4byte	0x11e
 1315 0117 09       		.uleb128 0x9
 1316 0118 8A000000 		.4byte	0x8a
 1317 011c 0B       		.byte	0xb
 1318 011d 00       		.byte	0
 1319 011e 0A       		.uleb128 0xa
 1320 011f 44000000 		.4byte	.LASF16
 1321 0123 03       		.byte	0x3
 1322 0124 0001     		.2byte	0x100
 1323 0126 30010000 		.4byte	0x130
 1324 012a 05       		.uleb128 0x5
 1325 012b 03       		.byte	0x3
 1326 012c 00000000 		.4byte	cy_metadata
 1327 0130 07       		.uleb128 0x7
 1328 0131 0E010000 		.4byte	0x10e
 1329 0135 00       		.byte	0
 1330              		.section	.debug_abbrev,"",%progbits
 1331              	.Ldebug_abbrev0:
 1332 0000 01       		.uleb128 0x1
 1333 0001 11       		.uleb128 0x11
 1334 0002 01       		.byte	0x1
 1335 0003 25       		.uleb128 0x25
 1336 0004 0E       		.uleb128 0xe
 1337 0005 13       		.uleb128 0x13
 1338 0006 0B       		.uleb128 0xb
 1339 0007 03       		.uleb128 0x3
 1340 0008 0E       		.uleb128 0xe
 1341 0009 1B       		.uleb128 0x1b
 1342 000a 0E       		.uleb128 0xe
 1343 000b 10       		.uleb128 0x10
 1344 000c 17       		.uleb128 0x17
 1345 000d 00       		.byte	0
 1346 000e 00       		.byte	0
 1347 000f 02       		.uleb128 0x2
 1348 0010 24       		.uleb128 0x24
 1349 0011 00       		.byte	0
 1350 0012 0B       		.uleb128 0xb
 1351 0013 0B       		.uleb128 0xb
 1352 0014 3E       		.uleb128 0x3e
 1353 0015 0B       		.uleb128 0xb
 1354 0016 03       		.uleb128 0x3
 1355 0017 0E       		.uleb128 0xe
 1356 0018 00       		.byte	0
 1357 0019 00       		.byte	0
 1358 001a 03       		.uleb128 0x3
 1359 001b 16       		.uleb128 0x16
 1360 001c 00       		.byte	0
 1361 001d 03       		.uleb128 0x3
 1362 001e 0E       		.uleb128 0xe
 1363 001f 3A       		.uleb128 0x3a
 1364 0020 0B       		.uleb128 0xb
ARM GAS  C:\Users\alexa\AppData\Local\Temp\ccMhAvjm.s 			page 25


 1365 0021 3B       		.uleb128 0x3b
 1366 0022 0B       		.uleb128 0xb
 1367 0023 49       		.uleb128 0x49
 1368 0024 13       		.uleb128 0x13
 1369 0025 00       		.byte	0
 1370 0026 00       		.byte	0
 1371 0027 04       		.uleb128 0x4
 1372 0028 24       		.uleb128 0x24
 1373 0029 00       		.byte	0
 1374 002a 0B       		.uleb128 0xb
 1375 002b 0B       		.uleb128 0xb
 1376 002c 3E       		.uleb128 0x3e
 1377 002d 0B       		.uleb128 0xb
 1378 002e 03       		.uleb128 0x3
 1379 002f 08       		.uleb128 0x8
 1380 0030 00       		.byte	0
 1381 0031 00       		.byte	0
 1382 0032 05       		.uleb128 0x5
 1383 0033 01       		.uleb128 0x1
 1384 0034 01       		.byte	0x1
 1385 0035 49       		.uleb128 0x49
 1386 0036 13       		.uleb128 0x13
 1387 0037 01       		.uleb128 0x1
 1388 0038 13       		.uleb128 0x13
 1389 0039 00       		.byte	0
 1390 003a 00       		.byte	0
 1391 003b 06       		.uleb128 0x6
 1392 003c 21       		.uleb128 0x21
 1393 003d 00       		.byte	0
 1394 003e 49       		.uleb128 0x49
 1395 003f 13       		.uleb128 0x13
 1396 0040 2F       		.uleb128 0x2f
 1397 0041 05       		.uleb128 0x5
 1398 0042 00       		.byte	0
 1399 0043 00       		.byte	0
 1400 0044 07       		.uleb128 0x7
 1401 0045 26       		.uleb128 0x26
 1402 0046 00       		.byte	0
 1403 0047 49       		.uleb128 0x49
 1404 0048 13       		.uleb128 0x13
 1405 0049 00       		.byte	0
 1406 004a 00       		.byte	0
 1407 004b 08       		.uleb128 0x8
 1408 004c 34       		.uleb128 0x34
 1409 004d 00       		.byte	0
 1410 004e 03       		.uleb128 0x3
 1411 004f 0E       		.uleb128 0xe
 1412 0050 3A       		.uleb128 0x3a
 1413 0051 0B       		.uleb128 0xb
 1414 0052 3B       		.uleb128 0x3b
 1415 0053 0B       		.uleb128 0xb
 1416 0054 49       		.uleb128 0x49
 1417 0055 13       		.uleb128 0x13
 1418 0056 3F       		.uleb128 0x3f
 1419 0057 19       		.uleb128 0x19
 1420 0058 02       		.uleb128 0x2
 1421 0059 18       		.uleb128 0x18
ARM GAS  C:\Users\alexa\AppData\Local\Temp\ccMhAvjm.s 			page 26


 1422 005a 00       		.byte	0
 1423 005b 00       		.byte	0
 1424 005c 09       		.uleb128 0x9
 1425 005d 21       		.uleb128 0x21
 1426 005e 00       		.byte	0
 1427 005f 49       		.uleb128 0x49
 1428 0060 13       		.uleb128 0x13
 1429 0061 2F       		.uleb128 0x2f
 1430 0062 0B       		.uleb128 0xb
 1431 0063 00       		.byte	0
 1432 0064 00       		.byte	0
 1433 0065 0A       		.uleb128 0xa
 1434 0066 34       		.uleb128 0x34
 1435 0067 00       		.byte	0
 1436 0068 03       		.uleb128 0x3
 1437 0069 0E       		.uleb128 0xe
 1438 006a 3A       		.uleb128 0x3a
 1439 006b 0B       		.uleb128 0xb
 1440 006c 3B       		.uleb128 0x3b
 1441 006d 05       		.uleb128 0x5
 1442 006e 49       		.uleb128 0x49
 1443 006f 13       		.uleb128 0x13
 1444 0070 3F       		.uleb128 0x3f
 1445 0071 19       		.uleb128 0x19
 1446 0072 02       		.uleb128 0x2
 1447 0073 18       		.uleb128 0x18
 1448 0074 00       		.byte	0
 1449 0075 00       		.byte	0
 1450 0076 00       		.byte	0
 1451              		.section	.debug_aranges,"",%progbits
 1452 0000 14000000 		.4byte	0x14
 1453 0004 0200     		.2byte	0x2
 1454 0006 00000000 		.4byte	.Ldebug_info0
 1455 000a 04       		.byte	0x4
 1456 000b 00       		.byte	0
 1457 000c 0000     		.2byte	0
 1458 000e 0000     		.2byte	0
 1459 0010 00000000 		.4byte	0
 1460 0014 00000000 		.4byte	0
 1461              		.section	.debug_line,"",%progbits
 1462              	.Ldebug_line0:
 1463 0000 3D010000 		.section	.debug_str,"MS",%progbits,1
 1463      02003701 
 1463      00000201 
 1463      FB0E0D00 
 1463      01010101 
 1464              	.LASF9:
 1465 0000 5F5F7569 		.ascii	"__uint8_t\000"
 1465      6E74385F 
 1465      7400
 1466              	.LASF19:
 1467 000a 433A5C55 		.ascii	"C:\\Users\\alexa\\Documents\\GitHub\\Projekt-3\\PSo"
 1467      73657273 
 1467      5C616C65 
 1467      78615C44 
 1467      6F63756D 
 1468 0037 435C5052 		.ascii	"C\\PRJ3.cydsn\000"
ARM GAS  C:\Users\alexa\AppData\Local\Temp\ccMhAvjm.s 			page 27


 1468      4A332E63 
 1468      7964736E 
 1468      00
 1469              	.LASF16:
 1470 0044 63795F6D 		.ascii	"cy_metadata\000"
 1470      65746164 
 1470      61746100 
 1471              	.LASF1:
 1472 0050 756E7369 		.ascii	"unsigned char\000"
 1472      676E6564 
 1472      20636861 
 1472      7200
 1473              	.LASF17:
 1474 005e 474E5520 		.ascii	"GNU C11 5.4.1 20160609 (release) [ARM/embedded-5-br"
 1474      43313120 
 1474      352E342E 
 1474      31203230 
 1474      31363036 
 1475 0091 616E6368 		.ascii	"anch revision 237715] -mcpu=cortex-m3 -mthumb -g -O"
 1475      20726576 
 1475      6973696F 
 1475      6E203233 
 1475      37373135 
 1476 00c4 67202D66 		.ascii	"g -ffunction-sections -ffat-lto-objects\000"
 1476      66756E63 
 1476      74696F6E 
 1476      2D736563 
 1476      74696F6E 
 1477              	.LASF5:
 1478 00ec 6C6F6E67 		.ascii	"long unsigned int\000"
 1478      20756E73 
 1478      69676E65 
 1478      6420696E 
 1478      7400
 1479              	.LASF3:
 1480 00fe 73686F72 		.ascii	"short unsigned int\000"
 1480      7420756E 
 1480      7369676E 
 1480      65642069 
 1480      6E7400
 1481              	.LASF13:
 1482 0111 63795F6D 		.ascii	"cy_meta_custnvl\000"
 1482      6574615F 
 1482      63757374 
 1482      6E766C00 
 1483              	.LASF12:
 1484 0121 63795F6D 		.ascii	"cy_meta_configecc\000"
 1484      6574615F 
 1484      636F6E66 
 1484      69676563 
 1484      6300
 1485              	.LASF8:
 1486 0133 756E7369 		.ascii	"unsigned int\000"
 1486      676E6564 
 1486      20696E74 
 1486      00
 1487              	.LASF7:
ARM GAS  C:\Users\alexa\AppData\Local\Temp\ccMhAvjm.s 			page 28


 1488 0140 6C6F6E67 		.ascii	"long long unsigned int\000"
 1488      206C6F6E 
 1488      6720756E 
 1488      7369676E 
 1488      65642069 
 1489              	.LASF10:
 1490 0157 75696E74 		.ascii	"uint8_t\000"
 1490      385F7400 
 1491              	.LASF15:
 1492 015f 63795F6D 		.ascii	"cy_meta_flashprotect\000"
 1492      6574615F 
 1492      666C6173 
 1492      6870726F 
 1492      74656374 
 1493              	.LASF14:
 1494 0174 63795F6D 		.ascii	"cy_meta_wonvl\000"
 1494      6574615F 
 1494      776F6E76 
 1494      6C00
 1495              	.LASF11:
 1496 0182 73697A65 		.ascii	"sizetype\000"
 1496      74797065 
 1496      00
 1497              	.LASF6:
 1498 018b 6C6F6E67 		.ascii	"long long int\000"
 1498      206C6F6E 
 1498      6720696E 
 1498      7400
 1499              	.LASF2:
 1500 0199 73686F72 		.ascii	"short int\000"
 1500      7420696E 
 1500      7400
 1501              	.LASF4:
 1502 01a3 6C6F6E67 		.ascii	"long int\000"
 1502      20696E74 
 1502      00
 1503              	.LASF0:
 1504 01ac 7369676E 		.ascii	"signed char\000"
 1504      65642063 
 1504      68617200 
 1505              	.LASF18:
 1506 01b8 47656E65 		.ascii	"Generated_Source\\PSoC5\\cymetadata.c\000"
 1506      72617465 
 1506      645F536F 
 1506      75726365 
 1506      5C50536F 
 1507              		.ident	"GCC: (GNU Tools for ARM Embedded Processors) 5.4.1 20160609 (release) [ARM/embedded-5-bran
