ARM GAS  C:\Users\alexa\AppData\Local\Temp\ccs0DobP.s 			page 1


   1              		.syntax unified
   2              		.cpu cortex-m3
   3              		.fpu softvfp
   4              		.eabi_attribute 20, 1
   5              		.eabi_attribute 21, 1
   6              		.eabi_attribute 23, 3
   7              		.eabi_attribute 24, 1
   8              		.eabi_attribute 25, 1
   9              		.eabi_attribute 26, 1
  10              		.eabi_attribute 30, 1
  11              		.eabi_attribute 34, 1
  12              		.eabi_attribute 18, 4
  13              		.thumb
  14              		.syntax unified
  15              		.file	"main.c"
  16              		.text
  17              	.Ltext0:
  18              		.cfi_sections	.debug_frame
  19              		.section	.text.main,"ax",%progbits
  20              		.align	2
  21              		.global	main
  22              		.thumb
  23              		.thumb_func
  24              		.type	main, %function
  25              	main:
  26              	.LFB64:
  27              		.file 1 "main.c"
   1:main.c        **** #include "project.h"
   2:main.c        **** 
   3:main.c        **** #include <stdio.h>
   4:main.c        **** #include <stdlib.h>
   5:main.c        **** #include <string.h>
   6:main.c        **** 
   7:main.c        **** CY_ISR_PROTO(UART_USB_RX_ISR_handler);
   8:main.c        **** CY_ISR_PROTO(UART_PI_RX_ISR_handler);
   9:main.c        **** void HandleStringReceived(char* stringReceived);
  10:main.c        **** 
  11:main.c        **** #define MAX_MSG_BUFFER_SIZE 128 // Maksimal størrelse af besked der kan printes (bytes)
  12:main.c        **** #define MAX_PARAMS 2 // Maksimalt antal af parametre til en funktion (2 er fint i vores tilfælde)
  13:main.c        **** 
  14:main.c        **** int main(void)
  15:main.c        **** {
  28              		.loc 1 15 0
  29              		.cfi_startproc
  30              		@ Volatile: function does not return.
  31              		@ args = 0, pretend = 0, frame = 0
  32              		@ frame_needed = 0, uses_anonymous_args = 0
  33 0000 08B5     		push	{r3, lr}
  34              		.cfi_def_cfa_offset 8
  35              		.cfi_offset 3, -8
  36              		.cfi_offset 14, -4
  16:main.c        ****     CyGlobalIntEnable;
  37              		.loc 1 16 0
  38              		.syntax unified
  39              	@ 16 "main.c" 1
  40 0002 62B6     		CPSIE   i
  41              	@ 0 "" 2
ARM GAS  C:\Users\alexa\AppData\Local\Temp\ccs0DobP.s 			page 2


  17:main.c        ****     UART_USB_RX_ISR_StartEx(UART_USB_RX_ISR_handler);
  42              		.loc 1 17 0
  43              		.thumb
  44              		.syntax unified
  45 0004 0548     		ldr	r0, .L4
  46 0006 FFF7FEFF 		bl	UART_USB_RX_ISR_StartEx
  47              	.LVL0:
  18:main.c        ****     UART_PI_RX_ISR_StartEx(UART_PI_RX_ISR_handler);
  48              		.loc 1 18 0
  49 000a 0548     		ldr	r0, .L4+4
  50 000c FFF7FEFF 		bl	UART_PI_RX_ISR_StartEx
  51              	.LVL1:
  19:main.c        ****     UART_USB_Start();
  52              		.loc 1 19 0
  53 0010 FFF7FEFF 		bl	UART_USB_Start
  54              	.LVL2:
  20:main.c        ****     UART_PI_Start();
  55              		.loc 1 20 0
  56 0014 FFF7FEFF 		bl	UART_PI_Start
  57              	.LVL3:
  58              	.L2:
  59 0018 FEE7     		b	.L2
  60              	.L5:
  61 001a 00BF     		.align	2
  62              	.L4:
  63 001c 00000000 		.word	UART_USB_RX_ISR_handler
  64 0020 00000000 		.word	UART_PI_RX_ISR_handler
  65              		.cfi_endproc
  66              	.LFE64:
  67              		.size	main, .-main
  68              		.section	.text.HandleStringReceived,"ax",%progbits
  69              		.align	2
  70              		.global	HandleStringReceived
  71              		.thumb
  72              		.thumb_func
  73              		.type	HandleStringReceived, %function
  74              	HandleStringReceived:
  75              	.LFB67:
  21:main.c        **** 
  22:main.c        ****     for(;;)
  23:main.c        ****     {
  24:main.c        ****         
  25:main.c        ****     }
  26:main.c        **** }
  27:main.c        **** 
  28:main.c        **** /* UART Interrupt, sker ved modtagelse af seriel data fra USB */
  29:main.c        **** CY_ISR(UART_USB_RX_ISR_handler)
  30:main.c        **** {
  31:main.c        ****     static char UART_USB_rx_buf[MAX_MSG_BUFFER_SIZE] = {0};
  32:main.c        ****     static uint8_t buf_index = 0;
  33:main.c        **** 
  34:main.c        ****     while (UART_USB_GetRxBufferSize() > 0) {
  35:main.c        ****         uint8_t byteReceived = UART_USB_ReadRxData();
  36:main.c        ****         
  37:main.c        ****         // Ignorér ekstra 'linebreaks' som kan føre til ekstra kald
  38:main.c        ****         if (byteReceived == '\n' && buf_index == 0) continue;
  39:main.c        **** 
ARM GAS  C:\Users\alexa\AppData\Local\Temp\ccs0DobP.s 			page 3


  40:main.c        ****         // Gem karakter i buffer, hvis den ikke er fyldt
  41:main.c        ****         if (buf_index < MAX_MSG_BUFFER_SIZE - 1) {
  42:main.c        ****             UART_USB_rx_buf[buf_index++] = byteReceived;
  43:main.c        ****         }
  44:main.c        **** 
  45:main.c        ****         // Check for slutning af besked
  46:main.c        ****         if (byteReceived == '\n' || byteReceived == '\r') {
  47:main.c        ****             UART_USB_rx_buf[buf_index] = '\0'; // Null-terminering
  48:main.c        ****             HandleStringReceived(UART_USB_rx_buf);
  49:main.c        ****             buf_index = 0;
  50:main.c        ****             break;
  51:main.c        ****         }
  52:main.c        ****     }
  53:main.c        **** }
  54:main.c        **** 
  55:main.c        **** /* UART Interrupt, sker ved modtagelse af seriel data fra Raspberry Pi */
  56:main.c        **** CY_ISR(UART_PI_RX_ISR_handler)
  57:main.c        **** {
  58:main.c        ****     static char UART_PI_rx_buf[MAX_MSG_BUFFER_SIZE] = {0};
  59:main.c        ****     static uint8_t buf_index = 0;
  60:main.c        **** 
  61:main.c        ****     while (UART_PI_GetRxBufferSize() > 0) {
  62:main.c        ****         uint8_t byteReceived = UART_PI_ReadRxData();
  63:main.c        ****         
  64:main.c        ****         // Ignorér ekstra 'linebreaks' som kan føre til ekstra kald
  65:main.c        ****         if (byteReceived == '\n' && buf_index == 0) continue;
  66:main.c        **** 
  67:main.c        ****         // Gem karakter i buffer, hvis den ikke er fyldt
  68:main.c        ****         if (buf_index < MAX_MSG_BUFFER_SIZE - 1) {
  69:main.c        ****             UART_PI_rx_buf[buf_index++] = byteReceived;
  70:main.c        ****         }
  71:main.c        **** 
  72:main.c        ****         // Check for slutning af besked
  73:main.c        ****         if (byteReceived == '\n' || byteReceived == '\r') {
  74:main.c        ****             UART_PI_rx_buf[buf_index] = '\0'; // Null-terminering
  75:main.c        ****             HandleStringReceived(UART_PI_rx_buf);
  76:main.c        ****             buf_index = 0;
  77:main.c        ****             break;
  78:main.c        ****         }
  79:main.c        ****     }
  80:main.c        **** }
  81:main.c        **** 
  82:main.c        **** /* Håndtering af data fra UART */
  83:main.c        **** void HandleStringReceived(char* receivedString)
  84:main.c        **** {
  76              		.loc 1 84 0
  77              		.cfi_startproc
  78              		@ args = 0, pretend = 0, frame = 128
  79              		@ frame_needed = 0, uses_anonymous_args = 0
  80              	.LVL4:
  81 0000 30B5     		push	{r4, r5, lr}
  82              		.cfi_def_cfa_offset 12
  83              		.cfi_offset 4, -12
  84              		.cfi_offset 5, -8
  85              		.cfi_offset 14, -4
  86 0002 A1B0     		sub	sp, sp, #132
  87              		.cfi_def_cfa_offset 144
ARM GAS  C:\Users\alexa\AppData\Local\Temp\ccs0DobP.s 			page 4


  88              	.LVL5:
  85:main.c        ****     char msg[MAX_MSG_BUFFER_SIZE];
  86:main.c        ****     
  87:main.c        ****     int i = 0;
  88:main.c        ****     char* token = strtok(receivedString, "\r\n ");
  89              		.loc 1 88 0
  90 0004 194D     		ldr	r5, .L14
  91 0006 2946     		mov	r1, r5
  92 0008 FFF7FEFF 		bl	strtok
  93              	.LVL6:
  94 000c 0446     		mov	r4, r0
  95              	.LVL7:
  89:main.c        ****     char* params[MAX_PARAMS]; // Er pt. ubrugt: Årsag til warning
  90:main.c        ****     
  91:main.c        ****     char* command = token;
  92:main.c        ****     token = strtok(NULL, "\r\n ");
  96              		.loc 1 92 0
  97 000e 2946     		mov	r1, r5
  98 0010 0020     		movs	r0, #0
  99              	.LVL8:
 100 0012 FFF7FEFF 		bl	strtok
 101              	.LVL9:
  93:main.c        ****     while (token != NULL)
 102              		.loc 1 93 0
 103 0016 03E0     		b	.L7
 104              	.LVL10:
 105              	.L8:
  94:main.c        ****     {
  95:main.c        ****         params[i++] = token;
  96:main.c        ****         token = strtok(NULL, "\r\n ");
 106              		.loc 1 96 0
 107 0018 1449     		ldr	r1, .L14
 108 001a 0020     		movs	r0, #0
 109              	.LVL11:
 110 001c FFF7FEFF 		bl	strtok
 111              	.LVL12:
 112              	.L7:
  93:main.c        ****     while (token != NULL)
 113              		.loc 1 93 0
 114 0020 0028     		cmp	r0, #0
 115 0022 F9D1     		bne	.L8
  97:main.c        ****     }
  98:main.c        ****     
  99:main.c        ****     snprintf(msg, MAX_MSG_BUFFER_SIZE, "Received command: %s\r\n", command);
 116              		.loc 1 99 0
 117 0024 2346     		mov	r3, r4
 118 0026 124A     		ldr	r2, .L14+4
 119 0028 8021     		movs	r1, #128
 120 002a 6846     		mov	r0, sp
 121              	.LVL13:
 122 002c FFF7FEFF 		bl	snprintf
 123              	.LVL14:
 100:main.c        ****     
 101:main.c        ****     if (command == NULL) return;
 124              		.loc 1 101 0
 125 0030 CCB1     		cbz	r4, .L6
 102:main.c        **** 
ARM GAS  C:\Users\alexa\AppData\Local\Temp\ccs0DobP.s 			page 5


 103:main.c        ****     if (strcmp(command, "test1") == 0) {
 126              		.loc 1 103 0
 127 0032 1049     		ldr	r1, .L14+8
 128 0034 2046     		mov	r0, r4
 129 0036 FFF7FEFF 		bl	strcmp
 130              	.LVL15:
 131 003a 30B9     		cbnz	r0, .L10
 104:main.c        ****         UART_USB_PutString("Running function test1\r\n");
 132              		.loc 1 104 0
 133 003c 0E48     		ldr	r0, .L14+12
 134 003e FFF7FEFF 		bl	UART_USB_PutString
 135              	.LVL16:
 105:main.c        ****         LED_BUILTIN_Write(1);
 136              		.loc 1 105 0
 137 0042 0120     		movs	r0, #1
 138 0044 FFF7FEFF 		bl	LED_BUILTIN_Write
 139              	.LVL17:
 140 0048 0AE0     		b	.L11
 141              	.L10:
 106:main.c        ****     }
 107:main.c        ****     else if (strcmp(command, "test2") == 0) {
 142              		.loc 1 107 0
 143 004a 0C49     		ldr	r1, .L14+16
 144 004c 2046     		mov	r0, r4
 145 004e FFF7FEFF 		bl	strcmp
 146              	.LVL18:
 147 0052 28B9     		cbnz	r0, .L11
 108:main.c        ****         UART_USB_PutString("Running function test2\r\n");
 148              		.loc 1 108 0
 149 0054 0A48     		ldr	r0, .L14+20
 150 0056 FFF7FEFF 		bl	UART_USB_PutString
 151              	.LVL19:
 109:main.c        ****         LED_BUILTIN_Write(0);
 152              		.loc 1 109 0
 153 005a 0020     		movs	r0, #0
 154 005c FFF7FEFF 		bl	LED_BUILTIN_Write
 155              	.LVL20:
 156              	.L11:
 110:main.c        ****     }
 111:main.c        ****     
 112:main.c        ****     UART_USB_PutString(msg);
 157              		.loc 1 112 0
 158 0060 6846     		mov	r0, sp
 159 0062 FFF7FEFF 		bl	UART_USB_PutString
 160              	.LVL21:
 161              	.L6:
 113:main.c        **** }...
 162              		.loc 1 113 0
 163 0066 21B0     		add	sp, sp, #132
 164              		.cfi_def_cfa_offset 12
 165              		@ sp needed
 166 0068 30BD     		pop	{r4, r5, pc}
 167              	.LVL22:
 168              	.L15:
 169 006a 00BF     		.align	2
 170              	.L14:
 171 006c 00000000 		.word	.LC0
ARM GAS  C:\Users\alexa\AppData\Local\Temp\ccs0DobP.s 			page 6


 172 0070 04000000 		.word	.LC1
 173 0074 1C000000 		.word	.LC2
 174 0078 24000000 		.word	.LC3
 175 007c 40000000 		.word	.LC4
 176 0080 48000000 		.word	.LC5
 177              		.cfi_endproc
 178              	.LFE67:
 179              		.size	HandleStringReceived, .-HandleStringReceived
 180              		.section	.text.UART_USB_RX_ISR_handler,"ax",%progbits
 181              		.align	2
 182              		.global	UART_USB_RX_ISR_handler
 183              		.thumb
 184              		.thumb_func
 185              		.type	UART_USB_RX_ISR_handler, %function
 186              	UART_USB_RX_ISR_handler:
 187              	.LFB65:
  30:main.c        **** {
 188              		.loc 1 30 0
 189              		.cfi_startproc
 190              		@ args = 0, pretend = 0, frame = 0
 191              		@ frame_needed = 0, uses_anonymous_args = 0
 192 0000 38B5     		push	{r3, r4, r5, lr}
 193              		.cfi_def_cfa_offset 16
 194              		.cfi_offset 3, -16
 195              		.cfi_offset 4, -12
 196              		.cfi_offset 5, -8
 197              		.cfi_offset 14, -4
  34:main.c        ****     while (UART_USB_GetRxBufferSize() > 0) {
 198              		.loc 1 34 0
 199 0002 1DE0     		b	.L17
 200              	.L23:
 201              	.LBB2:
  35:main.c        ****         uint8_t byteReceived = UART_USB_ReadRxData();
 202              		.loc 1 35 0
 203 0004 FFF7FEFF 		bl	UART_USB_ReadRxData
 204              	.LVL23:
  38:main.c        ****         if (byteReceived == '\n' && buf_index == 0) continue;
 205              		.loc 1 38 0
 206 0008 0A28     		cmp	r0, #10
 207 000a 02D1     		bne	.L18
  38:main.c        ****         if (byteReceived == '\n' && buf_index == 0) continue;
 208              		.loc 1 38 0 is_stmt 0 discriminator 1
 209 000c 0F4B     		ldr	r3, .L25
 210 000e 1B78     		ldrb	r3, [r3]	@ zero_extendqisi2
 211 0010 B3B1     		cbz	r3, .L17
 212              	.L18:
  41:main.c        ****         if (buf_index < MAX_MSG_BUFFER_SIZE - 1) {
 213              		.loc 1 41 0 is_stmt 1
 214 0012 0E4B     		ldr	r3, .L25
 215 0014 1B78     		ldrb	r3, [r3]	@ zero_extendqisi2
 216 0016 7E2B     		cmp	r3, #126
 217 0018 04D8     		bhi	.L20
  42:main.c        ****             UART_USB_rx_buf[buf_index++] = byteReceived;
 218              		.loc 1 42 0
 219 001a 0C4A     		ldr	r2, .L25
 220 001c 591C     		adds	r1, r3, #1
 221 001e 1170     		strb	r1, [r2]
ARM GAS  C:\Users\alexa\AppData\Local\Temp\ccs0DobP.s 			page 7


 222 0020 1344     		add	r3, r3, r2
 223 0022 1871     		strb	r0, [r3, #4]
 224              	.L20:
  46:main.c        ****         if (byteReceived == '\n' || byteReceived == '\r') {
 225              		.loc 1 46 0
 226 0024 0A28     		cmp	r0, #10
 227 0026 01D0     		beq	.L21
  46:main.c        ****         if (byteReceived == '\n' || byteReceived == '\r') {
 228              		.loc 1 46 0 is_stmt 0 discriminator 1
 229 0028 0D28     		cmp	r0, #13
 230 002a 09D1     		bne	.L17
 231              	.L21:
  47:main.c        ****             UART_USB_rx_buf[buf_index] = '\0'; // Null-terminering
 232              		.loc 1 47 0 is_stmt 1
 233 002c 074C     		ldr	r4, .L25
 234 002e 2378     		ldrb	r3, [r4]	@ zero_extendqisi2
 235 0030 2344     		add	r3, r3, r4
 236 0032 0025     		movs	r5, #0
 237 0034 1D71     		strb	r5, [r3, #4]
  48:main.c        ****             HandleStringReceived(UART_USB_rx_buf);
 238              		.loc 1 48 0
 239 0036 201D     		adds	r0, r4, #4
 240              	.LVL24:
 241 0038 FFF7FEFF 		bl	HandleStringReceived
 242              	.LVL25:
  49:main.c        ****             buf_index = 0;
 243              		.loc 1 49 0
 244 003c 2570     		strb	r5, [r4]
  50:main.c        ****             break;
 245              		.loc 1 50 0
 246 003e 38BD     		pop	{r3, r4, r5, pc}
 247              	.L17:
 248              	.LBE2:
  34:main.c        ****     while (UART_USB_GetRxBufferSize() > 0) {
 249              		.loc 1 34 0
 250 0040 FFF7FEFF 		bl	UART_USB_GetRxBufferSize
 251              	.LVL26:
 252 0044 0028     		cmp	r0, #0
 253 0046 DDD1     		bne	.L23
 254 0048 38BD     		pop	{r3, r4, r5, pc}
 255              	.L26:
 256 004a 00BF     		.align	2
 257              	.L25:
 258 004c 00000000 		.word	.LANCHOR0
 259              		.cfi_endproc
 260              	.LFE65:
 261              		.size	UART_USB_RX_ISR_handler, .-UART_USB_RX_ISR_handler
 262              		.section	.text.UART_PI_RX_ISR_handler,"ax",%progbits
 263              		.align	2
 264              		.global	UART_PI_RX_ISR_handler
 265              		.thumb
 266              		.thumb_func
 267              		.type	UART_PI_RX_ISR_handler, %function
 268              	UART_PI_RX_ISR_handler:
 269              	.LFB66:
  57:main.c        **** {
 270              		.loc 1 57 0
ARM GAS  C:\Users\alexa\AppData\Local\Temp\ccs0DobP.s 			page 8


 271              		.cfi_startproc
 272              		@ args = 0, pretend = 0, frame = 0
 273              		@ frame_needed = 0, uses_anonymous_args = 0
 274 0000 38B5     		push	{r3, r4, r5, lr}
 275              		.cfi_def_cfa_offset 16
 276              		.cfi_offset 3, -16
 277              		.cfi_offset 4, -12
 278              		.cfi_offset 5, -8
 279              		.cfi_offset 14, -4
  61:main.c        ****     while (UART_PI_GetRxBufferSize() > 0) {
 280              		.loc 1 61 0
 281 0002 25E0     		b	.L28
 282              	.L34:
 283              	.LBB3:
  62:main.c        ****         uint8_t byteReceived = UART_PI_ReadRxData();
 284              		.loc 1 62 0
 285 0004 FFF7FEFF 		bl	UART_PI_ReadRxData
 286              	.LVL27:
  65:main.c        ****         if (byteReceived == '\n' && buf_index == 0) continue;
 287              		.loc 1 65 0
 288 0008 0A28     		cmp	r0, #10
 289 000a 03D1     		bne	.L29
  65:main.c        ****         if (byteReceived == '\n' && buf_index == 0) continue;
 290              		.loc 1 65 0 is_stmt 0 discriminator 1
 291 000c 134B     		ldr	r3, .L36
 292 000e 93F88430 		ldrb	r3, [r3, #132]	@ zero_extendqisi2
 293 0012 EBB1     		cbz	r3, .L28
 294              	.L29:
  68:main.c        ****         if (buf_index < MAX_MSG_BUFFER_SIZE - 1) {
 295              		.loc 1 68 0 is_stmt 1
 296 0014 114B     		ldr	r3, .L36
 297 0016 93F88430 		ldrb	r3, [r3, #132]	@ zero_extendqisi2
 298 001a 7E2B     		cmp	r3, #126
 299 001c 06D8     		bhi	.L31
  69:main.c        ****             UART_PI_rx_buf[buf_index++] = byteReceived;
 300              		.loc 1 69 0
 301 001e 0F4A     		ldr	r2, .L36
 302 0020 591C     		adds	r1, r3, #1
 303 0022 82F88410 		strb	r1, [r2, #132]
 304 0026 1344     		add	r3, r3, r2
 305 0028 83F88800 		strb	r0, [r3, #136]
 306              	.L31:
  73:main.c        ****         if (byteReceived == '\n' || byteReceived == '\r') {
 307              		.loc 1 73 0
 308 002c 0A28     		cmp	r0, #10
 309 002e 01D0     		beq	.L32
  73:main.c        ****         if (byteReceived == '\n' || byteReceived == '\r') {
 310              		.loc 1 73 0 is_stmt 0 discriminator 1
 311 0030 0D28     		cmp	r0, #13
 312 0032 0DD1     		bne	.L28
 313              	.L32:
  74:main.c        ****             UART_PI_rx_buf[buf_index] = '\0'; // Null-terminering
 314              		.loc 1 74 0 is_stmt 1
 315 0034 094C     		ldr	r4, .L36
 316 0036 94F88430 		ldrb	r3, [r4, #132]	@ zero_extendqisi2
 317 003a 2344     		add	r3, r3, r4
 318 003c 0025     		movs	r5, #0
ARM GAS  C:\Users\alexa\AppData\Local\Temp\ccs0DobP.s 			page 9


 319 003e 83F88850 		strb	r5, [r3, #136]
  75:main.c        ****             HandleStringReceived(UART_PI_rx_buf);
 320              		.loc 1 75 0
 321 0042 04F18800 		add	r0, r4, #136
 322              	.LVL28:
 323 0046 FFF7FEFF 		bl	HandleStringReceived
 324              	.LVL29:
  76:main.c        ****             buf_index = 0;
 325              		.loc 1 76 0
 326 004a 84F88450 		strb	r5, [r4, #132]
  77:main.c        ****             break;
 327              		.loc 1 77 0
 328 004e 38BD     		pop	{r3, r4, r5, pc}
 329              	.L28:
 330              	.LBE3:
  61:main.c        ****     while (UART_PI_GetRxBufferSize() > 0) {
 331              		.loc 1 61 0
 332 0050 FFF7FEFF 		bl	UART_PI_GetRxBufferSize
 333              	.LVL30:
 334 0054 0028     		cmp	r0, #0
 335 0056 D5D1     		bne	.L34
 336 0058 38BD     		pop	{r3, r4, r5, pc}
 337              	.L37:
 338 005a 00BF     		.align	2
 339              	.L36:
 340 005c 00000000 		.word	.LANCHOR0
 341              		.cfi_endproc
 342              	.LFE66:
 343              		.size	UART_PI_RX_ISR_handler, .-UART_PI_RX_ISR_handler
 344              		.section	.rodata.str1.4,"aMS",%progbits,1
 345              		.align	2
 346              	.LC0:
 347 0000 0D0A2000 		.ascii	"\015\012 \000"
 348              	.LC1:
 349 0004 52656365 		.ascii	"Received command: %s\015\012\000"
 349      69766564 
 349      20636F6D 
 349      6D616E64 
 349      3A202573 
 350 001b 00       		.space	1
 351              	.LC2:
 352 001c 74657374 		.ascii	"test1\000"
 352      3100
 353 0022 0000     		.space	2
 354              	.LC3:
 355 0024 52756E6E 		.ascii	"Running function test1\015\012\000"
 355      696E6720 
 355      66756E63 
 355      74696F6E 
 355      20746573 
 356 003d 000000   		.space	3
 357              	.LC4:
 358 0040 74657374 		.ascii	"test2\000"
 358      3200
 359 0046 0000     		.space	2
 360              	.LC5:
 361 0048 52756E6E 		.ascii	"Running function test2\015\012\000"
ARM GAS  C:\Users\alexa\AppData\Local\Temp\ccs0DobP.s 			page 10


 361      696E6720 
 361      66756E63 
 361      74696F6E 
 361      20746573 
 362              		.bss
 363              		.align	2
 364              		.set	.LANCHOR0,. + 0
 365              		.type	buf_index.7105, %object
 366              		.size	buf_index.7105, 1
 367              	buf_index.7105:
 368 0000 00       		.space	1
 369 0001 000000   		.space	3
 370              		.type	UART_USB_rx_buf.7104, %object
 371              		.size	UART_USB_rx_buf.7104, 128
 372              	UART_USB_rx_buf.7104:
 373 0004 00000000 		.space	128
 373      00000000 
 373      00000000 
 373      00000000 
 373      00000000 
 374              		.type	buf_index.7114, %object
 375              		.size	buf_index.7114, 1
 376              	buf_index.7114:
 377 0084 00       		.space	1
 378 0085 000000   		.space	3
 379              		.type	UART_PI_rx_buf.7113, %object
 380              		.size	UART_PI_rx_buf.7113, 128
 381              	UART_PI_rx_buf.7113:
 382 0088 00000000 		.space	128
 382      00000000 
 382      00000000 
 382      00000000 
 382      00000000 
 383              		.text
 384              	.Letext0:
 385              		.file 2 "c:\\program files (x86)\\cypress\\psoc creator\\4.4\\psoc creator\\import\\gnu\\arm\\5.4.
 386              		.file 3 "c:\\program files (x86)\\cypress\\psoc creator\\4.4\\psoc creator\\import\\gnu\\arm\\5.4.
 387              		.file 4 "Generated_Source\\PSoC5/UART_USB_RX_ISR.h"
 388              		.file 5 "Generated_Source\\PSoC5/UART_PI_RX_ISR.h"
 389              		.file 6 "Generated_Source\\PSoC5/UART_USB.h"
 390              		.file 7 "Generated_Source\\PSoC5/UART_PI.h"
 391              		.file 8 "c:\\program files (x86)\\cypress\\psoc creator\\4.4\\psoc creator\\import\\gnu\\arm\\5.4.
 392              		.file 9 "c:\\program files (x86)\\cypress\\psoc creator\\4.4\\psoc creator\\import\\gnu\\arm\\5.4.
 393              		.file 10 "Generated_Source\\PSoC5/LED_BUILTIN.h"
 394              		.file 11 "Generated_Source\\PSoC5/core_cm3.h"
 395              		.section	.debug_info,"",%progbits
 396              	.Ldebug_info0:
 397 0000 44040000 		.4byte	0x444
 398 0004 0400     		.2byte	0x4
 399 0006 00000000 		.4byte	.Ldebug_abbrev0
 400 000a 04       		.byte	0x4
 401 000b 01       		.uleb128 0x1
 402 000c 35010000 		.4byte	.LASF40
 403 0010 0C       		.byte	0xc
 404 0011 BC020000 		.4byte	.LASF41
 405 0015 46000000 		.4byte	.LASF42
 406 0019 00000000 		.4byte	.Ldebug_ranges0+0
ARM GAS  C:\Users\alexa\AppData\Local\Temp\ccs0DobP.s 			page 11


 407 001d 00000000 		.4byte	0
 408 0021 00000000 		.4byte	.Ldebug_line0
 409 0025 02       		.uleb128 0x2
 410 0026 01       		.byte	0x1
 411 0027 06       		.byte	0x6
 412 0028 FE020000 		.4byte	.LASF0
 413 002c 03       		.uleb128 0x3
 414 002d 10000000 		.4byte	.LASF4
 415 0031 02       		.byte	0x2
 416 0032 1D       		.byte	0x1d
 417 0033 37000000 		.4byte	0x37
 418 0037 02       		.uleb128 0x2
 419 0038 01       		.byte	0x1
 420 0039 08       		.byte	0x8
 421 003a 27010000 		.4byte	.LASF1
 422 003e 02       		.uleb128 0x2
 423 003f 02       		.byte	0x2
 424 0040 05       		.byte	0x5
 425 0041 D6020000 		.4byte	.LASF2
 426 0045 02       		.uleb128 0x2
 427 0046 02       		.byte	0x2
 428 0047 07       		.byte	0x7
 429 0048 B3000000 		.4byte	.LASF3
 430 004c 03       		.uleb128 0x3
 431 004d 80000000 		.4byte	.LASF5
 432 0051 02       		.byte	0x2
 433 0052 3F       		.byte	0x3f
 434 0053 57000000 		.4byte	0x57
 435 0057 02       		.uleb128 0x2
 436 0058 04       		.byte	0x4
 437 0059 05       		.byte	0x5
 438 005a A1000000 		.4byte	.LASF6
 439 005e 02       		.uleb128 0x2
 440 005f 04       		.byte	0x4
 441 0060 07       		.byte	0x7
 442 0061 C3010000 		.4byte	.LASF7
 443 0065 02       		.uleb128 0x2
 444 0066 08       		.byte	0x8
 445 0067 05       		.byte	0x5
 446 0068 AE020000 		.4byte	.LASF8
 447 006c 02       		.uleb128 0x2
 448 006d 08       		.byte	0x8
 449 006e 07       		.byte	0x7
 450 006f 67020000 		.4byte	.LASF9
 451 0073 04       		.uleb128 0x4
 452 0074 04       		.byte	0x4
 453 0075 05       		.byte	0x5
 454 0076 696E7400 		.ascii	"int\000"
 455 007a 02       		.uleb128 0x2
 456 007b 04       		.byte	0x4
 457 007c 07       		.byte	0x7
 458 007d 53020000 		.4byte	.LASF10
 459 0081 03       		.uleb128 0x3
 460 0082 7E020000 		.4byte	.LASF11
 461 0086 03       		.byte	0x3
 462 0087 18       		.byte	0x18
 463 0088 2C000000 		.4byte	0x2c
ARM GAS  C:\Users\alexa\AppData\Local\Temp\ccs0DobP.s 			page 12


 464 008c 03       		.uleb128 0x3
 465 008d F5000000 		.4byte	.LASF12
 466 0091 03       		.byte	0x3
 467 0092 2C       		.byte	0x2c
 468 0093 4C000000 		.4byte	0x4c
 469 0097 02       		.uleb128 0x2
 470 0098 04       		.byte	0x4
 471 0099 04       		.byte	0x4
 472 009a FD000000 		.4byte	.LASF13
 473 009e 02       		.uleb128 0x2
 474 009f 08       		.byte	0x8
 475 00a0 04       		.byte	0x4
 476 00a1 0B020000 		.4byte	.LASF14
 477 00a5 02       		.uleb128 0x2
 478 00a6 01       		.byte	0x1
 479 00a7 08       		.byte	0x8
 480 00a8 C3020000 		.4byte	.LASF15
 481 00ac 02       		.uleb128 0x2
 482 00ad 08       		.byte	0x8
 483 00ae 04       		.byte	0x4
 484 00af 99020000 		.4byte	.LASF16
 485 00b3 02       		.uleb128 0x2
 486 00b4 04       		.byte	0x4
 487 00b5 07       		.byte	0x7
 488 00b6 A5020000 		.4byte	.LASF17
 489 00ba 05       		.uleb128 0x5
 490 00bb 04       		.byte	0x4
 491 00bc A5000000 		.4byte	0xa5
 492 00c0 06       		.uleb128 0x6
 493 00c1 4E020000 		.4byte	.LASF43
 494 00c5 01       		.byte	0x1
 495 00c6 0E       		.byte	0xe
 496 00c7 73000000 		.4byte	0x73
 497 00cb 00000000 		.4byte	.LFB64
 498 00cf 24000000 		.4byte	.LFE64-.LFB64
 499 00d3 01       		.uleb128 0x1
 500 00d4 9C       		.byte	0x9c
 501 00d5 1A010000 		.4byte	0x11a
 502 00d9 07       		.uleb128 0x7
 503 00da 0A000000 		.4byte	.LVL0
 504 00de B8030000 		.4byte	0x3b8
 505 00e2 F0000000 		.4byte	0xf0
 506 00e6 08       		.uleb128 0x8
 507 00e7 01       		.uleb128 0x1
 508 00e8 50       		.byte	0x50
 509 00e9 05       		.uleb128 0x5
 510 00ea 03       		.byte	0x3
 511 00eb 00000000 		.4byte	UART_USB_RX_ISR_handler
 512 00ef 00       		.byte	0
 513 00f0 07       		.uleb128 0x7
 514 00f1 10000000 		.4byte	.LVL1
 515 00f5 C3030000 		.4byte	0x3c3
 516 00f9 07010000 		.4byte	0x107
 517 00fd 08       		.uleb128 0x8
 518 00fe 01       		.uleb128 0x1
 519 00ff 50       		.byte	0x50
 520 0100 05       		.uleb128 0x5
ARM GAS  C:\Users\alexa\AppData\Local\Temp\ccs0DobP.s 			page 13


 521 0101 03       		.byte	0x3
 522 0102 00000000 		.4byte	UART_PI_RX_ISR_handler
 523 0106 00       		.byte	0
 524 0107 09       		.uleb128 0x9
 525 0108 14000000 		.4byte	.LVL2
 526 010c CE030000 		.4byte	0x3ce
 527 0110 09       		.uleb128 0x9
 528 0111 18000000 		.4byte	.LVL3
 529 0115 D9030000 		.4byte	0x3d9
 530 0119 00       		.byte	0
 531 011a 0A       		.uleb128 0xa
 532 011b 03010000 		.4byte	.LASF20
 533 011f 01       		.byte	0x1
 534 0120 53       		.byte	0x53
 535 0121 00000000 		.4byte	.LFB67
 536 0125 84000000 		.4byte	.LFE67-.LFB67
 537 0129 01       		.uleb128 0x1
 538 012a 9C       		.byte	0x9c
 539 012b 98020000 		.4byte	0x298
 540 012f 0B       		.uleb128 0xb
 541 0130 CE000000 		.4byte	.LASF44
 542 0134 01       		.byte	0x1
 543 0135 53       		.byte	0x53
 544 0136 BA000000 		.4byte	0xba
 545 013a 00000000 		.4byte	.LLST0
 546 013e 0C       		.uleb128 0xc
 547 013f 6D736700 		.ascii	"msg\000"
 548 0143 01       		.byte	0x1
 549 0144 55       		.byte	0x55
 550 0145 98020000 		.4byte	0x298
 551 0149 03       		.uleb128 0x3
 552 014a 91       		.byte	0x91
 553 014b F07E     		.sleb128 -144
 554 014d 0D       		.uleb128 0xd
 555 014e 6900     		.ascii	"i\000"
 556 0150 01       		.byte	0x1
 557 0151 57       		.byte	0x57
 558 0152 73000000 		.4byte	0x73
 559 0156 21000000 		.4byte	.LLST1
 560 015a 0E       		.uleb128 0xe
 561 015b E0020000 		.4byte	.LASF18
 562 015f 01       		.byte	0x1
 563 0160 58       		.byte	0x58
 564 0161 BA000000 		.4byte	0xba
 565 0165 35000000 		.4byte	.LLST2
 566 0169 0F       		.uleb128 0xf
 567 016a 04020000 		.4byte	.LASF45
 568 016e 01       		.byte	0x1
 569 016f 59       		.byte	0x59
 570 0170 A8020000 		.4byte	0x2a8
 571 0174 0E       		.uleb128 0xe
 572 0175 C6000000 		.4byte	.LASF19
 573 0179 01       		.byte	0x1
 574 017a 5B       		.byte	0x5b
 575 017b BA000000 		.4byte	0xba
 576 017f 69000000 		.4byte	.LLST3
 577 0183 07       		.uleb128 0x7
ARM GAS  C:\Users\alexa\AppData\Local\Temp\ccs0DobP.s 			page 14


 578 0184 0C000000 		.4byte	.LVL6
 579 0188 E4030000 		.4byte	0x3e4
 580 018c 9E010000 		.4byte	0x19e
 581 0190 08       		.uleb128 0x8
 582 0191 01       		.uleb128 0x1
 583 0192 50       		.byte	0x50
 584 0193 03       		.uleb128 0x3
 585 0194 F3       		.byte	0xf3
 586 0195 01       		.uleb128 0x1
 587 0196 50       		.byte	0x50
 588 0197 08       		.uleb128 0x8
 589 0198 01       		.uleb128 0x1
 590 0199 51       		.byte	0x51
 591 019a 02       		.uleb128 0x2
 592 019b 75       		.byte	0x75
 593 019c 00       		.sleb128 0
 594 019d 00       		.byte	0
 595 019e 07       		.uleb128 0x7
 596 019f 16000000 		.4byte	.LVL9
 597 01a3 E4030000 		.4byte	0x3e4
 598 01a7 B7010000 		.4byte	0x1b7
 599 01ab 08       		.uleb128 0x8
 600 01ac 01       		.uleb128 0x1
 601 01ad 50       		.byte	0x50
 602 01ae 01       		.uleb128 0x1
 603 01af 30       		.byte	0x30
 604 01b0 08       		.uleb128 0x8
 605 01b1 01       		.uleb128 0x1
 606 01b2 51       		.byte	0x51
 607 01b3 02       		.uleb128 0x2
 608 01b4 75       		.byte	0x75
 609 01b5 00       		.sleb128 0
 610 01b6 00       		.byte	0
 611 01b7 07       		.uleb128 0x7
 612 01b8 20000000 		.4byte	.LVL12
 613 01bc E4030000 		.4byte	0x3e4
 614 01c0 D0010000 		.4byte	0x1d0
 615 01c4 08       		.uleb128 0x8
 616 01c5 01       		.uleb128 0x1
 617 01c6 50       		.byte	0x50
 618 01c7 01       		.uleb128 0x1
 619 01c8 30       		.byte	0x30
 620 01c9 08       		.uleb128 0x8
 621 01ca 01       		.uleb128 0x1
 622 01cb 51       		.byte	0x51
 623 01cc 02       		.uleb128 0x2
 624 01cd 75       		.byte	0x75
 625 01ce 00       		.sleb128 0
 626 01cf 00       		.byte	0
 627 01d0 07       		.uleb128 0x7
 628 01d1 30000000 		.4byte	.LVL14
 629 01d5 EF030000 		.4byte	0x3ef
 630 01d9 F9010000 		.4byte	0x1f9
 631 01dd 08       		.uleb128 0x8
 632 01de 01       		.uleb128 0x1
 633 01df 50       		.byte	0x50
 634 01e0 02       		.uleb128 0x2
ARM GAS  C:\Users\alexa\AppData\Local\Temp\ccs0DobP.s 			page 15


 635 01e1 7D       		.byte	0x7d
 636 01e2 00       		.sleb128 0
 637 01e3 08       		.uleb128 0x8
 638 01e4 01       		.uleb128 0x1
 639 01e5 51       		.byte	0x51
 640 01e6 02       		.uleb128 0x2
 641 01e7 08       		.byte	0x8
 642 01e8 80       		.byte	0x80
 643 01e9 08       		.uleb128 0x8
 644 01ea 01       		.uleb128 0x1
 645 01eb 52       		.byte	0x52
 646 01ec 05       		.uleb128 0x5
 647 01ed 03       		.byte	0x3
 648 01ee 04000000 		.4byte	.LC1
 649 01f2 08       		.uleb128 0x8
 650 01f3 01       		.uleb128 0x1
 651 01f4 53       		.byte	0x53
 652 01f5 02       		.uleb128 0x2
 653 01f6 74       		.byte	0x74
 654 01f7 00       		.sleb128 0
 655 01f8 00       		.byte	0
 656 01f9 07       		.uleb128 0x7
 657 01fa 3A000000 		.4byte	.LVL15
 658 01fe FA030000 		.4byte	0x3fa
 659 0202 16020000 		.4byte	0x216
 660 0206 08       		.uleb128 0x8
 661 0207 01       		.uleb128 0x1
 662 0208 50       		.byte	0x50
 663 0209 02       		.uleb128 0x2
 664 020a 74       		.byte	0x74
 665 020b 00       		.sleb128 0
 666 020c 08       		.uleb128 0x8
 667 020d 01       		.uleb128 0x1
 668 020e 51       		.byte	0x51
 669 020f 05       		.uleb128 0x5
 670 0210 03       		.byte	0x3
 671 0211 1C000000 		.4byte	.LC2
 672 0215 00       		.byte	0
 673 0216 07       		.uleb128 0x7
 674 0217 42000000 		.4byte	.LVL16
 675 021b 05040000 		.4byte	0x405
 676 021f 2D020000 		.4byte	0x22d
 677 0223 08       		.uleb128 0x8
 678 0224 01       		.uleb128 0x1
 679 0225 50       		.byte	0x50
 680 0226 05       		.uleb128 0x5
 681 0227 03       		.byte	0x3
 682 0228 24000000 		.4byte	.LC3
 683 022c 00       		.byte	0
 684 022d 07       		.uleb128 0x7
 685 022e 48000000 		.4byte	.LVL17
 686 0232 10040000 		.4byte	0x410
 687 0236 40020000 		.4byte	0x240
 688 023a 08       		.uleb128 0x8
 689 023b 01       		.uleb128 0x1
 690 023c 50       		.byte	0x50
 691 023d 01       		.uleb128 0x1
ARM GAS  C:\Users\alexa\AppData\Local\Temp\ccs0DobP.s 			page 16


 692 023e 31       		.byte	0x31
 693 023f 00       		.byte	0
 694 0240 07       		.uleb128 0x7
 695 0241 52000000 		.4byte	.LVL18
 696 0245 FA030000 		.4byte	0x3fa
 697 0249 5D020000 		.4byte	0x25d
 698 024d 08       		.uleb128 0x8
 699 024e 01       		.uleb128 0x1
 700 024f 50       		.byte	0x50
 701 0250 02       		.uleb128 0x2
 702 0251 74       		.byte	0x74
 703 0252 00       		.sleb128 0
 704 0253 08       		.uleb128 0x8
 705 0254 01       		.uleb128 0x1
 706 0255 51       		.byte	0x51
 707 0256 05       		.uleb128 0x5
 708 0257 03       		.byte	0x3
 709 0258 40000000 		.4byte	.LC4
 710 025c 00       		.byte	0
 711 025d 07       		.uleb128 0x7
 712 025e 5A000000 		.4byte	.LVL19
 713 0262 05040000 		.4byte	0x405
 714 0266 74020000 		.4byte	0x274
 715 026a 08       		.uleb128 0x8
 716 026b 01       		.uleb128 0x1
 717 026c 50       		.byte	0x50
 718 026d 05       		.uleb128 0x5
 719 026e 03       		.byte	0x3
 720 026f 48000000 		.4byte	.LC5
 721 0273 00       		.byte	0
 722 0274 07       		.uleb128 0x7
 723 0275 60000000 		.4byte	.LVL20
 724 0279 10040000 		.4byte	0x410
 725 027d 87020000 		.4byte	0x287
 726 0281 08       		.uleb128 0x8
 727 0282 01       		.uleb128 0x1
 728 0283 50       		.byte	0x50
 729 0284 01       		.uleb128 0x1
 730 0285 30       		.byte	0x30
 731 0286 00       		.byte	0
 732 0287 10       		.uleb128 0x10
 733 0288 66000000 		.4byte	.LVL21
 734 028c 05040000 		.4byte	0x405
 735 0290 08       		.uleb128 0x8
 736 0291 01       		.uleb128 0x1
 737 0292 50       		.byte	0x50
 738 0293 02       		.uleb128 0x2
 739 0294 7D       		.byte	0x7d
 740 0295 00       		.sleb128 0
 741 0296 00       		.byte	0
 742 0297 00       		.byte	0
 743 0298 11       		.uleb128 0x11
 744 0299 A5000000 		.4byte	0xa5
 745 029d A8020000 		.4byte	0x2a8
 746 02a1 12       		.uleb128 0x12
 747 02a2 B3000000 		.4byte	0xb3
 748 02a6 7F       		.byte	0x7f
ARM GAS  C:\Users\alexa\AppData\Local\Temp\ccs0DobP.s 			page 17


 749 02a7 00       		.byte	0
 750 02a8 11       		.uleb128 0x11
 751 02a9 BA000000 		.4byte	0xba
 752 02ad B8020000 		.4byte	0x2b8
 753 02b1 12       		.uleb128 0x12
 754 02b2 B3000000 		.4byte	0xb3
 755 02b6 01       		.byte	0x1
 756 02b7 00       		.byte	0
 757 02b8 0A       		.uleb128 0xa
 758 02b9 1A000000 		.4byte	.LASF21
 759 02bd 01       		.byte	0x1
 760 02be 1D       		.byte	0x1d
 761 02bf 00000000 		.4byte	.LFB65
 762 02c3 50000000 		.4byte	.LFE65-.LFB65
 763 02c7 01       		.uleb128 0x1
 764 02c8 9C       		.byte	0x9c
 765 02c9 2F030000 		.4byte	0x32f
 766 02cd 13       		.uleb128 0x13
 767 02ce 00000000 		.4byte	.LASF22
 768 02d2 01       		.byte	0x1
 769 02d3 1F       		.byte	0x1f
 770 02d4 98020000 		.4byte	0x298
 771 02d8 05       		.uleb128 0x5
 772 02d9 03       		.byte	0x3
 773 02da 04000000 		.4byte	UART_USB_rx_buf.7104
 774 02de 13       		.uleb128 0x13
 775 02df 32020000 		.4byte	.LASF23
 776 02e3 01       		.byte	0x1
 777 02e4 20       		.byte	0x20
 778 02e5 81000000 		.4byte	0x81
 779 02e9 05       		.uleb128 0x5
 780 02ea 03       		.byte	0x3
 781 02eb 00000000 		.4byte	buf_index.7105
 782 02ef 14       		.uleb128 0x14
 783 02f0 04000000 		.4byte	.LBB2
 784 02f4 3C000000 		.4byte	.LBE2-.LBB2
 785 02f8 25030000 		.4byte	0x325
 786 02fc 0E       		.uleb128 0xe
 787 02fd 0A030000 		.4byte	.LASF24
 788 0301 01       		.byte	0x1
 789 0302 23       		.byte	0x23
 790 0303 81000000 		.4byte	0x81
 791 0307 87000000 		.4byte	.LLST4
 792 030b 09       		.uleb128 0x9
 793 030c 08000000 		.4byte	.LVL23
 794 0310 1B040000 		.4byte	0x41b
 795 0314 10       		.uleb128 0x10
 796 0315 3C000000 		.4byte	.LVL25
 797 0319 1A010000 		.4byte	0x11a
 798 031d 08       		.uleb128 0x8
 799 031e 01       		.uleb128 0x1
 800 031f 50       		.byte	0x50
 801 0320 02       		.uleb128 0x2
 802 0321 74       		.byte	0x74
 803 0322 04       		.sleb128 4
 804 0323 00       		.byte	0
 805 0324 00       		.byte	0
ARM GAS  C:\Users\alexa\AppData\Local\Temp\ccs0DobP.s 			page 18


 806 0325 09       		.uleb128 0x9
 807 0326 44000000 		.4byte	.LVL26
 808 032a 26040000 		.4byte	0x426
 809 032e 00       		.byte	0
 810 032f 0A       		.uleb128 0xa
 811 0330 8A000000 		.4byte	.LASF25
 812 0334 01       		.byte	0x1
 813 0335 38       		.byte	0x38
 814 0336 00000000 		.4byte	.LFB66
 815 033a 60000000 		.4byte	.LFE66-.LFB66
 816 033e 01       		.uleb128 0x1
 817 033f 9C       		.byte	0x9c
 818 0340 A7030000 		.4byte	0x3a7
 819 0344 13       		.uleb128 0x13
 820 0345 D5010000 		.4byte	.LASF26
 821 0349 01       		.byte	0x1
 822 034a 3A       		.byte	0x3a
 823 034b 98020000 		.4byte	0x298
 824 034f 05       		.uleb128 0x5
 825 0350 03       		.byte	0x3
 826 0351 88000000 		.4byte	UART_PI_rx_buf.7113
 827 0355 13       		.uleb128 0x13
 828 0356 32020000 		.4byte	.LASF23
 829 035a 01       		.byte	0x1
 830 035b 3B       		.byte	0x3b
 831 035c 81000000 		.4byte	0x81
 832 0360 05       		.uleb128 0x5
 833 0361 03       		.byte	0x3
 834 0362 84000000 		.4byte	buf_index.7114
 835 0366 14       		.uleb128 0x14
 836 0367 04000000 		.4byte	.LBB3
 837 036b 4C000000 		.4byte	.LBE3-.LBB3
 838 036f 9D030000 		.4byte	0x39d
 839 0373 0E       		.uleb128 0xe
 840 0374 0A030000 		.4byte	.LASF24
 841 0378 01       		.byte	0x1
 842 0379 3E       		.byte	0x3e
 843 037a 81000000 		.4byte	0x81
 844 037e 9A000000 		.4byte	.LLST5
 845 0382 09       		.uleb128 0x9
 846 0383 08000000 		.4byte	.LVL27
 847 0387 31040000 		.4byte	0x431
 848 038b 10       		.uleb128 0x10
 849 038c 4A000000 		.4byte	.LVL29
 850 0390 1A010000 		.4byte	0x11a
 851 0394 08       		.uleb128 0x8
 852 0395 01       		.uleb128 0x1
 853 0396 50       		.byte	0x50
 854 0397 03       		.uleb128 0x3
 855 0398 74       		.byte	0x74
 856 0399 8801     		.sleb128 136
 857 039b 00       		.byte	0
 858 039c 00       		.byte	0
 859 039d 09       		.uleb128 0x9
 860 039e 54000000 		.4byte	.LVL30
 861 03a2 3C040000 		.4byte	0x43c
 862 03a6 00       		.byte	0
ARM GAS  C:\Users\alexa\AppData\Local\Temp\ccs0DobP.s 			page 19


 863 03a7 15       		.uleb128 0x15
 864 03a8 F7010000 		.4byte	.LASF46
 865 03ac 0B       		.byte	0xb
 866 03ad 1207     		.2byte	0x712
 867 03af B3030000 		.4byte	0x3b3
 868 03b3 16       		.uleb128 0x16
 869 03b4 8C000000 		.4byte	0x8c
 870 03b8 17       		.uleb128 0x17
 871 03b9 E6020000 		.4byte	.LASF27
 872 03bd E6020000 		.4byte	.LASF27
 873 03c1 04       		.byte	0x4
 874 03c2 18       		.byte	0x18
 875 03c3 17       		.uleb128 0x17
 876 03c4 17030000 		.4byte	.LASF28
 877 03c8 17030000 		.4byte	.LASF28
 878 03cc 05       		.byte	0x5
 879 03cd 18       		.byte	0x18
 880 03ce 17       		.uleb128 0x17
 881 03cf 18010000 		.4byte	.LASF29
 882 03d3 18010000 		.4byte	.LASF29
 883 03d7 06       		.byte	0x6
 884 03d8 54       		.byte	0x54
 885 03d9 17       		.uleb128 0x17
 886 03da C8020000 		.4byte	.LASF30
 887 03de C8020000 		.4byte	.LASF30
 888 03e2 07       		.byte	0x7
 889 03e3 54       		.byte	0x54
 890 03e4 17       		.uleb128 0x17
 891 03e5 60020000 		.4byte	.LASF31
 892 03e9 60020000 		.4byte	.LASF31
 893 03ed 08       		.byte	0x8
 894 03ee 2A       		.byte	0x2a
 895 03ef 17       		.uleb128 0x17
 896 03f0 AA000000 		.4byte	.LASF32
 897 03f4 AA000000 		.4byte	.LASF32
 898 03f8 09       		.byte	0x9
 899 03f9 FD       		.byte	0xfd
 900 03fa 17       		.uleb128 0x17
 901 03fb 2B020000 		.4byte	.LASF33
 902 03ff 2B020000 		.4byte	.LASF33
 903 0403 08       		.byte	0x8
 904 0404 1C       		.byte	0x1c
 905 0405 17       		.uleb128 0x17
 906 0406 86020000 		.4byte	.LASF34
 907 040a 86020000 		.4byte	.LASF34
 908 040e 06       		.byte	0x6
 909 040f 8B       		.byte	0x8b
 910 0410 17       		.uleb128 0x17
 911 0411 3C020000 		.4byte	.LASF35
 912 0415 3C020000 		.4byte	.LASF35
 913 0419 0A       		.byte	0xa
 914 041a 26       		.byte	0x26
 915 041b 17       		.uleb128 0x17
 916 041c 32000000 		.4byte	.LASF36
 917 0420 32000000 		.4byte	.LASF36
 918 0424 06       		.byte	0x6
 919 0425 6F       		.byte	0x6f
ARM GAS  C:\Users\alexa\AppData\Local\Temp\ccs0DobP.s 			page 20


 920 0426 17       		.uleb128 0x17
 921 0427 12020000 		.4byte	.LASF37
 922 042b 12020000 		.4byte	.LASF37
 923 042f 06       		.byte	0x6
 924 0430 73       		.byte	0x73
 925 0431 17       		.uleb128 0x17
 926 0432 E4010000 		.4byte	.LASF38
 927 0436 E4010000 		.4byte	.LASF38
 928 043a 07       		.byte	0x7
 929 043b 6F       		.byte	0x6f
 930 043c 17       		.uleb128 0x17
 931 043d DD000000 		.4byte	.LASF39
 932 0441 DD000000 		.4byte	.LASF39
 933 0445 07       		.byte	0x7
 934 0446 73       		.byte	0x73
 935 0447 00       		.byte	0
 936              		.section	.debug_abbrev,"",%progbits
 937              	.Ldebug_abbrev0:
 938 0000 01       		.uleb128 0x1
 939 0001 11       		.uleb128 0x11
 940 0002 01       		.byte	0x1
 941 0003 25       		.uleb128 0x25
 942 0004 0E       		.uleb128 0xe
 943 0005 13       		.uleb128 0x13
 944 0006 0B       		.uleb128 0xb
 945 0007 03       		.uleb128 0x3
 946 0008 0E       		.uleb128 0xe
 947 0009 1B       		.uleb128 0x1b
 948 000a 0E       		.uleb128 0xe
 949 000b 55       		.uleb128 0x55
 950 000c 17       		.uleb128 0x17
 951 000d 11       		.uleb128 0x11
 952 000e 01       		.uleb128 0x1
 953 000f 10       		.uleb128 0x10
 954 0010 17       		.uleb128 0x17
 955 0011 00       		.byte	0
 956 0012 00       		.byte	0
 957 0013 02       		.uleb128 0x2
 958 0014 24       		.uleb128 0x24
 959 0015 00       		.byte	0
 960 0016 0B       		.uleb128 0xb
 961 0017 0B       		.uleb128 0xb
 962 0018 3E       		.uleb128 0x3e
 963 0019 0B       		.uleb128 0xb
 964 001a 03       		.uleb128 0x3
 965 001b 0E       		.uleb128 0xe
 966 001c 00       		.byte	0
 967 001d 00       		.byte	0
 968 001e 03       		.uleb128 0x3
 969 001f 16       		.uleb128 0x16
 970 0020 00       		.byte	0
 971 0021 03       		.uleb128 0x3
 972 0022 0E       		.uleb128 0xe
 973 0023 3A       		.uleb128 0x3a
 974 0024 0B       		.uleb128 0xb
 975 0025 3B       		.uleb128 0x3b
 976 0026 0B       		.uleb128 0xb
ARM GAS  C:\Users\alexa\AppData\Local\Temp\ccs0DobP.s 			page 21


 977 0027 49       		.uleb128 0x49
 978 0028 13       		.uleb128 0x13
 979 0029 00       		.byte	0
 980 002a 00       		.byte	0
 981 002b 04       		.uleb128 0x4
 982 002c 24       		.uleb128 0x24
 983 002d 00       		.byte	0
 984 002e 0B       		.uleb128 0xb
 985 002f 0B       		.uleb128 0xb
 986 0030 3E       		.uleb128 0x3e
 987 0031 0B       		.uleb128 0xb
 988 0032 03       		.uleb128 0x3
 989 0033 08       		.uleb128 0x8
 990 0034 00       		.byte	0
 991 0035 00       		.byte	0
 992 0036 05       		.uleb128 0x5
 993 0037 0F       		.uleb128 0xf
 994 0038 00       		.byte	0
 995 0039 0B       		.uleb128 0xb
 996 003a 0B       		.uleb128 0xb
 997 003b 49       		.uleb128 0x49
 998 003c 13       		.uleb128 0x13
 999 003d 00       		.byte	0
 1000 003e 00       		.byte	0
 1001 003f 06       		.uleb128 0x6
 1002 0040 2E       		.uleb128 0x2e
 1003 0041 01       		.byte	0x1
 1004 0042 3F       		.uleb128 0x3f
 1005 0043 19       		.uleb128 0x19
 1006 0044 03       		.uleb128 0x3
 1007 0045 0E       		.uleb128 0xe
 1008 0046 3A       		.uleb128 0x3a
 1009 0047 0B       		.uleb128 0xb
 1010 0048 3B       		.uleb128 0x3b
 1011 0049 0B       		.uleb128 0xb
 1012 004a 27       		.uleb128 0x27
 1013 004b 19       		.uleb128 0x19
 1014 004c 49       		.uleb128 0x49
 1015 004d 13       		.uleb128 0x13
 1016 004e 8701     		.uleb128 0x87
 1017 0050 19       		.uleb128 0x19
 1018 0051 11       		.uleb128 0x11
 1019 0052 01       		.uleb128 0x1
 1020 0053 12       		.uleb128 0x12
 1021 0054 06       		.uleb128 0x6
 1022 0055 40       		.uleb128 0x40
 1023 0056 18       		.uleb128 0x18
 1024 0057 9742     		.uleb128 0x2117
 1025 0059 19       		.uleb128 0x19
 1026 005a 01       		.uleb128 0x1
 1027 005b 13       		.uleb128 0x13
 1028 005c 00       		.byte	0
 1029 005d 00       		.byte	0
 1030 005e 07       		.uleb128 0x7
 1031 005f 898201   		.uleb128 0x4109
 1032 0062 01       		.byte	0x1
 1033 0063 11       		.uleb128 0x11
ARM GAS  C:\Users\alexa\AppData\Local\Temp\ccs0DobP.s 			page 22


 1034 0064 01       		.uleb128 0x1
 1035 0065 31       		.uleb128 0x31
 1036 0066 13       		.uleb128 0x13
 1037 0067 01       		.uleb128 0x1
 1038 0068 13       		.uleb128 0x13
 1039 0069 00       		.byte	0
 1040 006a 00       		.byte	0
 1041 006b 08       		.uleb128 0x8
 1042 006c 8A8201   		.uleb128 0x410a
 1043 006f 00       		.byte	0
 1044 0070 02       		.uleb128 0x2
 1045 0071 18       		.uleb128 0x18
 1046 0072 9142     		.uleb128 0x2111
 1047 0074 18       		.uleb128 0x18
 1048 0075 00       		.byte	0
 1049 0076 00       		.byte	0
 1050 0077 09       		.uleb128 0x9
 1051 0078 898201   		.uleb128 0x4109
 1052 007b 00       		.byte	0
 1053 007c 11       		.uleb128 0x11
 1054 007d 01       		.uleb128 0x1
 1055 007e 31       		.uleb128 0x31
 1056 007f 13       		.uleb128 0x13
 1057 0080 00       		.byte	0
 1058 0081 00       		.byte	0
 1059 0082 0A       		.uleb128 0xa
 1060 0083 2E       		.uleb128 0x2e
 1061 0084 01       		.byte	0x1
 1062 0085 3F       		.uleb128 0x3f
 1063 0086 19       		.uleb128 0x19
 1064 0087 03       		.uleb128 0x3
 1065 0088 0E       		.uleb128 0xe
 1066 0089 3A       		.uleb128 0x3a
 1067 008a 0B       		.uleb128 0xb
 1068 008b 3B       		.uleb128 0x3b
 1069 008c 0B       		.uleb128 0xb
 1070 008d 27       		.uleb128 0x27
 1071 008e 19       		.uleb128 0x19
 1072 008f 11       		.uleb128 0x11
 1073 0090 01       		.uleb128 0x1
 1074 0091 12       		.uleb128 0x12
 1075 0092 06       		.uleb128 0x6
 1076 0093 40       		.uleb128 0x40
 1077 0094 18       		.uleb128 0x18
 1078 0095 9742     		.uleb128 0x2117
 1079 0097 19       		.uleb128 0x19
 1080 0098 01       		.uleb128 0x1
 1081 0099 13       		.uleb128 0x13
 1082 009a 00       		.byte	0
 1083 009b 00       		.byte	0
 1084 009c 0B       		.uleb128 0xb
 1085 009d 05       		.uleb128 0x5
 1086 009e 00       		.byte	0
 1087 009f 03       		.uleb128 0x3
 1088 00a0 0E       		.uleb128 0xe
 1089 00a1 3A       		.uleb128 0x3a
 1090 00a2 0B       		.uleb128 0xb
ARM GAS  C:\Users\alexa\AppData\Local\Temp\ccs0DobP.s 			page 23


 1091 00a3 3B       		.uleb128 0x3b
 1092 00a4 0B       		.uleb128 0xb
 1093 00a5 49       		.uleb128 0x49
 1094 00a6 13       		.uleb128 0x13
 1095 00a7 02       		.uleb128 0x2
 1096 00a8 17       		.uleb128 0x17
 1097 00a9 00       		.byte	0
 1098 00aa 00       		.byte	0
 1099 00ab 0C       		.uleb128 0xc
 1100 00ac 34       		.uleb128 0x34
 1101 00ad 00       		.byte	0
 1102 00ae 03       		.uleb128 0x3
 1103 00af 08       		.uleb128 0x8
 1104 00b0 3A       		.uleb128 0x3a
 1105 00b1 0B       		.uleb128 0xb
 1106 00b2 3B       		.uleb128 0x3b
 1107 00b3 0B       		.uleb128 0xb
 1108 00b4 49       		.uleb128 0x49
 1109 00b5 13       		.uleb128 0x13
 1110 00b6 02       		.uleb128 0x2
 1111 00b7 18       		.uleb128 0x18
 1112 00b8 00       		.byte	0
 1113 00b9 00       		.byte	0
 1114 00ba 0D       		.uleb128 0xd
 1115 00bb 34       		.uleb128 0x34
 1116 00bc 00       		.byte	0
 1117 00bd 03       		.uleb128 0x3
 1118 00be 08       		.uleb128 0x8
 1119 00bf 3A       		.uleb128 0x3a
 1120 00c0 0B       		.uleb128 0xb
 1121 00c1 3B       		.uleb128 0x3b
 1122 00c2 0B       		.uleb128 0xb
 1123 00c3 49       		.uleb128 0x49
 1124 00c4 13       		.uleb128 0x13
 1125 00c5 02       		.uleb128 0x2
 1126 00c6 17       		.uleb128 0x17
 1127 00c7 00       		.byte	0
 1128 00c8 00       		.byte	0
 1129 00c9 0E       		.uleb128 0xe
 1130 00ca 34       		.uleb128 0x34
 1131 00cb 00       		.byte	0
 1132 00cc 03       		.uleb128 0x3
 1133 00cd 0E       		.uleb128 0xe
 1134 00ce 3A       		.uleb128 0x3a
 1135 00cf 0B       		.uleb128 0xb
 1136 00d0 3B       		.uleb128 0x3b
 1137 00d1 0B       		.uleb128 0xb
 1138 00d2 49       		.uleb128 0x49
 1139 00d3 13       		.uleb128 0x13
 1140 00d4 02       		.uleb128 0x2
 1141 00d5 17       		.uleb128 0x17
 1142 00d6 00       		.byte	0
 1143 00d7 00       		.byte	0
 1144 00d8 0F       		.uleb128 0xf
 1145 00d9 34       		.uleb128 0x34
 1146 00da 00       		.byte	0
 1147 00db 03       		.uleb128 0x3
ARM GAS  C:\Users\alexa\AppData\Local\Temp\ccs0DobP.s 			page 24


 1148 00dc 0E       		.uleb128 0xe
 1149 00dd 3A       		.uleb128 0x3a
 1150 00de 0B       		.uleb128 0xb
 1151 00df 3B       		.uleb128 0x3b
 1152 00e0 0B       		.uleb128 0xb
 1153 00e1 49       		.uleb128 0x49
 1154 00e2 13       		.uleb128 0x13
 1155 00e3 00       		.byte	0
 1156 00e4 00       		.byte	0
 1157 00e5 10       		.uleb128 0x10
 1158 00e6 898201   		.uleb128 0x4109
 1159 00e9 01       		.byte	0x1
 1160 00ea 11       		.uleb128 0x11
 1161 00eb 01       		.uleb128 0x1
 1162 00ec 31       		.uleb128 0x31
 1163 00ed 13       		.uleb128 0x13
 1164 00ee 00       		.byte	0
 1165 00ef 00       		.byte	0
 1166 00f0 11       		.uleb128 0x11
 1167 00f1 01       		.uleb128 0x1
 1168 00f2 01       		.byte	0x1
 1169 00f3 49       		.uleb128 0x49
 1170 00f4 13       		.uleb128 0x13
 1171 00f5 01       		.uleb128 0x1
 1172 00f6 13       		.uleb128 0x13
 1173 00f7 00       		.byte	0
 1174 00f8 00       		.byte	0
 1175 00f9 12       		.uleb128 0x12
 1176 00fa 21       		.uleb128 0x21
 1177 00fb 00       		.byte	0
 1178 00fc 49       		.uleb128 0x49
 1179 00fd 13       		.uleb128 0x13
 1180 00fe 2F       		.uleb128 0x2f
 1181 00ff 0B       		.uleb128 0xb
 1182 0100 00       		.byte	0
 1183 0101 00       		.byte	0
 1184 0102 13       		.uleb128 0x13
 1185 0103 34       		.uleb128 0x34
 1186 0104 00       		.byte	0
 1187 0105 03       		.uleb128 0x3
 1188 0106 0E       		.uleb128 0xe
 1189 0107 3A       		.uleb128 0x3a
 1190 0108 0B       		.uleb128 0xb
 1191 0109 3B       		.uleb128 0x3b
 1192 010a 0B       		.uleb128 0xb
 1193 010b 49       		.uleb128 0x49
 1194 010c 13       		.uleb128 0x13
 1195 010d 02       		.uleb128 0x2
 1196 010e 18       		.uleb128 0x18
 1197 010f 00       		.byte	0
 1198 0110 00       		.byte	0
 1199 0111 14       		.uleb128 0x14
 1200 0112 0B       		.uleb128 0xb
 1201 0113 01       		.byte	0x1
 1202 0114 11       		.uleb128 0x11
 1203 0115 01       		.uleb128 0x1
 1204 0116 12       		.uleb128 0x12
ARM GAS  C:\Users\alexa\AppData\Local\Temp\ccs0DobP.s 			page 25


 1205 0117 06       		.uleb128 0x6
 1206 0118 01       		.uleb128 0x1
 1207 0119 13       		.uleb128 0x13
 1208 011a 00       		.byte	0
 1209 011b 00       		.byte	0
 1210 011c 15       		.uleb128 0x15
 1211 011d 34       		.uleb128 0x34
 1212 011e 00       		.byte	0
 1213 011f 03       		.uleb128 0x3
 1214 0120 0E       		.uleb128 0xe
 1215 0121 3A       		.uleb128 0x3a
 1216 0122 0B       		.uleb128 0xb
 1217 0123 3B       		.uleb128 0x3b
 1218 0124 05       		.uleb128 0x5
 1219 0125 49       		.uleb128 0x49
 1220 0126 13       		.uleb128 0x13
 1221 0127 3F       		.uleb128 0x3f
 1222 0128 19       		.uleb128 0x19
 1223 0129 3C       		.uleb128 0x3c
 1224 012a 19       		.uleb128 0x19
 1225 012b 00       		.byte	0
 1226 012c 00       		.byte	0
 1227 012d 16       		.uleb128 0x16
 1228 012e 35       		.uleb128 0x35
 1229 012f 00       		.byte	0
 1230 0130 49       		.uleb128 0x49
 1231 0131 13       		.uleb128 0x13
 1232 0132 00       		.byte	0
 1233 0133 00       		.byte	0
 1234 0134 17       		.uleb128 0x17
 1235 0135 2E       		.uleb128 0x2e
 1236 0136 00       		.byte	0
 1237 0137 3F       		.uleb128 0x3f
 1238 0138 19       		.uleb128 0x19
 1239 0139 3C       		.uleb128 0x3c
 1240 013a 19       		.uleb128 0x19
 1241 013b 6E       		.uleb128 0x6e
 1242 013c 0E       		.uleb128 0xe
 1243 013d 03       		.uleb128 0x3
 1244 013e 0E       		.uleb128 0xe
 1245 013f 3A       		.uleb128 0x3a
 1246 0140 0B       		.uleb128 0xb
 1247 0141 3B       		.uleb128 0x3b
 1248 0142 0B       		.uleb128 0xb
 1249 0143 00       		.byte	0
 1250 0144 00       		.byte	0
 1251 0145 00       		.byte	0
 1252              		.section	.debug_loc,"",%progbits
 1253              	.Ldebug_loc0:
 1254              	.LLST0:
 1255 0000 00000000 		.4byte	.LVL4
 1256 0004 0B000000 		.4byte	.LVL6-1
 1257 0008 0100     		.2byte	0x1
 1258 000a 50       		.byte	0x50
 1259 000b 0B000000 		.4byte	.LVL6-1
 1260 000f 84000000 		.4byte	.LFE67
 1261 0013 0400     		.2byte	0x4
ARM GAS  C:\Users\alexa\AppData\Local\Temp\ccs0DobP.s 			page 26


 1262 0015 F3       		.byte	0xf3
 1263 0016 01       		.uleb128 0x1
 1264 0017 50       		.byte	0x50
 1265 0018 9F       		.byte	0x9f
 1266 0019 00000000 		.4byte	0
 1267 001d 00000000 		.4byte	0
 1268              	.LLST1:
 1269 0021 04000000 		.4byte	.LVL5
 1270 0025 18000000 		.4byte	.LVL10
 1271 0029 0200     		.2byte	0x2
 1272 002b 30       		.byte	0x30
 1273 002c 9F       		.byte	0x9f
 1274 002d 00000000 		.4byte	0
 1275 0031 00000000 		.4byte	0
 1276              	.LLST2:
 1277 0035 0E000000 		.4byte	.LVL7
 1278 0039 12000000 		.4byte	.LVL8
 1279 003d 0100     		.2byte	0x1
 1280 003f 50       		.byte	0x50
 1281 0040 12000000 		.4byte	.LVL8
 1282 0044 16000000 		.4byte	.LVL9
 1283 0048 0100     		.2byte	0x1
 1284 004a 54       		.byte	0x54
 1285 004b 16000000 		.4byte	.LVL9
 1286 004f 1C000000 		.4byte	.LVL11
 1287 0053 0100     		.2byte	0x1
 1288 0055 50       		.byte	0x50
 1289 0056 20000000 		.4byte	.LVL12
 1290 005a 2C000000 		.4byte	.LVL13
 1291 005e 0100     		.2byte	0x1
 1292 0060 50       		.byte	0x50
 1293 0061 00000000 		.4byte	0
 1294 0065 00000000 		.4byte	0
 1295              	.LLST3:
 1296 0069 0E000000 		.4byte	.LVL7
 1297 006d 12000000 		.4byte	.LVL8
 1298 0071 0100     		.2byte	0x1
 1299 0073 50       		.byte	0x50
 1300 0074 12000000 		.4byte	.LVL8
 1301 0078 6A000000 		.4byte	.LVL22
 1302 007c 0100     		.2byte	0x1
 1303 007e 54       		.byte	0x54
 1304 007f 00000000 		.4byte	0
 1305 0083 00000000 		.4byte	0
 1306              	.LLST4:
 1307 0087 08000000 		.4byte	.LVL23
 1308 008b 38000000 		.4byte	.LVL24
 1309 008f 0100     		.2byte	0x1
 1310 0091 50       		.byte	0x50
 1311 0092 00000000 		.4byte	0
 1312 0096 00000000 		.4byte	0
 1313              	.LLST5:
 1314 009a 08000000 		.4byte	.LVL27
 1315 009e 46000000 		.4byte	.LVL28
 1316 00a2 0100     		.2byte	0x1
 1317 00a4 50       		.byte	0x50
 1318 00a5 00000000 		.4byte	0
ARM GAS  C:\Users\alexa\AppData\Local\Temp\ccs0DobP.s 			page 27


 1319 00a9 00000000 		.4byte	0
 1320              		.section	.debug_aranges,"",%progbits
 1321 0000 34000000 		.4byte	0x34
 1322 0004 0200     		.2byte	0x2
 1323 0006 00000000 		.4byte	.Ldebug_info0
 1324 000a 04       		.byte	0x4
 1325 000b 00       		.byte	0
 1326 000c 0000     		.2byte	0
 1327 000e 0000     		.2byte	0
 1328 0010 00000000 		.4byte	.LFB64
 1329 0014 24000000 		.4byte	.LFE64-.LFB64
 1330 0018 00000000 		.4byte	.LFB67
 1331 001c 84000000 		.4byte	.LFE67-.LFB67
 1332 0020 00000000 		.4byte	.LFB65
 1333 0024 50000000 		.4byte	.LFE65-.LFB65
 1334 0028 00000000 		.4byte	.LFB66
 1335 002c 60000000 		.4byte	.LFE66-.LFB66
 1336 0030 00000000 		.4byte	0
 1337 0034 00000000 		.4byte	0
 1338              		.section	.debug_ranges,"",%progbits
 1339              	.Ldebug_ranges0:
 1340 0000 00000000 		.4byte	.LFB64
 1341 0004 24000000 		.4byte	.LFE64
 1342 0008 00000000 		.4byte	.LFB67
 1343 000c 84000000 		.4byte	.LFE67
 1344 0010 00000000 		.4byte	.LFB65
 1345 0014 50000000 		.4byte	.LFE65
 1346 0018 00000000 		.4byte	.LFB66
 1347 001c 60000000 		.4byte	.LFE66
 1348 0020 00000000 		.4byte	0
 1349 0024 00000000 		.4byte	0
 1350              		.section	.debug_line,"",%progbits
 1351              	.Ldebug_line0:
 1352 0000 A0020000 		.section	.debug_str,"MS",%progbits,1
 1352      02001302 
 1352      00000201 
 1352      FB0E0D00 
 1352      01010101 
 1353              	.LASF22:
 1354 0000 55415254 		.ascii	"UART_USB_rx_buf\000"
 1354      5F555342 
 1354      5F72785F 
 1354      62756600 
 1355              	.LASF4:
 1356 0010 5F5F7569 		.ascii	"__uint8_t\000"
 1356      6E74385F 
 1356      7400
 1357              	.LASF21:
 1358 001a 55415254 		.ascii	"UART_USB_RX_ISR_handler\000"
 1358      5F555342 
 1358      5F52585F 
 1358      4953525F 
 1358      68616E64 
 1359              	.LASF36:
 1360 0032 55415254 		.ascii	"UART_USB_ReadRxData\000"
 1360      5F555342 
 1360      5F526561 
ARM GAS  C:\Users\alexa\AppData\Local\Temp\ccs0DobP.s 			page 28


 1360      64527844 
 1360      61746100 
 1361              	.LASF42:
 1362 0046 433A5C55 		.ascii	"C:\\Users\\alexa\\Documents\\GitHub\\Projekt-3\\PSo"
 1362      73657273 
 1362      5C616C65 
 1362      78615C44 
 1362      6F63756D 
 1363 0073 435C5052 		.ascii	"C\\PRJ3.cydsn\000"
 1363      4A332E63 
 1363      7964736E 
 1363      00
 1364              	.LASF5:
 1365 0080 5F5F696E 		.ascii	"__int32_t\000"
 1365      7433325F 
 1365      7400
 1366              	.LASF25:
 1367 008a 55415254 		.ascii	"UART_PI_RX_ISR_handler\000"
 1367      5F50495F 
 1367      52585F49 
 1367      53525F68 
 1367      616E646C 
 1368              	.LASF6:
 1369 00a1 6C6F6E67 		.ascii	"long int\000"
 1369      20696E74 
 1369      00
 1370              	.LASF32:
 1371 00aa 736E7072 		.ascii	"snprintf\000"
 1371      696E7466 
 1371      00
 1372              	.LASF3:
 1373 00b3 73686F72 		.ascii	"short unsigned int\000"
 1373      7420756E 
 1373      7369676E 
 1373      65642069 
 1373      6E7400
 1374              	.LASF19:
 1375 00c6 636F6D6D 		.ascii	"command\000"
 1375      616E6400 
 1376              	.LASF44:
 1377 00ce 72656365 		.ascii	"receivedString\000"
 1377      69766564 
 1377      53747269 
 1377      6E6700
 1378              	.LASF39:
 1379 00dd 55415254 		.ascii	"UART_PI_GetRxBufferSize\000"
 1379      5F50495F 
 1379      47657452 
 1379      78427566 
 1379      66657253 
 1380              	.LASF12:
 1381 00f5 696E7433 		.ascii	"int32_t\000"
 1381      325F7400 
 1382              	.LASF13:
 1383 00fd 666C6F61 		.ascii	"float\000"
 1383      7400
 1384              	.LASF20:
ARM GAS  C:\Users\alexa\AppData\Local\Temp\ccs0DobP.s 			page 29


 1385 0103 48616E64 		.ascii	"HandleStringReceived\000"
 1385      6C655374 
 1385      72696E67 
 1385      52656365 
 1385      69766564 
 1386              	.LASF29:
 1387 0118 55415254 		.ascii	"UART_USB_Start\000"
 1387      5F555342 
 1387      5F537461 
 1387      727400
 1388              	.LASF1:
 1389 0127 756E7369 		.ascii	"unsigned char\000"
 1389      676E6564 
 1389      20636861 
 1389      7200
 1390              	.LASF40:
 1391 0135 474E5520 		.ascii	"GNU C11 5.4.1 20160609 (release) [ARM/embedded-5-br"
 1391      43313120 
 1391      352E342E 
 1391      31203230 
 1391      31363036 
 1392 0168 616E6368 		.ascii	"anch revision 237715] -mcpu=cortex-m3 -mthumb -g -O"
 1392      20726576 
 1392      6973696F 
 1392      6E203233 
 1392      37373135 
 1393 019b 67202D66 		.ascii	"g -ffunction-sections -ffat-lto-objects\000"
 1393      66756E63 
 1393      74696F6E 
 1393      2D736563 
 1393      74696F6E 
 1394              	.LASF7:
 1395 01c3 6C6F6E67 		.ascii	"long unsigned int\000"
 1395      20756E73 
 1395      69676E65 
 1395      6420696E 
 1395      7400
 1396              	.LASF26:
 1397 01d5 55415254 		.ascii	"UART_PI_rx_buf\000"
 1397      5F50495F 
 1397      72785F62 
 1397      756600
 1398              	.LASF38:
 1399 01e4 55415254 		.ascii	"UART_PI_ReadRxData\000"
 1399      5F50495F 
 1399      52656164 
 1399      52784461 
 1399      746100
 1400              	.LASF46:
 1401 01f7 49544D5F 		.ascii	"ITM_RxBuffer\000"
 1401      52784275 
 1401      66666572 
 1401      00
 1402              	.LASF45:
 1403 0204 70617261 		.ascii	"params\000"
 1403      6D7300
 1404              	.LASF14:
ARM GAS  C:\Users\alexa\AppData\Local\Temp\ccs0DobP.s 			page 30


 1405 020b 646F7562 		.ascii	"double\000"
 1405      6C6500
 1406              	.LASF37:
 1407 0212 55415254 		.ascii	"UART_USB_GetRxBufferSize\000"
 1407      5F555342 
 1407      5F476574 
 1407      52784275 
 1407      66666572 
 1408              	.LASF33:
 1409 022b 73747263 		.ascii	"strcmp\000"
 1409      6D7000
 1410              	.LASF23:
 1411 0232 6275665F 		.ascii	"buf_index\000"
 1411      696E6465 
 1411      7800
 1412              	.LASF35:
 1413 023c 4C45445F 		.ascii	"LED_BUILTIN_Write\000"
 1413      4255494C 
 1413      54494E5F 
 1413      57726974 
 1413      6500
 1414              	.LASF43:
 1415 024e 6D61696E 		.ascii	"main\000"
 1415      00
 1416              	.LASF10:
 1417 0253 756E7369 		.ascii	"unsigned int\000"
 1417      676E6564 
 1417      20696E74 
 1417      00
 1418              	.LASF31:
 1419 0260 73747274 		.ascii	"strtok\000"
 1419      6F6B00
 1420              	.LASF9:
 1421 0267 6C6F6E67 		.ascii	"long long unsigned int\000"
 1421      206C6F6E 
 1421      6720756E 
 1421      7369676E 
 1421      65642069 
 1422              	.LASF11:
 1423 027e 75696E74 		.ascii	"uint8_t\000"
 1423      385F7400 
 1424              	.LASF34:
 1425 0286 55415254 		.ascii	"UART_USB_PutString\000"
 1425      5F555342 
 1425      5F507574 
 1425      53747269 
 1425      6E6700
 1426              	.LASF16:
 1427 0299 6C6F6E67 		.ascii	"long double\000"
 1427      20646F75 
 1427      626C6500 
 1428              	.LASF17:
 1429 02a5 73697A65 		.ascii	"sizetype\000"
 1429      74797065 
 1429      00
 1430              	.LASF8:
 1431 02ae 6C6F6E67 		.ascii	"long long int\000"
ARM GAS  C:\Users\alexa\AppData\Local\Temp\ccs0DobP.s 			page 31


 1431      206C6F6E 
 1431      6720696E 
 1431      7400
 1432              	.LASF41:
 1433 02bc 6D61696E 		.ascii	"main.c\000"
 1433      2E6300
 1434              	.LASF15:
 1435 02c3 63686172 		.ascii	"char\000"
 1435      00
 1436              	.LASF30:
 1437 02c8 55415254 		.ascii	"UART_PI_Start\000"
 1437      5F50495F 
 1437      53746172 
 1437      7400
 1438              	.LASF2:
 1439 02d6 73686F72 		.ascii	"short int\000"
 1439      7420696E 
 1439      7400
 1440              	.LASF18:
 1441 02e0 746F6B65 		.ascii	"token\000"
 1441      6E00
 1442              	.LASF27:
 1443 02e6 55415254 		.ascii	"UART_USB_RX_ISR_StartEx\000"
 1443      5F555342 
 1443      5F52585F 
 1443      4953525F 
 1443      53746172 
 1444              	.LASF0:
 1445 02fe 7369676E 		.ascii	"signed char\000"
 1445      65642063 
 1445      68617200 
 1446              	.LASF24:
 1447 030a 62797465 		.ascii	"byteReceived\000"
 1447      52656365 
 1447      69766564 
 1447      00
 1448              	.LASF28:
 1449 0317 55415254 		.ascii	"UART_PI_RX_ISR_StartEx\000"
 1449      5F50495F 
 1449      52585F49 
 1449      53525F53 
 1449      74617274 
 1450              		.ident	"GCC: (GNU Tools for ARM Embedded Processors) 5.4.1 20160609 (release) [ARM/embedded-5-bran
