ARM GAS  C:\Users\alexa\AppData\Local\Temp\ccZFDufq.s 			page 1


   1              		.syntax unified
   2              		.cpu cortex-m3
   3              		.fpu softvfp
   4              		.eabi_attribute 20, 1
   5              		.eabi_attribute 21, 1
   6              		.eabi_attribute 23, 3
   7              		.eabi_attribute 24, 1
   8              		.eabi_attribute 25, 1
   9              		.eabi_attribute 26, 1
  10              		.eabi_attribute 30, 1
  11              		.eabi_attribute 34, 1
  12              		.eabi_attribute 18, 4
  13              		.thumb
  14              		.syntax unified
  15              		.file	"Pump.c"
  16              		.text
  17              	.Ltext0:
  18              		.cfi_sections	.debug_frame
  19              		.section	.text.Pump,"ax",%progbits
  20              		.align	2
  21              		.global	Pump
  22              		.thumb
  23              		.thumb_func
  24              		.type	Pump, %function
  25              	Pump:
  26              	.LFB63:
  27              		.file 1 "Pump.c"
   1:Pump.c        **** #include "project.h"
   2:Pump.c        **** #include "Pump.h"
   3:Pump.c        **** 
   4:Pump.c        **** void Pump(uint8_t color)
   5:Pump.c        **** {
  28              		.loc 1 5 0
  29              		.cfi_startproc
  30              		@ args = 0, pretend = 0, frame = 24
  31              		@ frame_needed = 0, uses_anonymous_args = 0
  32              	.LVL0:
   6:Pump.c        ****     if (color < 1 || color > 6) return; // Ugyldig farve-tal --> Returnér
  33              		.loc 1 6 0
  34 0000 431E     		subs	r3, r0, #1
  35 0002 DBB2     		uxtb	r3, r3
  36 0004 052B     		cmp	r3, #5
  37 0006 1AD8     		bhi	.L5
   5:Pump.c        ****     if (color < 1 || color > 6) return; // Ugyldig farve-tal --> Returnér
  38              		.loc 1 5 0
  39 0008 70B5     		push	{r4, r5, r6, lr}
  40              		.cfi_def_cfa_offset 16
  41              		.cfi_offset 4, -16
  42              		.cfi_offset 5, -12
  43              		.cfi_offset 6, -8
  44              		.cfi_offset 14, -4
  45 000a 86B0     		sub	sp, sp, #24
  46              		.cfi_def_cfa_offset 40
  47 000c 0446     		mov	r4, r0
   7:Pump.c        **** 
   8:Pump.c        ****     void (*pumpWrite[])(uint8_t) = {
  48              		.loc 1 8 0
ARM GAS  C:\Users\alexa\AppData\Local\Temp\ccZFDufq.s 			page 2


  49 000e 6D46     		mov	r5, sp
  50 0010 0B4E     		ldr	r6, .L6
  51 0012 0FCE     		ldmia	r6!, {r0, r1, r2, r3}
  52              	.LVL1:
  53 0014 0FC5     		stmia	r5!, {r0, r1, r2, r3}
  54 0016 96E80300 		ldmia	r6, {r0, r1}
  55 001a 85E80300 		stmia	r5, {r0, r1}
   9:Pump.c        ****         PUMP_1_Write,
  10:Pump.c        ****         PUMP_2_Write,
  11:Pump.c        ****         PUMP_3_Write,
  12:Pump.c        ****         PUMP_4_Write,
  13:Pump.c        ****         PUMP_5_Write,
  14:Pump.c        ****         PUMP_6_Write
  15:Pump.c        ****     };
  16:Pump.c        **** 
  17:Pump.c        ****     pumpWrite[color - 1](1); // Tænd pumpen
  56              		.loc 1 17 0
  57 001e 601E     		subs	r0, r4, #1
  58 0020 06AB     		add	r3, sp, #24
  59 0022 03EB8000 		add	r0, r3, r0, lsl #2
  60 0026 50F8184C 		ldr	r4, [r0, #-24]
  61 002a 0120     		movs	r0, #1
  62 002c A047     		blx	r4
  63              	.LVL2:
  18:Pump.c        ****     CyDelay(5000);
  64              		.loc 1 18 0
  65 002e 41F28830 		movw	r0, #5000
  66 0032 FFF7FEFF 		bl	CyDelay
  67              	.LVL3:
  19:Pump.c        ****     pumpWrite[color - 1](0); // Sluk pumpen
  68              		.loc 1 19 0
  69 0036 0020     		movs	r0, #0
  70 0038 A047     		blx	r4
  71              	.LVL4:
  20:Pump.c        **** }...
  72              		.loc 1 20 0
  73 003a 06B0     		add	sp, sp, #24
  74              		.cfi_def_cfa_offset 16
  75              		@ sp needed
  76 003c 70BD     		pop	{r4, r5, r6, pc}
  77              	.LVL5:
  78              	.L5:
  79              		.cfi_def_cfa_offset 0
  80              		.cfi_restore 4
  81              		.cfi_restore 5
  82              		.cfi_restore 6
  83              		.cfi_restore 14
  84 003e 7047     		bx	lr
  85              	.L7:
  86              		.align	2
  87              	.L6:
  88 0040 00000000 		.word	.LANCHOR0
  89              		.cfi_endproc
  90              	.LFE63:
  91              		.size	Pump, .-Pump
  92              		.section	.rodata
  93              		.align	2
ARM GAS  C:\Users\alexa\AppData\Local\Temp\ccZFDufq.s 			page 3


  94              		.set	.LANCHOR0,. + 0
  95              	.LC1:
  96 0000 00000000 		.word	PUMP_1_Write
  97 0004 00000000 		.word	PUMP_2_Write
  98 0008 00000000 		.word	PUMP_3_Write
  99 000c 00000000 		.word	PUMP_4_Write
 100 0010 00000000 		.word	PUMP_5_Write
 101 0014 00000000 		.word	PUMP_6_Write
 102              		.text
 103              	.Letext0:
 104              		.file 2 "c:\\program files (x86)\\cypress\\psoc creator\\4.4\\psoc creator\\import\\gnu\\arm\\5.4.
 105              		.file 3 "c:\\program files (x86)\\cypress\\psoc creator\\4.4\\psoc creator\\import\\gnu\\arm\\5.4.
 106              		.file 4 "Generated_Source\\PSoC5/core_cm3.h"
 107              		.file 5 "Generated_Source\\PSoC5/CyLib.h"
 108              		.section	.debug_info,"",%progbits
 109              	.Ldebug_info0:
 110 0000 5C010000 		.4byte	0x15c
 111 0004 0400     		.2byte	0x4
 112 0006 00000000 		.4byte	.Ldebug_abbrev0
 113 000a 04       		.byte	0x4
 114 000b 01       		.uleb128 0x1
 115 000c 41000000 		.4byte	.LASF18
 116 0010 0C       		.byte	0xc
 117 0011 10010000 		.4byte	.LASF19
 118 0015 3E010000 		.4byte	.LASF20
 119 0019 00000000 		.4byte	.Ldebug_ranges0+0
 120 001d 00000000 		.4byte	0
 121 0021 00000000 		.4byte	.Ldebug_line0
 122 0025 02       		.uleb128 0x2
 123 0026 01       		.byte	0x1
 124 0027 06       		.byte	0x6
 125 0028 85010000 		.4byte	.LASF0
 126 002c 03       		.uleb128 0x3
 127 002d FE000000 		.4byte	.LASF4
 128 0031 02       		.byte	0x2
 129 0032 1D       		.byte	0x1d
 130 0033 37000000 		.4byte	0x37
 131 0037 02       		.uleb128 0x2
 132 0038 01       		.byte	0x1
 133 0039 08       		.byte	0x8
 134 003a 33000000 		.4byte	.LASF1
 135 003e 02       		.uleb128 0x2
 136 003f 02       		.byte	0x2
 137 0040 05       		.byte	0x5
 138 0041 AD010000 		.4byte	.LASF2
 139 0045 02       		.uleb128 0x2
 140 0046 02       		.byte	0x2
 141 0047 07       		.byte	0x7
 142 0048 0E000000 		.4byte	.LASF3
 143 004c 03       		.uleb128 0x3
 144 004d 9D010000 		.4byte	.LASF5
 145 0051 02       		.byte	0x2
 146 0052 3F       		.byte	0x3f
 147 0053 57000000 		.4byte	0x57
 148 0057 02       		.uleb128 0x2
 149 0058 04       		.byte	0x4
 150 0059 05       		.byte	0x5
ARM GAS  C:\Users\alexa\AppData\Local\Temp\ccZFDufq.s 			page 4


 151 005a 1C010000 		.4byte	.LASF6
 152 005e 02       		.uleb128 0x2
 153 005f 04       		.byte	0x4
 154 0060 07       		.byte	0x7
 155 0061 25010000 		.4byte	.LASF7
 156 0065 02       		.uleb128 0x2
 157 0066 08       		.byte	0x8
 158 0067 05       		.byte	0x5
 159 0068 00000000 		.4byte	.LASF8
 160 006c 02       		.uleb128 0x2
 161 006d 08       		.byte	0x8
 162 006e 07       		.byte	0x7
 163 006f E7000000 		.4byte	.LASF9
 164 0073 04       		.uleb128 0x4
 165 0074 04       		.byte	0x4
 166 0075 05       		.byte	0x5
 167 0076 696E7400 		.ascii	"int\000"
 168 007a 02       		.uleb128 0x2
 169 007b 04       		.byte	0x4
 170 007c 07       		.byte	0x7
 171 007d 26000000 		.4byte	.LASF10
 172 0081 03       		.uleb128 0x3
 173 0082 08010000 		.4byte	.LASF11
 174 0086 03       		.byte	0x3
 175 0087 18       		.byte	0x18
 176 0088 2C000000 		.4byte	0x2c
 177 008c 03       		.uleb128 0x3
 178 008d B7010000 		.4byte	.LASF12
 179 0091 03       		.byte	0x3
 180 0092 2C       		.byte	0x2c
 181 0093 4C000000 		.4byte	0x4c
 182 0097 02       		.uleb128 0x2
 183 0098 04       		.byte	0x4
 184 0099 04       		.byte	0x4
 185 009a A7010000 		.4byte	.LASF13
 186 009e 02       		.uleb128 0x2
 187 009f 08       		.byte	0x8
 188 00a0 04       		.byte	0x4
 189 00a1 37010000 		.4byte	.LASF14
 190 00a5 02       		.uleb128 0x2
 191 00a6 01       		.byte	0x1
 192 00a7 08       		.byte	0x8
 193 00a8 17010000 		.4byte	.LASF15
 194 00ac 02       		.uleb128 0x2
 195 00ad 08       		.byte	0x8
 196 00ae 04       		.byte	0x4
 197 00af 91010000 		.4byte	.LASF16
 198 00b3 02       		.uleb128 0x2
 199 00b4 04       		.byte	0x4
 200 00b5 07       		.byte	0x7
 201 00b6 BF010000 		.4byte	.LASF17
 202 00ba 05       		.uleb128 0x5
 203 00bb 21000000 		.4byte	.LASF21
 204 00bf 01       		.byte	0x1
 205 00c0 04       		.byte	0x4
 206 00c1 00000000 		.4byte	.LFB63
 207 00c5 44000000 		.4byte	.LFE63-.LFB63
ARM GAS  C:\Users\alexa\AppData\Local\Temp\ccZFDufq.s 			page 5


 208 00c9 01       		.uleb128 0x1
 209 00ca 9C       		.byte	0x9c
 210 00cb 22010000 		.4byte	0x122
 211 00cf 06       		.uleb128 0x6
 212 00d0 E1000000 		.4byte	.LASF22
 213 00d4 01       		.byte	0x1
 214 00d5 04       		.byte	0x4
 215 00d6 81000000 		.4byte	0x81
 216 00da 00000000 		.4byte	.LLST0
 217 00de 07       		.uleb128 0x7
 218 00df D7000000 		.4byte	.LASF23
 219 00e3 01       		.byte	0x1
 220 00e4 08       		.byte	0x8
 221 00e5 22010000 		.4byte	0x122
 222 00e9 02       		.uleb128 0x2
 223 00ea 91       		.byte	0x91
 224 00eb 58       		.sleb128 -40
 225 00ec 08       		.uleb128 0x8
 226 00ed 2E000000 		.4byte	.LVL2
 227 00f1 02       		.uleb128 0x2
 228 00f2 74       		.byte	0x74
 229 00f3 00       		.sleb128 0
 230 00f4 FE000000 		.4byte	0xfe
 231 00f8 09       		.uleb128 0x9
 232 00f9 01       		.uleb128 0x1
 233 00fa 50       		.byte	0x50
 234 00fb 01       		.uleb128 0x1
 235 00fc 31       		.byte	0x31
 236 00fd 00       		.byte	0
 237 00fe 0A       		.uleb128 0xa
 238 00ff 36000000 		.4byte	.LVL3
 239 0103 54010000 		.4byte	0x154
 240 0107 13010000 		.4byte	0x113
 241 010b 09       		.uleb128 0x9
 242 010c 01       		.uleb128 0x1
 243 010d 50       		.byte	0x50
 244 010e 03       		.uleb128 0x3
 245 010f 0A       		.byte	0xa
 246 0110 8813     		.2byte	0x1388
 247 0112 00       		.byte	0
 248 0113 0B       		.uleb128 0xb
 249 0114 3A000000 		.4byte	.LVL4
 250 0118 02       		.uleb128 0x2
 251 0119 74       		.byte	0x74
 252 011a 00       		.sleb128 0
 253 011b 09       		.uleb128 0x9
 254 011c 01       		.uleb128 0x1
 255 011d 50       		.byte	0x50
 256 011e 01       		.uleb128 0x1
 257 011f 30       		.byte	0x30
 258 0120 00       		.byte	0
 259 0121 00       		.byte	0
 260 0122 0C       		.uleb128 0xc
 261 0123 32010000 		.4byte	0x132
 262 0127 32010000 		.4byte	0x132
 263 012b 0D       		.uleb128 0xd
 264 012c B3000000 		.4byte	0xb3
ARM GAS  C:\Users\alexa\AppData\Local\Temp\ccZFDufq.s 			page 6


 265 0130 05       		.byte	0x5
 266 0131 00       		.byte	0
 267 0132 0E       		.uleb128 0xe
 268 0133 04       		.byte	0x4
 269 0134 38010000 		.4byte	0x138
 270 0138 0F       		.uleb128 0xf
 271 0139 43010000 		.4byte	0x143
 272 013d 10       		.uleb128 0x10
 273 013e 81000000 		.4byte	0x81
 274 0142 00       		.byte	0
 275 0143 11       		.uleb128 0x11
 276 0144 78010000 		.4byte	.LASF24
 277 0148 04       		.byte	0x4
 278 0149 1207     		.2byte	0x712
 279 014b 4F010000 		.4byte	0x14f
 280 014f 12       		.uleb128 0x12
 281 0150 8C000000 		.4byte	0x8c
 282 0154 13       		.uleb128 0x13
 283 0155 CF000000 		.4byte	.LASF25
 284 0159 CF000000 		.4byte	.LASF25
 285 015d 05       		.byte	0x5
 286 015e 76       		.byte	0x76
 287 015f 00       		.byte	0
 288              		.section	.debug_abbrev,"",%progbits
 289              	.Ldebug_abbrev0:
 290 0000 01       		.uleb128 0x1
 291 0001 11       		.uleb128 0x11
 292 0002 01       		.byte	0x1
 293 0003 25       		.uleb128 0x25
 294 0004 0E       		.uleb128 0xe
 295 0005 13       		.uleb128 0x13
 296 0006 0B       		.uleb128 0xb
 297 0007 03       		.uleb128 0x3
 298 0008 0E       		.uleb128 0xe
 299 0009 1B       		.uleb128 0x1b
 300 000a 0E       		.uleb128 0xe
 301 000b 55       		.uleb128 0x55
 302 000c 17       		.uleb128 0x17
 303 000d 11       		.uleb128 0x11
 304 000e 01       		.uleb128 0x1
 305 000f 10       		.uleb128 0x10
 306 0010 17       		.uleb128 0x17
 307 0011 00       		.byte	0
 308 0012 00       		.byte	0
 309 0013 02       		.uleb128 0x2
 310 0014 24       		.uleb128 0x24
 311 0015 00       		.byte	0
 312 0016 0B       		.uleb128 0xb
 313 0017 0B       		.uleb128 0xb
 314 0018 3E       		.uleb128 0x3e
 315 0019 0B       		.uleb128 0xb
 316 001a 03       		.uleb128 0x3
 317 001b 0E       		.uleb128 0xe
 318 001c 00       		.byte	0
 319 001d 00       		.byte	0
 320 001e 03       		.uleb128 0x3
 321 001f 16       		.uleb128 0x16
ARM GAS  C:\Users\alexa\AppData\Local\Temp\ccZFDufq.s 			page 7


 322 0020 00       		.byte	0
 323 0021 03       		.uleb128 0x3
 324 0022 0E       		.uleb128 0xe
 325 0023 3A       		.uleb128 0x3a
 326 0024 0B       		.uleb128 0xb
 327 0025 3B       		.uleb128 0x3b
 328 0026 0B       		.uleb128 0xb
 329 0027 49       		.uleb128 0x49
 330 0028 13       		.uleb128 0x13
 331 0029 00       		.byte	0
 332 002a 00       		.byte	0
 333 002b 04       		.uleb128 0x4
 334 002c 24       		.uleb128 0x24
 335 002d 00       		.byte	0
 336 002e 0B       		.uleb128 0xb
 337 002f 0B       		.uleb128 0xb
 338 0030 3E       		.uleb128 0x3e
 339 0031 0B       		.uleb128 0xb
 340 0032 03       		.uleb128 0x3
 341 0033 08       		.uleb128 0x8
 342 0034 00       		.byte	0
 343 0035 00       		.byte	0
 344 0036 05       		.uleb128 0x5
 345 0037 2E       		.uleb128 0x2e
 346 0038 01       		.byte	0x1
 347 0039 3F       		.uleb128 0x3f
 348 003a 19       		.uleb128 0x19
 349 003b 03       		.uleb128 0x3
 350 003c 0E       		.uleb128 0xe
 351 003d 3A       		.uleb128 0x3a
 352 003e 0B       		.uleb128 0xb
 353 003f 3B       		.uleb128 0x3b
 354 0040 0B       		.uleb128 0xb
 355 0041 27       		.uleb128 0x27
 356 0042 19       		.uleb128 0x19
 357 0043 11       		.uleb128 0x11
 358 0044 01       		.uleb128 0x1
 359 0045 12       		.uleb128 0x12
 360 0046 06       		.uleb128 0x6
 361 0047 40       		.uleb128 0x40
 362 0048 18       		.uleb128 0x18
 363 0049 9742     		.uleb128 0x2117
 364 004b 19       		.uleb128 0x19
 365 004c 01       		.uleb128 0x1
 366 004d 13       		.uleb128 0x13
 367 004e 00       		.byte	0
 368 004f 00       		.byte	0
 369 0050 06       		.uleb128 0x6
 370 0051 05       		.uleb128 0x5
 371 0052 00       		.byte	0
 372 0053 03       		.uleb128 0x3
 373 0054 0E       		.uleb128 0xe
 374 0055 3A       		.uleb128 0x3a
 375 0056 0B       		.uleb128 0xb
 376 0057 3B       		.uleb128 0x3b
 377 0058 0B       		.uleb128 0xb
 378 0059 49       		.uleb128 0x49
ARM GAS  C:\Users\alexa\AppData\Local\Temp\ccZFDufq.s 			page 8


 379 005a 13       		.uleb128 0x13
 380 005b 02       		.uleb128 0x2
 381 005c 17       		.uleb128 0x17
 382 005d 00       		.byte	0
 383 005e 00       		.byte	0
 384 005f 07       		.uleb128 0x7
 385 0060 34       		.uleb128 0x34
 386 0061 00       		.byte	0
 387 0062 03       		.uleb128 0x3
 388 0063 0E       		.uleb128 0xe
 389 0064 3A       		.uleb128 0x3a
 390 0065 0B       		.uleb128 0xb
 391 0066 3B       		.uleb128 0x3b
 392 0067 0B       		.uleb128 0xb
 393 0068 49       		.uleb128 0x49
 394 0069 13       		.uleb128 0x13
 395 006a 02       		.uleb128 0x2
 396 006b 18       		.uleb128 0x18
 397 006c 00       		.byte	0
 398 006d 00       		.byte	0
 399 006e 08       		.uleb128 0x8
 400 006f 898201   		.uleb128 0x4109
 401 0072 01       		.byte	0x1
 402 0073 11       		.uleb128 0x11
 403 0074 01       		.uleb128 0x1
 404 0075 9342     		.uleb128 0x2113
 405 0077 18       		.uleb128 0x18
 406 0078 01       		.uleb128 0x1
 407 0079 13       		.uleb128 0x13
 408 007a 00       		.byte	0
 409 007b 00       		.byte	0
 410 007c 09       		.uleb128 0x9
 411 007d 8A8201   		.uleb128 0x410a
 412 0080 00       		.byte	0
 413 0081 02       		.uleb128 0x2
 414 0082 18       		.uleb128 0x18
 415 0083 9142     		.uleb128 0x2111
 416 0085 18       		.uleb128 0x18
 417 0086 00       		.byte	0
 418 0087 00       		.byte	0
 419 0088 0A       		.uleb128 0xa
 420 0089 898201   		.uleb128 0x4109
 421 008c 01       		.byte	0x1
 422 008d 11       		.uleb128 0x11
 423 008e 01       		.uleb128 0x1
 424 008f 31       		.uleb128 0x31
 425 0090 13       		.uleb128 0x13
 426 0091 01       		.uleb128 0x1
 427 0092 13       		.uleb128 0x13
 428 0093 00       		.byte	0
 429 0094 00       		.byte	0
 430 0095 0B       		.uleb128 0xb
 431 0096 898201   		.uleb128 0x4109
 432 0099 01       		.byte	0x1
 433 009a 11       		.uleb128 0x11
 434 009b 01       		.uleb128 0x1
 435 009c 9342     		.uleb128 0x2113
ARM GAS  C:\Users\alexa\AppData\Local\Temp\ccZFDufq.s 			page 9


 436 009e 18       		.uleb128 0x18
 437 009f 00       		.byte	0
 438 00a0 00       		.byte	0
 439 00a1 0C       		.uleb128 0xc
 440 00a2 01       		.uleb128 0x1
 441 00a3 01       		.byte	0x1
 442 00a4 49       		.uleb128 0x49
 443 00a5 13       		.uleb128 0x13
 444 00a6 01       		.uleb128 0x1
 445 00a7 13       		.uleb128 0x13
 446 00a8 00       		.byte	0
 447 00a9 00       		.byte	0
 448 00aa 0D       		.uleb128 0xd
 449 00ab 21       		.uleb128 0x21
 450 00ac 00       		.byte	0
 451 00ad 49       		.uleb128 0x49
 452 00ae 13       		.uleb128 0x13
 453 00af 2F       		.uleb128 0x2f
 454 00b0 0B       		.uleb128 0xb
 455 00b1 00       		.byte	0
 456 00b2 00       		.byte	0
 457 00b3 0E       		.uleb128 0xe
 458 00b4 0F       		.uleb128 0xf
 459 00b5 00       		.byte	0
 460 00b6 0B       		.uleb128 0xb
 461 00b7 0B       		.uleb128 0xb
 462 00b8 49       		.uleb128 0x49
 463 00b9 13       		.uleb128 0x13
 464 00ba 00       		.byte	0
 465 00bb 00       		.byte	0
 466 00bc 0F       		.uleb128 0xf
 467 00bd 15       		.uleb128 0x15
 468 00be 01       		.byte	0x1
 469 00bf 27       		.uleb128 0x27
 470 00c0 19       		.uleb128 0x19
 471 00c1 01       		.uleb128 0x1
 472 00c2 13       		.uleb128 0x13
 473 00c3 00       		.byte	0
 474 00c4 00       		.byte	0
 475 00c5 10       		.uleb128 0x10
 476 00c6 05       		.uleb128 0x5
 477 00c7 00       		.byte	0
 478 00c8 49       		.uleb128 0x49
 479 00c9 13       		.uleb128 0x13
 480 00ca 00       		.byte	0
 481 00cb 00       		.byte	0
 482 00cc 11       		.uleb128 0x11
 483 00cd 34       		.uleb128 0x34
 484 00ce 00       		.byte	0
 485 00cf 03       		.uleb128 0x3
 486 00d0 0E       		.uleb128 0xe
 487 00d1 3A       		.uleb128 0x3a
 488 00d2 0B       		.uleb128 0xb
 489 00d3 3B       		.uleb128 0x3b
 490 00d4 05       		.uleb128 0x5
 491 00d5 49       		.uleb128 0x49
 492 00d6 13       		.uleb128 0x13
ARM GAS  C:\Users\alexa\AppData\Local\Temp\ccZFDufq.s 			page 10


 493 00d7 3F       		.uleb128 0x3f
 494 00d8 19       		.uleb128 0x19
 495 00d9 3C       		.uleb128 0x3c
 496 00da 19       		.uleb128 0x19
 497 00db 00       		.byte	0
 498 00dc 00       		.byte	0
 499 00dd 12       		.uleb128 0x12
 500 00de 35       		.uleb128 0x35
 501 00df 00       		.byte	0
 502 00e0 49       		.uleb128 0x49
 503 00e1 13       		.uleb128 0x13
 504 00e2 00       		.byte	0
 505 00e3 00       		.byte	0
 506 00e4 13       		.uleb128 0x13
 507 00e5 2E       		.uleb128 0x2e
 508 00e6 00       		.byte	0
 509 00e7 3F       		.uleb128 0x3f
 510 00e8 19       		.uleb128 0x19
 511 00e9 3C       		.uleb128 0x3c
 512 00ea 19       		.uleb128 0x19
 513 00eb 6E       		.uleb128 0x6e
 514 00ec 0E       		.uleb128 0xe
 515 00ed 03       		.uleb128 0x3
 516 00ee 0E       		.uleb128 0xe
 517 00ef 3A       		.uleb128 0x3a
 518 00f0 0B       		.uleb128 0xb
 519 00f1 3B       		.uleb128 0x3b
 520 00f2 0B       		.uleb128 0xb
 521 00f3 00       		.byte	0
 522 00f4 00       		.byte	0
 523 00f5 00       		.byte	0
 524              		.section	.debug_loc,"",%progbits
 525              	.Ldebug_loc0:
 526              	.LLST0:
 527 0000 00000000 		.4byte	.LVL0
 528 0004 14000000 		.4byte	.LVL1
 529 0008 0100     		.2byte	0x1
 530 000a 50       		.byte	0x50
 531 000b 14000000 		.4byte	.LVL1
 532 000f 3E000000 		.4byte	.LVL5
 533 0013 0400     		.2byte	0x4
 534 0015 F3       		.byte	0xf3
 535 0016 01       		.uleb128 0x1
 536 0017 50       		.byte	0x50
 537 0018 9F       		.byte	0x9f
 538 0019 3E000000 		.4byte	.LVL5
 539 001d 44000000 		.4byte	.LFE63
 540 0021 0100     		.2byte	0x1
 541 0023 50       		.byte	0x50
 542 0024 00000000 		.4byte	0
 543 0028 00000000 		.4byte	0
 544              		.section	.debug_aranges,"",%progbits
 545 0000 1C000000 		.4byte	0x1c
 546 0004 0200     		.2byte	0x2
 547 0006 00000000 		.4byte	.Ldebug_info0
 548 000a 04       		.byte	0x4
 549 000b 00       		.byte	0
ARM GAS  C:\Users\alexa\AppData\Local\Temp\ccZFDufq.s 			page 11


 550 000c 0000     		.2byte	0
 551 000e 0000     		.2byte	0
 552 0010 00000000 		.4byte	.LFB63
 553 0014 44000000 		.4byte	.LFE63-.LFB63
 554 0018 00000000 		.4byte	0
 555 001c 00000000 		.4byte	0
 556              		.section	.debug_ranges,"",%progbits
 557              	.Ldebug_ranges0:
 558 0000 00000000 		.4byte	.LFB63
 559 0004 44000000 		.4byte	.LFE63
 560 0008 00000000 		.4byte	0
 561 000c 00000000 		.4byte	0
 562              		.section	.debug_line,"",%progbits
 563              	.Ldebug_line0:
 564 0000 66010000 		.section	.debug_str,"MS",%progbits,1
 564      02004A01 
 564      00000201 
 564      FB0E0D00 
 564      01010101 
 565              	.LASF8:
 566 0000 6C6F6E67 		.ascii	"long long int\000"
 566      206C6F6E 
 566      6720696E 
 566      7400
 567              	.LASF3:
 568 000e 73686F72 		.ascii	"short unsigned int\000"
 568      7420756E 
 568      7369676E 
 568      65642069 
 568      6E7400
 569              	.LASF21:
 570 0021 50756D70 		.ascii	"Pump\000"
 570      00
 571              	.LASF10:
 572 0026 756E7369 		.ascii	"unsigned int\000"
 572      676E6564 
 572      20696E74 
 572      00
 573              	.LASF1:
 574 0033 756E7369 		.ascii	"unsigned char\000"
 574      676E6564 
 574      20636861 
 574      7200
 575              	.LASF18:
 576 0041 474E5520 		.ascii	"GNU C11 5.4.1 20160609 (release) [ARM/embedded-5-br"
 576      43313120 
 576      352E342E 
 576      31203230 
 576      31363036 
 577 0074 616E6368 		.ascii	"anch revision 237715] -mcpu=cortex-m3 -mthumb -g -O"
 577      20726576 
 577      6973696F 
 577      6E203233 
 577      37373135 
 578 00a7 67202D66 		.ascii	"g -ffunction-sections -ffat-lto-objects\000"
 578      66756E63 
 578      74696F6E 
ARM GAS  C:\Users\alexa\AppData\Local\Temp\ccZFDufq.s 			page 12


 578      2D736563 
 578      74696F6E 
 579              	.LASF25:
 580 00cf 43794465 		.ascii	"CyDelay\000"
 580      6C617900 
 581              	.LASF23:
 582 00d7 70756D70 		.ascii	"pumpWrite\000"
 582      57726974 
 582      6500
 583              	.LASF22:
 584 00e1 636F6C6F 		.ascii	"color\000"
 584      7200
 585              	.LASF9:
 586 00e7 6C6F6E67 		.ascii	"long long unsigned int\000"
 586      206C6F6E 
 586      6720756E 
 586      7369676E 
 586      65642069 
 587              	.LASF4:
 588 00fe 5F5F7569 		.ascii	"__uint8_t\000"
 588      6E74385F 
 588      7400
 589              	.LASF11:
 590 0108 75696E74 		.ascii	"uint8_t\000"
 590      385F7400 
 591              	.LASF19:
 592 0110 50756D70 		.ascii	"Pump.c\000"
 592      2E6300
 593              	.LASF15:
 594 0117 63686172 		.ascii	"char\000"
 594      00
 595              	.LASF6:
 596 011c 6C6F6E67 		.ascii	"long int\000"
 596      20696E74 
 596      00
 597              	.LASF7:
 598 0125 6C6F6E67 		.ascii	"long unsigned int\000"
 598      20756E73 
 598      69676E65 
 598      6420696E 
 598      7400
 599              	.LASF14:
 600 0137 646F7562 		.ascii	"double\000"
 600      6C6500
 601              	.LASF20:
 602 013e 433A5C55 		.ascii	"C:\\Users\\alexa\\Documents\\GitHub\\Projekt-3\\PSo"
 602      73657273 
 602      5C616C65 
 602      78615C44 
 602      6F63756D 
 603 016b 435C5052 		.ascii	"C\\PRJ3.cydsn\000"
 603      4A332E63 
 603      7964736E 
 603      00
 604              	.LASF24:
 605 0178 49544D5F 		.ascii	"ITM_RxBuffer\000"
 605      52784275 
ARM GAS  C:\Users\alexa\AppData\Local\Temp\ccZFDufq.s 			page 13


 605      66666572 
 605      00
 606              	.LASF0:
 607 0185 7369676E 		.ascii	"signed char\000"
 607      65642063 
 607      68617200 
 608              	.LASF16:
 609 0191 6C6F6E67 		.ascii	"long double\000"
 609      20646F75 
 609      626C6500 
 610              	.LASF5:
 611 019d 5F5F696E 		.ascii	"__int32_t\000"
 611      7433325F 
 611      7400
 612              	.LASF13:
 613 01a7 666C6F61 		.ascii	"float\000"
 613      7400
 614              	.LASF2:
 615 01ad 73686F72 		.ascii	"short int\000"
 615      7420696E 
 615      7400
 616              	.LASF12:
 617 01b7 696E7433 		.ascii	"int32_t\000"
 617      325F7400 
 618              	.LASF17:
 619 01bf 73697A65 		.ascii	"sizetype\000"
 619      74797065 
 619      00
 620              		.ident	"GCC: (GNU Tools for ARM Embedded Processors) 5.4.1 20160609 (release) [ARM/embedded-5-bran
