ARM GAS  C:\Users\alexa\AppData\Local\Temp\cc7y7Mgg.s 			page 1


   1              		.syntax unified
   2              		.cpu cortex-m3
   3              		.fpu softvfp
   4              		.eabi_attribute 20, 1
   5              		.eabi_attribute 21, 1
   6              		.eabi_attribute 23, 3
   7              		.eabi_attribute 24, 1
   8              		.eabi_attribute 25, 1
   9              		.eabi_attribute 26, 1
  10              		.eabi_attribute 30, 1
  11              		.eabi_attribute 34, 1
  12              		.eabi_attribute 18, 4
  13              		.thumb
  14              		.syntax unified
  15              		.file	"UART.c"
  16              		.text
  17              	.Ltext0:
  18              		.cfi_sections	.debug_frame
  19              		.section	.text.Cmd_Test1,"ax",%progbits
  20              		.align	2
  21              		.global	Cmd_Test1
  22              		.thumb
  23              		.thumb_func
  24              		.type	Cmd_Test1, %function
  25              	Cmd_Test1:
  26              	.LFB64:
  27              		.file 1 "UART.c"
   1:UART.c        **** #include "project.h"
   2:UART.c        **** #include "UART.h"
   3:UART.c        **** #include <string.h>
   4:UART.c        **** #include <stdio.h>
   5:UART.c        **** 
   6:UART.c        **** // Kommandotype
   7:UART.c        **** typedef void (*CommandFunc)(char*[]);
   8:UART.c        **** 
   9:UART.c        **** typedef struct {
  10:UART.c        ****     const char* name;
  11:UART.c        ****     CommandFunc func;
  12:UART.c        **** } CommandEntry;
  13:UART.c        **** 
  14:UART.c        **** const char* latestCmd = "\0";
  15:UART.c        **** 
  16:UART.c        **** // --- Kommando-implementeringer ---
  17:UART.c        **** void Cmd_Test1(char* params[]) {
  28              		.loc 1 17 0
  29              		.cfi_startproc
  30              		@ args = 0, pretend = 0, frame = 0
  31              		@ frame_needed = 0, uses_anonymous_args = 0
  32              	.LVL0:
  33 0000 08B5     		push	{r3, lr}
  34              		.cfi_def_cfa_offset 8
  35              		.cfi_offset 3, -8
  36              		.cfi_offset 14, -4
  18:UART.c        ****     LED_BUILTIN_Write(1);
  37              		.loc 1 18 0
  38 0002 0120     		movs	r0, #1
  39              	.LVL1:
ARM GAS  C:\Users\alexa\AppData\Local\Temp\cc7y7Mgg.s 			page 2


  40 0004 FFF7FEFF 		bl	LED_BUILTIN_Write
  41              	.LVL2:
  19:UART.c        ****     UART_USB_PutString("LED: ON\r\n");
  42              		.loc 1 19 0
  43 0008 0148     		ldr	r0, .L3
  44 000a FFF7FEFF 		bl	UART_USB_PutString
  45              	.LVL3:
  46 000e 08BD     		pop	{r3, pc}
  47              	.L4:
  48              		.align	2
  49              	.L3:
  50 0010 00000000 		.word	.LC0
  51              		.cfi_endproc
  52              	.LFE64:
  53              		.size	Cmd_Test1, .-Cmd_Test1
  54              		.section	.text.Cmd_Test2,"ax",%progbits
  55              		.align	2
  56              		.global	Cmd_Test2
  57              		.thumb
  58              		.thumb_func
  59              		.type	Cmd_Test2, %function
  60              	Cmd_Test2:
  61              	.LFB65:
  20:UART.c        **** }
  21:UART.c        **** 
  22:UART.c        **** void Cmd_Test2(char* params[]) {
  62              		.loc 1 22 0
  63              		.cfi_startproc
  64              		@ args = 0, pretend = 0, frame = 0
  65              		@ frame_needed = 0, uses_anonymous_args = 0
  66              	.LVL4:
  67 0000 08B5     		push	{r3, lr}
  68              		.cfi_def_cfa_offset 8
  69              		.cfi_offset 3, -8
  70              		.cfi_offset 14, -4
  23:UART.c        ****     LED_BUILTIN_Write(0);
  71              		.loc 1 23 0
  72 0002 0020     		movs	r0, #0
  73              	.LVL5:
  74 0004 FFF7FEFF 		bl	LED_BUILTIN_Write
  75              	.LVL6:
  24:UART.c        ****     UART_USB_PutString("LED: OFF\r\n");
  76              		.loc 1 24 0
  77 0008 0148     		ldr	r0, .L7
  78 000a FFF7FEFF 		bl	UART_USB_PutString
  79              	.LVL7:
  80 000e 08BD     		pop	{r3, pc}
  81              	.L8:
  82              		.align	2
  83              	.L7:
  84 0010 0C000000 		.word	.LC1
  85              		.cfi_endproc
  86              	.LFE65:
  87              		.size	Cmd_Test2, .-Cmd_Test2
  88              		.section	.text.GetCmd,"ax",%progbits
  89              		.align	2
  90              		.global	GetCmd
ARM GAS  C:\Users\alexa\AppData\Local\Temp\cc7y7Mgg.s 			page 3


  91              		.thumb
  92              		.thumb_func
  93              		.type	GetCmd, %function
  94              	GetCmd:
  95              	.LFB66:
  25:UART.c        **** }
  26:UART.c        **** 
  27:UART.c        **** // --- Kommandotabel ---
  28:UART.c        **** static const CommandEntry commandTable[] = {
  29:UART.c        ****     {"test1", Cmd_Test1},
  30:UART.c        ****     {"test2", Cmd_Test2},
  31:UART.c        ****     {NULL, NULL} // Terminator
  32:UART.c        **** };
  33:UART.c        **** 
  34:UART.c        **** const char* GetCmd() {return latestCmd;}
  96              		.loc 1 34 0
  97              		.cfi_startproc
  98              		@ args = 0, pretend = 0, frame = 0
  99              		@ frame_needed = 0, uses_anonymous_args = 0
 100              		@ link register save eliminated.
 101              		.loc 1 34 0
 102 0000 014B     		ldr	r3, .L10
 103 0002 1868     		ldr	r0, [r3]
 104 0004 7047     		bx	lr
 105              	.L11:
 106 0006 00BF     		.align	2
 107              	.L10:
 108 0008 00000000 		.word	.LANCHOR0
 109              		.cfi_endproc
 110              	.LFE66:
 111              		.size	GetCmd, .-GetCmd
 112              		.section	.text.ResetCmd,"ax",%progbits
 113              		.align	2
 114              		.global	ResetCmd
 115              		.thumb
 116              		.thumb_func
 117              		.type	ResetCmd, %function
 118              	ResetCmd:
 119              	.LFB67:
  35:UART.c        **** void ResetCmd() {latestCmd = "\0";}
 120              		.loc 1 35 0
 121              		.cfi_startproc
 122              		@ args = 0, pretend = 0, frame = 0
 123              		@ frame_needed = 0, uses_anonymous_args = 0
 124              		@ link register save eliminated.
 125              		.loc 1 35 0
 126 0000 014A     		ldr	r2, .L13
 127 0002 024B     		ldr	r3, .L13+4
 128 0004 1A60     		str	r2, [r3]
 129 0006 7047     		bx	lr
 130              	.L14:
 131              		.align	2
 132              	.L13:
 133 0008 00000000 		.word	.LANCHOR1
 134 000c 00000000 		.word	.LANCHOR0
 135              		.cfi_endproc
 136              	.LFE67:
ARM GAS  C:\Users\alexa\AppData\Local\Temp\cc7y7Mgg.s 			page 4


 137              		.size	ResetCmd, .-ResetCmd
 138              		.section	.text.HandleStringReceived,"ax",%progbits
 139              		.align	2
 140              		.global	HandleStringReceived
 141              		.thumb
 142              		.thumb_func
 143              		.type	HandleStringReceived, %function
 144              	HandleStringReceived:
 145              	.LFB68:
  36:UART.c        **** 
  37:UART.c        **** void HandleStringReceived(char* receivedString)
  38:UART.c        **** {
 146              		.loc 1 38 0
 147              		.cfi_startproc
 148              		@ args = 0, pretend = 0, frame = 128
 149              		@ frame_needed = 0, uses_anonymous_args = 0
 150              	.LVL8:
 151 0000 30B5     		push	{r4, r5, lr}
 152              		.cfi_def_cfa_offset 12
 153              		.cfi_offset 4, -12
 154              		.cfi_offset 5, -8
 155              		.cfi_offset 14, -4
 156 0002 A1B0     		sub	sp, sp, #132
 157              		.cfi_def_cfa_offset 144
 158              	.LVL9:
  39:UART.c        ****     char msg[MAX_MSG_BUFFER_SIZE];
  40:UART.c        ****     char* params[MAX_PARAMS] = {0};
  41:UART.c        ****     int i = 0;
  42:UART.c        **** 
  43:UART.c        ****     char* token = strtok(receivedString, "\r\n ");
 159              		.loc 1 43 0
 160 0004 1749     		ldr	r1, .L24
 161 0006 FFF7FEFF 		bl	strtok
 162              	.LVL10:
  44:UART.c        ****     if (!token) return;
 163              		.loc 1 44 0
 164 000a 48B3     		cbz	r0, .L15
 165 000c 0546     		mov	r5, r0
 166              	.LVL11:
  45:UART.c        **** 
  46:UART.c        ****     char* command = token;
  47:UART.c        ****     token = strtok(NULL, "\r\n ");
 167              		.loc 1 47 0
 168 000e 1549     		ldr	r1, .L24
 169 0010 0020     		movs	r0, #0
 170              	.LVL12:
 171 0012 FFF7FEFF 		bl	strtok
 172              	.LVL13:
  41:UART.c        **** 
 173              		.loc 1 41 0
 174 0016 0024     		movs	r4, #0
  48:UART.c        ****     while (token && i < MAX_PARAMS) {
 175              		.loc 1 48 0
 176 0018 04E0     		b	.L17
 177              	.LVL14:
 178              	.L19:
  49:UART.c        ****         params[i++] = token;
ARM GAS  C:\Users\alexa\AppData\Local\Temp\cc7y7Mgg.s 			page 5


 179              		.loc 1 49 0
 180 001a 0134     		adds	r4, r4, #1
 181              	.LVL15:
  50:UART.c        ****         token = strtok(NULL, "\r\n ");
 182              		.loc 1 50 0
 183 001c 1149     		ldr	r1, .L24
 184 001e 0020     		movs	r0, #0
 185              	.LVL16:
 186 0020 FFF7FEFF 		bl	strtok
 187              	.LVL17:
 188              	.L17:
  48:UART.c        ****     while (token && i < MAX_PARAMS) {
 189              		.loc 1 48 0
 190 0024 08B1     		cbz	r0, .L18
  48:UART.c        ****     while (token && i < MAX_PARAMS) {
 191              		.loc 1 48 0 is_stmt 0 discriminator 1
 192 0026 012C     		cmp	r4, #1
 193 0028 F7DD     		ble	.L19
 194              	.L18:
  51:UART.c        ****     }
  52:UART.c        ****     
  53:UART.c        ****     latestCmd = command;
 195              		.loc 1 53 0 is_stmt 1
 196 002a 0F4B     		ldr	r3, .L24+4
 197 002c 1D60     		str	r5, [r3]
  54:UART.c        ****     snprintf(msg, MAX_MSG_BUFFER_SIZE, "Received command: %s\r\n", command);
 198              		.loc 1 54 0
 199 002e 2B46     		mov	r3, r5
 200 0030 0E4A     		ldr	r2, .L24+8
 201 0032 8021     		movs	r1, #128
 202 0034 6846     		mov	r0, sp
 203              	.LVL18:
 204 0036 FFF7FEFF 		bl	snprintf
 205              	.LVL19:
  55:UART.c        ****     UART_USB_PutString(msg);
 206              		.loc 1 55 0
 207 003a 6846     		mov	r0, sp
 208 003c FFF7FEFF 		bl	UART_USB_PutString
 209              	.LVL20:
 210              	.LBB2:
  56:UART.c        **** 
  57:UART.c        ****     for (int j = 0; commandTable[j].name != NULL; ++j) {
 211              		.loc 1 57 0
 212 0040 0024     		movs	r4, #0
 213              	.LVL21:
 214 0042 04E0     		b	.L20
 215              	.LVL22:
 216              	.L21:
  58:UART.c        ****         if (strcmp(command, commandTable[j].name) == 0) {
 217              		.loc 1 58 0
 218 0044 2846     		mov	r0, r5
 219 0046 FFF7FEFF 		bl	strcmp
 220              	.LVL23:
 221 004a 48B1     		cbz	r0, .L15
  57:UART.c        ****         if (strcmp(command, commandTable[j].name) == 0) {
 222              		.loc 1 57 0 discriminator 2
 223 004c 0134     		adds	r4, r4, #1
ARM GAS  C:\Users\alexa\AppData\Local\Temp\cc7y7Mgg.s 			page 6


 224              	.LVL24:
 225              	.L20:
  57:UART.c        ****         if (strcmp(command, commandTable[j].name) == 0) {
 226              		.loc 1 57 0 is_stmt 0 discriminator 1
 227 004e 084B     		ldr	r3, .L24+12
 228 0050 03EBC403 		add	r3, r3, r4, lsl #3
 229 0054 5968     		ldr	r1, [r3, #4]
 230 0056 0029     		cmp	r1, #0
 231 0058 F4D1     		bne	.L21
 232              	.LBE2:
  59:UART.c        ****             //commandTable[j].func(params);
  60:UART.c        ****             return;
  61:UART.c        ****         }
  62:UART.c        ****     }
  63:UART.c        **** 
  64:UART.c        ****     UART_USB_PutString("Unknown command\r\n");
 233              		.loc 1 64 0 is_stmt 1
 234 005a 0648     		ldr	r0, .L24+16
 235 005c FFF7FEFF 		bl	UART_USB_PutString
 236              	.LVL25:
 237              	.L15:
  65:UART.c        **** }
 238              		.loc 1 65 0
 239 0060 21B0     		add	sp, sp, #132
 240              		.cfi_def_cfa_offset 12
 241              		@ sp needed
 242 0062 30BD     		pop	{r4, r5, pc}
 243              	.L25:
 244              		.align	2
 245              	.L24:
 246 0064 18000000 		.word	.LC3
 247 0068 00000000 		.word	.LANCHOR0
 248 006c 1C000000 		.word	.LC4
 249 0070 00000000 		.word	.LANCHOR1
 250 0074 34000000 		.word	.LC5
 251              		.cfi_endproc
 252              	.LFE68:
 253              		.size	HandleStringReceived, .-HandleStringReceived
 254              		.section	.text.UART_HandleRxByte,"ax",%progbits
 255              		.align	2
 256              		.thumb
 257              		.thumb_func
 258              		.type	UART_HandleRxByte, %function
 259              	UART_HandleRxByte:
 260              	.LFB69:
  66:UART.c        **** 
  67:UART.c        **** static void UART_HandleRxByte(uint8_t byteReceived, char* buffer, uint8_t* index)
  68:UART.c        **** {
 261              		.loc 1 68 0
 262              		.cfi_startproc
 263              		@ args = 0, pretend = 0, frame = 0
 264              		@ frame_needed = 0, uses_anonymous_args = 0
 265              	.LVL26:
 266 0000 38B5     		push	{r3, r4, r5, lr}
 267              		.cfi_def_cfa_offset 16
 268              		.cfi_offset 3, -16
 269              		.cfi_offset 4, -12
ARM GAS  C:\Users\alexa\AppData\Local\Temp\cc7y7Mgg.s 			page 7


 270              		.cfi_offset 5, -8
 271              		.cfi_offset 14, -4
  69:UART.c        ****     if (byteReceived == '\n' && *index == 0) return;
 272              		.loc 1 69 0
 273 0002 0A28     		cmp	r0, #10
 274 0004 01D1     		bne	.L27
 275              		.loc 1 69 0 is_stmt 0 discriminator 1
 276 0006 1378     		ldrb	r3, [r2]	@ zero_extendqisi2
 277 0008 8BB1     		cbz	r3, .L26
 278              	.L27:
  70:UART.c        **** 
  71:UART.c        ****     if (*index < MAX_MSG_BUFFER_SIZE - 1) {
 279              		.loc 1 71 0 is_stmt 1
 280 000a 1378     		ldrb	r3, [r2]	@ zero_extendqisi2
 281 000c 7E2B     		cmp	r3, #126
 282 000e 02D8     		bhi	.L29
  72:UART.c        ****         buffer[(*index)++] = byteReceived;
 283              		.loc 1 72 0
 284 0010 5C1C     		adds	r4, r3, #1
 285 0012 1470     		strb	r4, [r2]
 286 0014 C854     		strb	r0, [r1, r3]
 287              	.L29:
  73:UART.c        ****     }
  74:UART.c        **** 
  75:UART.c        ****     if (byteReceived == '\n' || byteReceived == '\r') {
 288              		.loc 1 75 0
 289 0016 0A28     		cmp	r0, #10
 290 0018 01D0     		beq	.L30
 291              		.loc 1 75 0 is_stmt 0 discriminator 1
 292 001a 0D28     		cmp	r0, #13
 293 001c 07D1     		bne	.L26
 294              	.L30:
 295 001e 1446     		mov	r4, r2
 296 0020 0846     		mov	r0, r1
 297              	.LVL27:
  76:UART.c        ****         buffer[*index] = '\0';
 298              		.loc 1 76 0 is_stmt 1
 299 0022 1378     		ldrb	r3, [r2]	@ zero_extendqisi2
 300 0024 0025     		movs	r5, #0
 301 0026 CD54     		strb	r5, [r1, r3]
  77:UART.c        ****         HandleStringReceived(buffer);
 302              		.loc 1 77 0
 303 0028 FFF7FEFF 		bl	HandleStringReceived
 304              	.LVL28:
  78:UART.c        ****         *index = 0;
 305              		.loc 1 78 0
 306 002c 2570     		strb	r5, [r4]
 307              	.LVL29:
 308              	.L26:
 309 002e 38BD     		pop	{r3, r4, r5, pc}
 310              		.cfi_endproc
 311              	.LFE69:
 312              		.size	UART_HandleRxByte, .-UART_HandleRxByte
 313              		.section	.text.UART_USB_RX_ISR_handler,"ax",%progbits
 314              		.align	2
 315              		.global	UART_USB_RX_ISR_handler
 316              		.thumb
ARM GAS  C:\Users\alexa\AppData\Local\Temp\cc7y7Mgg.s 			page 8


 317              		.thumb_func
 318              		.type	UART_USB_RX_ISR_handler, %function
 319              	UART_USB_RX_ISR_handler:
 320              	.LFB70:
  79:UART.c        ****     }
  80:UART.c        **** }
  81:UART.c        **** 
  82:UART.c        **** CY_ISR(UART_USB_RX_ISR_handler)
  83:UART.c        **** {
 321              		.loc 1 83 0
 322              		.cfi_startproc
 323              		@ args = 0, pretend = 0, frame = 0
 324              		@ frame_needed = 0, uses_anonymous_args = 0
 325 0000 08B5     		push	{r3, lr}
 326              		.cfi_def_cfa_offset 8
 327              		.cfi_offset 3, -8
 328              		.cfi_offset 14, -4
  84:UART.c        ****     static char buf[MAX_MSG_BUFFER_SIZE] = {0};
  85:UART.c        ****     static uint8_t idx = 0;
  86:UART.c        **** 
  87:UART.c        ****     while (UART_USB_GetRxBufferSize() > 0) {
 329              		.loc 1 87 0
 330 0002 06E0     		b	.L33
 331              	.L34:
  88:UART.c        ****         UART_HandleRxByte(UART_USB_ReadRxData(), buf, &idx);
 332              		.loc 1 88 0
 333 0004 FFF7FEFF 		bl	UART_USB_ReadRxData
 334              	.LVL30:
 335 0008 0449     		ldr	r1, .L36
 336 000a 0A46     		mov	r2, r1
 337 000c 0431     		adds	r1, r1, #4
 338 000e FFF7FEFF 		bl	UART_HandleRxByte
 339              	.LVL31:
 340              	.L33:
  87:UART.c        ****         UART_HandleRxByte(UART_USB_ReadRxData(), buf, &idx);
 341              		.loc 1 87 0
 342 0012 FFF7FEFF 		bl	UART_USB_GetRxBufferSize
 343              	.LVL32:
 344 0016 0028     		cmp	r0, #0
 345 0018 F4D1     		bne	.L34
  89:UART.c        ****     }
  90:UART.c        **** }
 346              		.loc 1 90 0
 347 001a 08BD     		pop	{r3, pc}
 348              	.L37:
 349              		.align	2
 350              	.L36:
 351 001c 00000000 		.word	.LANCHOR2
 352              		.cfi_endproc
 353              	.LFE70:
 354              		.size	UART_USB_RX_ISR_handler, .-UART_USB_RX_ISR_handler
 355              		.section	.text.UART_PI_RX_ISR_handler,"ax",%progbits
 356              		.align	2
 357              		.global	UART_PI_RX_ISR_handler
 358              		.thumb
 359              		.thumb_func
 360              		.type	UART_PI_RX_ISR_handler, %function
ARM GAS  C:\Users\alexa\AppData\Local\Temp\cc7y7Mgg.s 			page 9


 361              	UART_PI_RX_ISR_handler:
 362              	.LFB71:
  91:UART.c        **** 
  92:UART.c        **** CY_ISR(UART_PI_RX_ISR_handler)
  93:UART.c        **** {
 363              		.loc 1 93 0
 364              		.cfi_startproc
 365              		@ args = 0, pretend = 0, frame = 0
 366              		@ frame_needed = 0, uses_anonymous_args = 0
 367 0000 08B5     		push	{r3, lr}
 368              		.cfi_def_cfa_offset 8
 369              		.cfi_offset 3, -8
 370              		.cfi_offset 14, -4
  94:UART.c        ****     static char buf[MAX_MSG_BUFFER_SIZE] = {0};
  95:UART.c        ****     static uint8_t idx = 0;
  96:UART.c        **** 
  97:UART.c        ****     while (UART_PI_GetRxBufferSize() > 0) {
 371              		.loc 1 97 0
 372 0002 07E0     		b	.L39
 373              	.L40:
  98:UART.c        ****         UART_HandleRxByte(UART_PI_ReadRxData(), buf, &idx);
 374              		.loc 1 98 0
 375 0004 FFF7FEFF 		bl	UART_PI_ReadRxData
 376              	.LVL33:
 377 0008 0549     		ldr	r1, .L42
 378 000a 01F18402 		add	r2, r1, #132
 379 000e 8831     		adds	r1, r1, #136
 380 0010 FFF7FEFF 		bl	UART_HandleRxByte
 381              	.LVL34:
 382              	.L39:
  97:UART.c        ****         UART_HandleRxByte(UART_PI_ReadRxData(), buf, &idx);
 383              		.loc 1 97 0
 384 0014 FFF7FEFF 		bl	UART_PI_GetRxBufferSize
 385              	.LVL35:
 386 0018 0028     		cmp	r0, #0
 387 001a F3D1     		bne	.L40
  99:UART.c        ****     }
 100:UART.c        **** }
 388              		.loc 1 100 0
 389 001c 08BD     		pop	{r3, pc}
 390              	.L43:
 391 001e 00BF     		.align	2
 392              	.L42:
 393 0020 00000000 		.word	.LANCHOR2
 394              		.cfi_endproc
 395              	.LFE71:
 396              		.size	UART_PI_RX_ISR_handler, .-UART_PI_RX_ISR_handler
 397              		.section	.text.UART_Initialize,"ax",%progbits
 398              		.align	2
 399              		.global	UART_Initialize
 400              		.thumb
 401              		.thumb_func
 402              		.type	UART_Initialize, %function
 403              	UART_Initialize:
 404              	.LFB72:
 101:UART.c        **** 
 102:UART.c        **** void UART_Initialize() {
ARM GAS  C:\Users\alexa\AppData\Local\Temp\cc7y7Mgg.s 			page 10


 405              		.loc 1 102 0
 406              		.cfi_startproc
 407              		@ args = 0, pretend = 0, frame = 0
 408              		@ frame_needed = 0, uses_anonymous_args = 0
 409 0000 08B5     		push	{r3, lr}
 410              		.cfi_def_cfa_offset 8
 411              		.cfi_offset 3, -8
 412              		.cfi_offset 14, -4
 103:UART.c        ****     UART_USB_RX_ISR_StartEx(UART_USB_RX_ISR_handler);
 413              		.loc 1 103 0
 414 0002 0548     		ldr	r0, .L46
 415 0004 FFF7FEFF 		bl	UART_USB_RX_ISR_StartEx
 416              	.LVL36:
 104:UART.c        ****     UART_PI_RX_ISR_StartEx(UART_PI_RX_ISR_handler);
 417              		.loc 1 104 0
 418 0008 0448     		ldr	r0, .L46+4
 419 000a FFF7FEFF 		bl	UART_PI_RX_ISR_StartEx
 420              	.LVL37:
 105:UART.c        ****     UART_USB_Start();
 421              		.loc 1 105 0
 422 000e FFF7FEFF 		bl	UART_USB_Start
 423              	.LVL38:
 106:UART.c        ****     UART_PI_Start();
 424              		.loc 1 106 0
 425 0012 FFF7FEFF 		bl	UART_PI_Start
 426              	.LVL39:
 427 0016 08BD     		pop	{r3, pc}
 428              	.L47:
 429              		.align	2
 430              	.L46:
 431 0018 00000000 		.word	UART_USB_RX_ISR_handler
 432 001c 00000000 		.word	UART_PI_RX_ISR_handler
 433              		.cfi_endproc
 434              	.LFE72:
 435              		.size	UART_Initialize, .-UART_Initialize
 436              		.global	latestCmd
 437              		.section	.rodata
 438              		.align	2
 439              		.set	.LANCHOR1,. + 0
 440              	.LC2:
 441 0000 0000     		.ascii	"\000\000"
 442 0002 0000     		.space	2
 443              		.type	commandTable, %object
 444              		.size	commandTable, 24
 445              	commandTable:
 446 0004 48000000 		.word	.LC6
 447 0008 00000000 		.word	Cmd_Test1
 448 000c 50000000 		.word	.LC7
 449 0010 00000000 		.word	Cmd_Test2
 450 0014 00000000 		.word	0
 451 0018 00000000 		.word	0
 452              		.data
 453              		.align	2
 454              		.set	.LANCHOR0,. + 0
 455              		.type	latestCmd, %object
 456              		.size	latestCmd, 4
 457              	latestCmd:
ARM GAS  C:\Users\alexa\AppData\Local\Temp\cc7y7Mgg.s 			page 11


 458 0000 00000000 		.word	.LC2
 459              		.section	.rodata.str1.4,"aMS",%progbits,1
 460              		.align	2
 461              	.LC0:
 462 0000 4C45443A 		.ascii	"LED: ON\015\012\000"
 462      204F4E0D 
 462      0A00
 463 000a 0000     		.space	2
 464              	.LC1:
 465 000c 4C45443A 		.ascii	"LED: OFF\015\012\000"
 465      204F4646 
 465      0D0A00
 466 0017 00       		.space	1
 467              	.LC3:
 468 0018 0D0A2000 		.ascii	"\015\012 \000"
 469              	.LC4:
 470 001c 52656365 		.ascii	"Received command: %s\015\012\000"
 470      69766564 
 470      20636F6D 
 470      6D616E64 
 470      3A202573 
 471 0033 00       		.space	1
 472              	.LC5:
 473 0034 556E6B6E 		.ascii	"Unknown command\015\012\000"
 473      6F776E20 
 473      636F6D6D 
 473      616E640D 
 473      0A00
 474 0046 0000     		.space	2
 475              	.LC6:
 476 0048 74657374 		.ascii	"test1\000"
 476      3100
 477 004e 0000     		.space	2
 478              	.LC7:
 479 0050 74657374 		.ascii	"test2\000"
 479      3200
 480              		.bss
 481              		.align	2
 482              		.set	.LANCHOR2,. + 0
 483              		.type	idx.6810, %object
 484              		.size	idx.6810, 1
 485              	idx.6810:
 486 0000 00       		.space	1
 487 0001 000000   		.space	3
 488              		.type	buf.6809, %object
 489              		.size	buf.6809, 128
 490              	buf.6809:
 491 0004 00000000 		.space	128
 491      00000000 
 491      00000000 
 491      00000000 
 491      00000000 
 492              		.type	idx.6818, %object
 493              		.size	idx.6818, 1
 494              	idx.6818:
 495 0084 00       		.space	1
 496 0085 000000   		.space	3
ARM GAS  C:\Users\alexa\AppData\Local\Temp\cc7y7Mgg.s 			page 12


 497              		.type	buf.6817, %object
 498              		.size	buf.6817, 128
 499              	buf.6817:
 500 0088 00000000 		.space	128
 500      00000000 
 500      00000000 
 500      00000000 
 500      00000000 
 501              		.text
 502              	.Letext0:
 503              		.file 2 "c:\\program files (x86)\\cypress\\psoc creator\\4.4\\psoc creator\\import\\gnu\\arm\\5.4.
 504              		.file 3 "c:\\program files (x86)\\cypress\\psoc creator\\4.4\\psoc creator\\import\\gnu\\arm\\5.4.
 505              		.file 4 "Generated_Source\\PSoC5/core_cm3.h"
 506              		.file 5 "Generated_Source\\PSoC5/LED_BUILTIN.h"
 507              		.file 6 "Generated_Source\\PSoC5/UART_USB.h"
 508              		.file 7 "c:\\program files (x86)\\cypress\\psoc creator\\4.4\\psoc creator\\import\\gnu\\arm\\5.4.
 509              		.file 8 "c:\\program files (x86)\\cypress\\psoc creator\\4.4\\psoc creator\\import\\gnu\\arm\\5.4.
 510              		.file 9 "Generated_Source\\PSoC5/UART_PI.h"
 511              		.file 10 "Generated_Source\\PSoC5/UART_USB_RX_ISR.h"
 512              		.file 11 "Generated_Source\\PSoC5/UART_PI_RX_ISR.h"
 513              		.section	.debug_info,"",%progbits
 514              	.Ldebug_info0:
 515 0000 8D050000 		.4byte	0x58d
 516 0004 0400     		.2byte	0x4
 517 0006 00000000 		.4byte	.Ldebug_abbrev0
 518 000a 04       		.byte	0x4
 519 000b 01       		.uleb128 0x1
 520 000c 33010000 		.4byte	.LASF50
 521 0010 0C       		.byte	0xc
 522 0011 71020000 		.4byte	.LASF51
 523 0015 3F000000 		.4byte	.LASF52
 524 0019 00000000 		.4byte	.Ldebug_ranges0+0
 525 001d 00000000 		.4byte	0
 526 0021 00000000 		.4byte	.Ldebug_line0
 527 0025 02       		.uleb128 0x2
 528 0026 01       		.byte	0x1
 529 0027 06       		.byte	0x6
 530 0028 56030000 		.4byte	.LASF0
 531 002c 03       		.uleb128 0x3
 532 002d 09000000 		.4byte	.LASF4
 533 0031 02       		.byte	0x2
 534 0032 1D       		.byte	0x1d
 535 0033 37000000 		.4byte	0x37
 536 0037 02       		.uleb128 0x2
 537 0038 01       		.byte	0x1
 538 0039 08       		.byte	0x8
 539 003a 25010000 		.4byte	.LASF1
 540 003e 02       		.uleb128 0x2
 541 003f 02       		.byte	0x2
 542 0040 05       		.byte	0x5
 543 0041 20030000 		.4byte	.LASF2
 544 0045 02       		.uleb128 0x2
 545 0046 02       		.byte	0x2
 546 0047 07       		.byte	0x7
 547 0048 F5010000 		.4byte	.LASF3
 548 004c 03       		.uleb128 0x3
 549 004d 79000000 		.4byte	.LASF5
ARM GAS  C:\Users\alexa\AppData\Local\Temp\cc7y7Mgg.s 			page 13


 550 0051 02       		.byte	0x2
 551 0052 3F       		.byte	0x3f
 552 0053 57000000 		.4byte	0x57
 553 0057 02       		.uleb128 0x2
 554 0058 04       		.byte	0x4
 555 0059 05       		.byte	0x5
 556 005a 08020000 		.4byte	.LASF6
 557 005e 02       		.uleb128 0x2
 558 005f 04       		.byte	0x4
 559 0060 07       		.byte	0x7
 560 0061 D3010000 		.4byte	.LASF7
 561 0065 02       		.uleb128 0x2
 562 0066 08       		.byte	0x8
 563 0067 05       		.byte	0x5
 564 0068 EC020000 		.4byte	.LASF8
 565 006c 02       		.uleb128 0x2
 566 006d 08       		.byte	0x8
 567 006e 07       		.byte	0x7
 568 006f 97020000 		.4byte	.LASF9
 569 0073 04       		.uleb128 0x4
 570 0074 04       		.byte	0x4
 571 0075 05       		.byte	0x5
 572 0076 696E7400 		.ascii	"int\000"
 573 007a 02       		.uleb128 0x2
 574 007b 04       		.byte	0x4
 575 007c 07       		.byte	0x7
 576 007d 78020000 		.4byte	.LASF10
 577 0081 03       		.uleb128 0x3
 578 0082 AA000000 		.4byte	.LASF11
 579 0086 03       		.byte	0x3
 580 0087 18       		.byte	0x18
 581 0088 2C000000 		.4byte	0x2c
 582 008c 03       		.uleb128 0x3
 583 008d E6000000 		.4byte	.LASF12
 584 0091 03       		.byte	0x3
 585 0092 2C       		.byte	0x2c
 586 0093 4C000000 		.4byte	0x4c
 587 0097 02       		.uleb128 0x2
 588 0098 04       		.byte	0x4
 589 0099 04       		.byte	0x4
 590 009a EE000000 		.4byte	.LASF13
 591 009e 02       		.uleb128 0x2
 592 009f 08       		.byte	0x8
 593 00a0 04       		.byte	0x4
 594 00a1 38020000 		.4byte	.LASF14
 595 00a5 02       		.uleb128 0x2
 596 00a6 01       		.byte	0x1
 597 00a7 08       		.byte	0x8
 598 00a8 07030000 		.4byte	.LASF15
 599 00ac 02       		.uleb128 0x2
 600 00ad 08       		.byte	0x8
 601 00ae 04       		.byte	0x4
 602 00af CB020000 		.4byte	.LASF16
 603 00b3 02       		.uleb128 0x2
 604 00b4 04       		.byte	0x4
 605 00b5 07       		.byte	0x7
 606 00b6 D7020000 		.4byte	.LASF17
ARM GAS  C:\Users\alexa\AppData\Local\Temp\cc7y7Mgg.s 			page 14


 607 00ba 05       		.uleb128 0x5
 608 00bb 04       		.byte	0x4
 609 00bc A5000000 		.4byte	0xa5
 610 00c0 05       		.uleb128 0x5
 611 00c1 04       		.byte	0x4
 612 00c2 C6000000 		.4byte	0xc6
 613 00c6 06       		.uleb128 0x6
 614 00c7 A5000000 		.4byte	0xa5
 615 00cb 03       		.uleb128 0x3
 616 00cc E0020000 		.4byte	.LASF18
 617 00d0 01       		.byte	0x1
 618 00d1 07       		.byte	0x7
 619 00d2 D6000000 		.4byte	0xd6
 620 00d6 05       		.uleb128 0x5
 621 00d7 04       		.byte	0x4
 622 00d8 DC000000 		.4byte	0xdc
 623 00dc 07       		.uleb128 0x7
 624 00dd E7000000 		.4byte	0xe7
 625 00e1 08       		.uleb128 0x8
 626 00e2 E7000000 		.4byte	0xe7
 627 00e6 00       		.byte	0
 628 00e7 05       		.uleb128 0x5
 629 00e8 04       		.byte	0x4
 630 00e9 BA000000 		.4byte	0xba
 631 00ed 09       		.uleb128 0x9
 632 00ee 08       		.byte	0x8
 633 00ef 01       		.byte	0x1
 634 00f0 09       		.byte	0x9
 635 00f1 0E010000 		.4byte	0x10e
 636 00f5 0A       		.uleb128 0xa
 637 00f6 C9000000 		.4byte	.LASF19
 638 00fa 01       		.byte	0x1
 639 00fb 0A       		.byte	0xa
 640 00fc C0000000 		.4byte	0xc0
 641 0100 00       		.byte	0
 642 0101 0A       		.uleb128 0xa
 643 0102 58020000 		.4byte	.LASF20
 644 0106 01       		.byte	0x1
 645 0107 0B       		.byte	0xb
 646 0108 CB000000 		.4byte	0xcb
 647 010c 04       		.byte	0x4
 648 010d 00       		.byte	0
 649 010e 03       		.uleb128 0x3
 650 010f F4000000 		.4byte	.LASF21
 651 0113 01       		.byte	0x1
 652 0114 0C       		.byte	0xc
 653 0115 ED000000 		.4byte	0xed
 654 0119 0B       		.uleb128 0xb
 655 011a 5D020000 		.4byte	.LASF22
 656 011e 01       		.byte	0x1
 657 011f 11       		.byte	0x11
 658 0120 00000000 		.4byte	.LFB64
 659 0124 14000000 		.4byte	.LFE64-.LFB64
 660 0128 01       		.uleb128 0x1
 661 0129 9C       		.byte	0x9c
 662 012a 64010000 		.4byte	0x164
 663 012e 0C       		.uleb128 0xc
ARM GAS  C:\Users\alexa\AppData\Local\Temp\cc7y7Mgg.s 			page 15


 664 012f 31020000 		.4byte	.LASF24
 665 0133 01       		.byte	0x1
 666 0134 11       		.byte	0x11
 667 0135 E7000000 		.4byte	0xe7
 668 0139 00000000 		.4byte	.LLST0
 669 013d 0D       		.uleb128 0xd
 670 013e 08000000 		.4byte	.LVL2
 671 0142 01050000 		.4byte	0x501
 672 0146 50010000 		.4byte	0x150
 673 014a 0E       		.uleb128 0xe
 674 014b 01       		.uleb128 0x1
 675 014c 50       		.byte	0x50
 676 014d 01       		.uleb128 0x1
 677 014e 31       		.byte	0x31
 678 014f 00       		.byte	0
 679 0150 0F       		.uleb128 0xf
 680 0151 0E000000 		.4byte	.LVL3
 681 0155 0C050000 		.4byte	0x50c
 682 0159 0E       		.uleb128 0xe
 683 015a 01       		.uleb128 0x1
 684 015b 50       		.byte	0x50
 685 015c 05       		.uleb128 0x5
 686 015d 03       		.byte	0x3
 687 015e 00000000 		.4byte	.LC0
 688 0162 00       		.byte	0
 689 0163 00       		.byte	0
 690 0164 0B       		.uleb128 0xb
 691 0165 67020000 		.4byte	.LASF23
 692 0169 01       		.byte	0x1
 693 016a 16       		.byte	0x16
 694 016b 00000000 		.4byte	.LFB65
 695 016f 14000000 		.4byte	.LFE65-.LFB65
 696 0173 01       		.uleb128 0x1
 697 0174 9C       		.byte	0x9c
 698 0175 AF010000 		.4byte	0x1af
 699 0179 0C       		.uleb128 0xc
 700 017a 31020000 		.4byte	.LASF24
 701 017e 01       		.byte	0x1
 702 017f 16       		.byte	0x16
 703 0180 E7000000 		.4byte	0xe7
 704 0184 21000000 		.4byte	.LLST1
 705 0188 0D       		.uleb128 0xd
 706 0189 08000000 		.4byte	.LVL6
 707 018d 01050000 		.4byte	0x501
 708 0191 9B010000 		.4byte	0x19b
 709 0195 0E       		.uleb128 0xe
 710 0196 01       		.uleb128 0x1
 711 0197 50       		.byte	0x50
 712 0198 01       		.uleb128 0x1
 713 0199 30       		.byte	0x30
 714 019a 00       		.byte	0
 715 019b 0F       		.uleb128 0xf
 716 019c 0E000000 		.4byte	.LVL7
 717 01a0 0C050000 		.4byte	0x50c
 718 01a4 0E       		.uleb128 0xe
 719 01a5 01       		.uleb128 0x1
 720 01a6 50       		.byte	0x50
ARM GAS  C:\Users\alexa\AppData\Local\Temp\cc7y7Mgg.s 			page 16


 721 01a7 05       		.uleb128 0x5
 722 01a8 03       		.byte	0x3
 723 01a9 0C000000 		.4byte	.LC1
 724 01ad 00       		.byte	0
 725 01ae 00       		.byte	0
 726 01af 10       		.uleb128 0x10
 727 01b0 9A000000 		.4byte	.LASF53
 728 01b4 01       		.byte	0x1
 729 01b5 22       		.byte	0x22
 730 01b6 C0000000 		.4byte	0xc0
 731 01ba 00000000 		.4byte	.LFB66
 732 01be 0C000000 		.4byte	.LFE66-.LFB66
 733 01c2 01       		.uleb128 0x1
 734 01c3 9C       		.byte	0x9c
 735 01c4 11       		.uleb128 0x11
 736 01c5 00000000 		.4byte	.LASF54
 737 01c9 01       		.byte	0x1
 738 01ca 23       		.byte	0x23
 739 01cb 00000000 		.4byte	.LFB67
 740 01cf 10000000 		.4byte	.LFE67-.LFB67
 741 01d3 01       		.uleb128 0x1
 742 01d4 9C       		.byte	0x9c
 743 01d5 0B       		.uleb128 0xb
 744 01d6 01010000 		.4byte	.LASF25
 745 01da 01       		.byte	0x1
 746 01db 25       		.byte	0x25
 747 01dc 00000000 		.4byte	.LFB68
 748 01e0 78000000 		.4byte	.LFE68-.LFB68
 749 01e4 01       		.uleb128 0x1
 750 01e5 9C       		.byte	0x9c
 751 01e6 10030000 		.4byte	0x310
 752 01ea 0C       		.uleb128 0xc
 753 01eb BA000000 		.4byte	.LASF26
 754 01ef 01       		.byte	0x1
 755 01f0 25       		.byte	0x25
 756 01f1 BA000000 		.4byte	0xba
 757 01f5 42000000 		.4byte	.LLST2
 758 01f9 12       		.uleb128 0x12
 759 01fa 6D736700 		.ascii	"msg\000"
 760 01fe 01       		.byte	0x1
 761 01ff 27       		.byte	0x27
 762 0200 10030000 		.4byte	0x310
 763 0204 03       		.uleb128 0x3
 764 0205 91       		.byte	0x91
 765 0206 F07E     		.sleb128 -144
 766 0208 13       		.uleb128 0x13
 767 0209 31020000 		.4byte	.LASF24
 768 020d 01       		.byte	0x1
 769 020e 28       		.byte	0x28
 770 020f 20030000 		.4byte	0x320
 771 0213 14       		.uleb128 0x14
 772 0214 6900     		.ascii	"i\000"
 773 0216 01       		.byte	0x1
 774 0217 29       		.byte	0x29
 775 0218 73000000 		.4byte	0x73
 776 021c 63000000 		.4byte	.LLST3
 777 0220 15       		.uleb128 0x15
ARM GAS  C:\Users\alexa\AppData\Local\Temp\cc7y7Mgg.s 			page 17


 778 0221 38030000 		.4byte	.LASF27
 779 0225 01       		.byte	0x1
 780 0226 2B       		.byte	0x2b
 781 0227 BA000000 		.4byte	0xba
 782 022b 82000000 		.4byte	.LLST4
 783 022f 15       		.uleb128 0x15
 784 0230 B2000000 		.4byte	.LASF28
 785 0234 01       		.byte	0x1
 786 0235 2E       		.byte	0x2e
 787 0236 BA000000 		.4byte	0xba
 788 023a B6000000 		.4byte	.LLST5
 789 023e 16       		.uleb128 0x16
 790 023f 40000000 		.4byte	.LBB2
 791 0243 1A000000 		.4byte	.LBE2-.LBB2
 792 0247 69020000 		.4byte	0x269
 793 024b 14       		.uleb128 0x14
 794 024c 6A00     		.ascii	"j\000"
 795 024e 01       		.byte	0x1
 796 024f 39       		.byte	0x39
 797 0250 73000000 		.4byte	0x73
 798 0254 D4000000 		.4byte	.LLST6
 799 0258 0F       		.uleb128 0xf
 800 0259 4A000000 		.4byte	.LVL23
 801 025d 17050000 		.4byte	0x517
 802 0261 0E       		.uleb128 0xe
 803 0262 01       		.uleb128 0x1
 804 0263 50       		.byte	0x50
 805 0264 02       		.uleb128 0x2
 806 0265 75       		.byte	0x75
 807 0266 00       		.sleb128 0
 808 0267 00       		.byte	0
 809 0268 00       		.byte	0
 810 0269 0D       		.uleb128 0xd
 811 026a 0A000000 		.4byte	.LVL10
 812 026e 22050000 		.4byte	0x522
 813 0272 87020000 		.4byte	0x287
 814 0276 0E       		.uleb128 0xe
 815 0277 01       		.uleb128 0x1
 816 0278 50       		.byte	0x50
 817 0279 03       		.uleb128 0x3
 818 027a F3       		.byte	0xf3
 819 027b 01       		.uleb128 0x1
 820 027c 50       		.byte	0x50
 821 027d 0E       		.uleb128 0xe
 822 027e 01       		.uleb128 0x1
 823 027f 51       		.byte	0x51
 824 0280 05       		.uleb128 0x5
 825 0281 03       		.byte	0x3
 826 0282 18000000 		.4byte	.LC3
 827 0286 00       		.byte	0
 828 0287 0D       		.uleb128 0xd
 829 0288 16000000 		.4byte	.LVL13
 830 028c 22050000 		.4byte	0x522
 831 0290 A3020000 		.4byte	0x2a3
 832 0294 0E       		.uleb128 0xe
 833 0295 01       		.uleb128 0x1
 834 0296 50       		.byte	0x50
ARM GAS  C:\Users\alexa\AppData\Local\Temp\cc7y7Mgg.s 			page 18


 835 0297 01       		.uleb128 0x1
 836 0298 30       		.byte	0x30
 837 0299 0E       		.uleb128 0xe
 838 029a 01       		.uleb128 0x1
 839 029b 51       		.byte	0x51
 840 029c 05       		.uleb128 0x5
 841 029d 03       		.byte	0x3
 842 029e 18000000 		.4byte	.LC3
 843 02a2 00       		.byte	0
 844 02a3 0D       		.uleb128 0xd
 845 02a4 24000000 		.4byte	.LVL17
 846 02a8 22050000 		.4byte	0x522
 847 02ac BF020000 		.4byte	0x2bf
 848 02b0 0E       		.uleb128 0xe
 849 02b1 01       		.uleb128 0x1
 850 02b2 50       		.byte	0x50
 851 02b3 01       		.uleb128 0x1
 852 02b4 30       		.byte	0x30
 853 02b5 0E       		.uleb128 0xe
 854 02b6 01       		.uleb128 0x1
 855 02b7 51       		.byte	0x51
 856 02b8 05       		.uleb128 0x5
 857 02b9 03       		.byte	0x3
 858 02ba 18000000 		.4byte	.LC3
 859 02be 00       		.byte	0
 860 02bf 0D       		.uleb128 0xd
 861 02c0 3A000000 		.4byte	.LVL19
 862 02c4 2D050000 		.4byte	0x52d
 863 02c8 E8020000 		.4byte	0x2e8
 864 02cc 0E       		.uleb128 0xe
 865 02cd 01       		.uleb128 0x1
 866 02ce 50       		.byte	0x50
 867 02cf 02       		.uleb128 0x2
 868 02d0 7D       		.byte	0x7d
 869 02d1 00       		.sleb128 0
 870 02d2 0E       		.uleb128 0xe
 871 02d3 01       		.uleb128 0x1
 872 02d4 51       		.byte	0x51
 873 02d5 02       		.uleb128 0x2
 874 02d6 08       		.byte	0x8
 875 02d7 80       		.byte	0x80
 876 02d8 0E       		.uleb128 0xe
 877 02d9 01       		.uleb128 0x1
 878 02da 52       		.byte	0x52
 879 02db 05       		.uleb128 0x5
 880 02dc 03       		.byte	0x3
 881 02dd 1C000000 		.4byte	.LC4
 882 02e1 0E       		.uleb128 0xe
 883 02e2 01       		.uleb128 0x1
 884 02e3 53       		.byte	0x53
 885 02e4 02       		.uleb128 0x2
 886 02e5 75       		.byte	0x75
 887 02e6 00       		.sleb128 0
 888 02e7 00       		.byte	0
 889 02e8 0D       		.uleb128 0xd
 890 02e9 40000000 		.4byte	.LVL20
 891 02ed 0C050000 		.4byte	0x50c
ARM GAS  C:\Users\alexa\AppData\Local\Temp\cc7y7Mgg.s 			page 19


 892 02f1 FC020000 		.4byte	0x2fc
 893 02f5 0E       		.uleb128 0xe
 894 02f6 01       		.uleb128 0x1
 895 02f7 50       		.byte	0x50
 896 02f8 02       		.uleb128 0x2
 897 02f9 7D       		.byte	0x7d
 898 02fa 00       		.sleb128 0
 899 02fb 00       		.byte	0
 900 02fc 0F       		.uleb128 0xf
 901 02fd 60000000 		.4byte	.LVL25
 902 0301 0C050000 		.4byte	0x50c
 903 0305 0E       		.uleb128 0xe
 904 0306 01       		.uleb128 0x1
 905 0307 50       		.byte	0x50
 906 0308 05       		.uleb128 0x5
 907 0309 03       		.byte	0x3
 908 030a 34000000 		.4byte	.LC5
 909 030e 00       		.byte	0
 910 030f 00       		.byte	0
 911 0310 17       		.uleb128 0x17
 912 0311 A5000000 		.4byte	0xa5
 913 0315 20030000 		.4byte	0x320
 914 0319 18       		.uleb128 0x18
 915 031a B3000000 		.4byte	0xb3
 916 031e 7F       		.byte	0x7f
 917 031f 00       		.byte	0
 918 0320 17       		.uleb128 0x17
 919 0321 BA000000 		.4byte	0xba
 920 0325 30030000 		.4byte	0x330
 921 0329 18       		.uleb128 0x18
 922 032a B3000000 		.4byte	0xb3
 923 032e 01       		.byte	0x1
 924 032f 00       		.byte	0
 925 0330 19       		.uleb128 0x19
 926 0331 85020000 		.4byte	.LASF55
 927 0335 01       		.byte	0x1
 928 0336 43       		.byte	0x43
 929 0337 00000000 		.4byte	.LFB69
 930 033b 30000000 		.4byte	.LFE69-.LFB69
 931 033f 01       		.uleb128 0x1
 932 0340 9C       		.byte	0x9c
 933 0341 84030000 		.4byte	0x384
 934 0345 0C       		.uleb128 0xc
 935 0346 69030000 		.4byte	.LASF29
 936 034a 01       		.byte	0x1
 937 034b 43       		.byte	0x43
 938 034c 81000000 		.4byte	0x81
 939 0350 F3000000 		.4byte	.LLST7
 940 0354 0C       		.uleb128 0xc
 941 0355 2A030000 		.4byte	.LASF30
 942 0359 01       		.byte	0x1
 943 035a 43       		.byte	0x43
 944 035b BA000000 		.4byte	0xba
 945 035f 14010000 		.4byte	.LLST8
 946 0363 0C       		.uleb128 0xc
 947 0364 0C030000 		.4byte	.LASF31
 948 0368 01       		.byte	0x1
ARM GAS  C:\Users\alexa\AppData\Local\Temp\cc7y7Mgg.s 			page 20


 949 0369 43       		.byte	0x43
 950 036a 84030000 		.4byte	0x384
 951 036e 35010000 		.4byte	.LLST9
 952 0372 0F       		.uleb128 0xf
 953 0373 2C000000 		.4byte	.LVL28
 954 0377 D5010000 		.4byte	0x1d5
 955 037b 0E       		.uleb128 0xe
 956 037c 01       		.uleb128 0x1
 957 037d 50       		.byte	0x50
 958 037e 03       		.uleb128 0x3
 959 037f F3       		.byte	0xf3
 960 0380 01       		.uleb128 0x1
 961 0381 51       		.byte	0x51
 962 0382 00       		.byte	0
 963 0383 00       		.byte	0
 964 0384 05       		.uleb128 0x5
 965 0385 04       		.byte	0x4
 966 0386 81000000 		.4byte	0x81
 967 038a 0B       		.uleb128 0xb
 968 038b 13000000 		.4byte	.LASF32
 969 038f 01       		.byte	0x1
 970 0390 52       		.byte	0x52
 971 0391 00000000 		.4byte	.LFB70
 972 0395 20000000 		.4byte	.LFE70-.LFB70
 973 0399 01       		.uleb128 0x1
 974 039a 9C       		.byte	0x9c
 975 039b F4030000 		.4byte	0x3f4
 976 039f 12       		.uleb128 0x12
 977 03a0 62756600 		.ascii	"buf\000"
 978 03a4 01       		.byte	0x1
 979 03a5 54       		.byte	0x54
 980 03a6 10030000 		.4byte	0x310
 981 03aa 05       		.uleb128 0x5
 982 03ab 03       		.byte	0x3
 983 03ac 04000000 		.4byte	buf.6809
 984 03b0 12       		.uleb128 0x12
 985 03b1 69647800 		.ascii	"idx\000"
 986 03b5 01       		.byte	0x1
 987 03b6 55       		.byte	0x55
 988 03b7 81000000 		.4byte	0x81
 989 03bb 05       		.uleb128 0x5
 990 03bc 03       		.byte	0x3
 991 03bd 00000000 		.4byte	idx.6810
 992 03c1 1A       		.uleb128 0x1a
 993 03c2 08000000 		.4byte	.LVL30
 994 03c6 38050000 		.4byte	0x538
 995 03ca 0D       		.uleb128 0xd
 996 03cb 12000000 		.4byte	.LVL31
 997 03cf 30030000 		.4byte	0x330
 998 03d3 EA030000 		.4byte	0x3ea
 999 03d7 0E       		.uleb128 0xe
 1000 03d8 01       		.uleb128 0x1
 1001 03d9 51       		.byte	0x51
 1002 03da 05       		.uleb128 0x5
 1003 03db 03       		.byte	0x3
 1004 03dc 04000000 		.4byte	.LANCHOR2+4
 1005 03e0 0E       		.uleb128 0xe
ARM GAS  C:\Users\alexa\AppData\Local\Temp\cc7y7Mgg.s 			page 21


 1006 03e1 01       		.uleb128 0x1
 1007 03e2 52       		.byte	0x52
 1008 03e3 05       		.uleb128 0x5
 1009 03e4 03       		.byte	0x3
 1010 03e5 00000000 		.4byte	.LANCHOR2
 1011 03e9 00       		.byte	0
 1012 03ea 1A       		.uleb128 0x1a
 1013 03eb 16000000 		.4byte	.LVL32
 1014 03ef 43050000 		.4byte	0x543
 1015 03f3 00       		.byte	0
 1016 03f4 0B       		.uleb128 0xb
 1017 03f5 83000000 		.4byte	.LASF33
 1018 03f9 01       		.byte	0x1
 1019 03fa 5C       		.byte	0x5c
 1020 03fb 00000000 		.4byte	.LFB71
 1021 03ff 24000000 		.4byte	.LFE71-.LFB71
 1022 0403 01       		.uleb128 0x1
 1023 0404 9C       		.byte	0x9c
 1024 0405 5E040000 		.4byte	0x45e
 1025 0409 12       		.uleb128 0x12
 1026 040a 62756600 		.ascii	"buf\000"
 1027 040e 01       		.byte	0x1
 1028 040f 5E       		.byte	0x5e
 1029 0410 10030000 		.4byte	0x310
 1030 0414 05       		.uleb128 0x5
 1031 0415 03       		.byte	0x3
 1032 0416 88000000 		.4byte	buf.6817
 1033 041a 12       		.uleb128 0x12
 1034 041b 69647800 		.ascii	"idx\000"
 1035 041f 01       		.byte	0x1
 1036 0420 5F       		.byte	0x5f
 1037 0421 81000000 		.4byte	0x81
 1038 0425 05       		.uleb128 0x5
 1039 0426 03       		.byte	0x3
 1040 0427 84000000 		.4byte	idx.6818
 1041 042b 1A       		.uleb128 0x1a
 1042 042c 08000000 		.4byte	.LVL33
 1043 0430 4E050000 		.4byte	0x54e
 1044 0434 0D       		.uleb128 0xd
 1045 0435 14000000 		.4byte	.LVL34
 1046 0439 30030000 		.4byte	0x330
 1047 043d 54040000 		.4byte	0x454
 1048 0441 0E       		.uleb128 0xe
 1049 0442 01       		.uleb128 0x1
 1050 0443 51       		.byte	0x51
 1051 0444 05       		.uleb128 0x5
 1052 0445 03       		.byte	0x3
 1053 0446 88000000 		.4byte	.LANCHOR2+136
 1054 044a 0E       		.uleb128 0xe
 1055 044b 01       		.uleb128 0x1
 1056 044c 52       		.byte	0x52
 1057 044d 05       		.uleb128 0x5
 1058 044e 03       		.byte	0x3
 1059 044f 84000000 		.4byte	.LANCHOR2+132
 1060 0453 00       		.byte	0
 1061 0454 1A       		.uleb128 0x1a
 1062 0455 18000000 		.4byte	.LVL35
ARM GAS  C:\Users\alexa\AppData\Local\Temp\cc7y7Mgg.s 			page 22


 1063 0459 59050000 		.4byte	0x559
 1064 045d 00       		.byte	0
 1065 045e 1B       		.uleb128 0x1b
 1066 045f E5010000 		.4byte	.LASF56
 1067 0463 01       		.byte	0x1
 1068 0464 66       		.byte	0x66
 1069 0465 00000000 		.4byte	.LFB72
 1070 0469 20000000 		.4byte	.LFE72-.LFB72
 1071 046d 01       		.uleb128 0x1
 1072 046e 9C       		.byte	0x9c
 1073 046f B4040000 		.4byte	0x4b4
 1074 0473 0D       		.uleb128 0xd
 1075 0474 08000000 		.4byte	.LVL36
 1076 0478 64050000 		.4byte	0x564
 1077 047c 8A040000 		.4byte	0x48a
 1078 0480 0E       		.uleb128 0xe
 1079 0481 01       		.uleb128 0x1
 1080 0482 50       		.byte	0x50
 1081 0483 05       		.uleb128 0x5
 1082 0484 03       		.byte	0x3
 1083 0485 00000000 		.4byte	UART_USB_RX_ISR_handler
 1084 0489 00       		.byte	0
 1085 048a 0D       		.uleb128 0xd
 1086 048b 0E000000 		.4byte	.LVL37
 1087 048f 6F050000 		.4byte	0x56f
 1088 0493 A1040000 		.4byte	0x4a1
 1089 0497 0E       		.uleb128 0xe
 1090 0498 01       		.uleb128 0x1
 1091 0499 50       		.byte	0x50
 1092 049a 05       		.uleb128 0x5
 1093 049b 03       		.byte	0x3
 1094 049c 00000000 		.4byte	UART_PI_RX_ISR_handler
 1095 04a0 00       		.byte	0
 1096 04a1 1A       		.uleb128 0x1a
 1097 04a2 12000000 		.4byte	.LVL38
 1098 04a6 7A050000 		.4byte	0x57a
 1099 04aa 1A       		.uleb128 0x1a
 1100 04ab 16000000 		.4byte	.LVL39
 1101 04af 85050000 		.4byte	0x585
 1102 04b3 00       		.byte	0
 1103 04b4 17       		.uleb128 0x17
 1104 04b5 C4040000 		.4byte	0x4c4
 1105 04b9 C4040000 		.4byte	0x4c4
 1106 04bd 18       		.uleb128 0x18
 1107 04be B3000000 		.4byte	0xb3
 1108 04c2 02       		.byte	0x2
 1109 04c3 00       		.byte	0
 1110 04c4 06       		.uleb128 0x6
 1111 04c5 0E010000 		.4byte	0x10e
 1112 04c9 1C       		.uleb128 0x1c
 1113 04ca FA020000 		.4byte	.LASF34
 1114 04ce 01       		.byte	0x1
 1115 04cf 1C       		.byte	0x1c
 1116 04d0 DA040000 		.4byte	0x4da
 1117 04d4 05       		.uleb128 0x5
 1118 04d5 03       		.byte	0x3
 1119 04d6 04000000 		.4byte	commandTable
ARM GAS  C:\Users\alexa\AppData\Local\Temp\cc7y7Mgg.s 			page 23


 1120 04da 06       		.uleb128 0x6
 1121 04db B4040000 		.4byte	0x4b4
 1122 04df 1D       		.uleb128 0x1d
 1123 04e0 24020000 		.4byte	.LASF35
 1124 04e4 04       		.byte	0x4
 1125 04e5 1207     		.2byte	0x712
 1126 04e7 EB040000 		.4byte	0x4eb
 1127 04eb 1E       		.uleb128 0x1e
 1128 04ec 8C000000 		.4byte	0x8c
 1129 04f0 1F       		.uleb128 0x1f
 1130 04f1 AE020000 		.4byte	.LASF36
 1131 04f5 01       		.byte	0x1
 1132 04f6 0E       		.byte	0xe
 1133 04f7 C0000000 		.4byte	0xc0
 1134 04fb 05       		.uleb128 0x5
 1135 04fc 03       		.byte	0x3
 1136 04fd 00000000 		.4byte	latestCmd
 1137 0501 20       		.uleb128 0x20
 1138 0502 C1010000 		.4byte	.LASF37
 1139 0506 C1010000 		.4byte	.LASF37
 1140 050a 05       		.byte	0x5
 1141 050b 26       		.byte	0x26
 1142 050c 20       		.uleb128 0x20
 1143 050d B8020000 		.4byte	.LASF38
 1144 0511 B8020000 		.4byte	.LASF38
 1145 0515 06       		.byte	0x6
 1146 0516 8B       		.byte	0x8b
 1147 0517 20       		.uleb128 0x20
 1148 0518 31030000 		.4byte	.LASF39
 1149 051c 31030000 		.4byte	.LASF39
 1150 0520 07       		.byte	0x7
 1151 0521 1C       		.byte	0x1c
 1152 0522 20       		.uleb128 0x20
 1153 0523 62030000 		.4byte	.LASF40
 1154 0527 62030000 		.4byte	.LASF40
 1155 052b 07       		.byte	0x7
 1156 052c 2A       		.byte	0x2a
 1157 052d 20       		.uleb128 0x20
 1158 052e A1000000 		.4byte	.LASF41
 1159 0532 A1000000 		.4byte	.LASF41
 1160 0536 08       		.byte	0x8
 1161 0537 FD       		.byte	0xfd
 1162 0538 20       		.uleb128 0x20
 1163 0539 2B000000 		.4byte	.LASF42
 1164 053d 2B000000 		.4byte	.LASF42
 1165 0541 06       		.byte	0x6
 1166 0542 6F       		.byte	0x6f
 1167 0543 20       		.uleb128 0x20
 1168 0544 3F020000 		.4byte	.LASF43
 1169 0548 3F020000 		.4byte	.LASF43
 1170 054c 06       		.byte	0x6
 1171 054d 73       		.byte	0x73
 1172 054e 20       		.uleb128 0x20
 1173 054f 11020000 		.4byte	.LASF44
 1174 0553 11020000 		.4byte	.LASF44
 1175 0557 09       		.byte	0x9
 1176 0558 6F       		.byte	0x6f
ARM GAS  C:\Users\alexa\AppData\Local\Temp\cc7y7Mgg.s 			page 24


 1177 0559 20       		.uleb128 0x20
 1178 055a CE000000 		.4byte	.LASF45
 1179 055e CE000000 		.4byte	.LASF45
 1180 0562 09       		.byte	0x9
 1181 0563 73       		.byte	0x73
 1182 0564 20       		.uleb128 0x20
 1183 0565 3E030000 		.4byte	.LASF46
 1184 0569 3E030000 		.4byte	.LASF46
 1185 056d 0A       		.byte	0xa
 1186 056e 18       		.byte	0x18
 1187 056f 20       		.uleb128 0x20
 1188 0570 76030000 		.4byte	.LASF47
 1189 0574 76030000 		.4byte	.LASF47
 1190 0578 0B       		.byte	0xb
 1191 0579 18       		.byte	0x18
 1192 057a 20       		.uleb128 0x20
 1193 057b 16010000 		.4byte	.LASF48
 1194 057f 16010000 		.4byte	.LASF48
 1195 0583 06       		.byte	0x6
 1196 0584 54       		.byte	0x54
 1197 0585 20       		.uleb128 0x20
 1198 0586 12030000 		.4byte	.LASF49
 1199 058a 12030000 		.4byte	.LASF49
 1200 058e 09       		.byte	0x9
 1201 058f 54       		.byte	0x54
 1202 0590 00       		.byte	0
 1203              		.section	.debug_abbrev,"",%progbits
 1204              	.Ldebug_abbrev0:
 1205 0000 01       		.uleb128 0x1
 1206 0001 11       		.uleb128 0x11
 1207 0002 01       		.byte	0x1
 1208 0003 25       		.uleb128 0x25
 1209 0004 0E       		.uleb128 0xe
 1210 0005 13       		.uleb128 0x13
 1211 0006 0B       		.uleb128 0xb
 1212 0007 03       		.uleb128 0x3
 1213 0008 0E       		.uleb128 0xe
 1214 0009 1B       		.uleb128 0x1b
 1215 000a 0E       		.uleb128 0xe
 1216 000b 55       		.uleb128 0x55
 1217 000c 17       		.uleb128 0x17
 1218 000d 11       		.uleb128 0x11
 1219 000e 01       		.uleb128 0x1
 1220 000f 10       		.uleb128 0x10
 1221 0010 17       		.uleb128 0x17
 1222 0011 00       		.byte	0
 1223 0012 00       		.byte	0
 1224 0013 02       		.uleb128 0x2
 1225 0014 24       		.uleb128 0x24
 1226 0015 00       		.byte	0
 1227 0016 0B       		.uleb128 0xb
 1228 0017 0B       		.uleb128 0xb
 1229 0018 3E       		.uleb128 0x3e
 1230 0019 0B       		.uleb128 0xb
 1231 001a 03       		.uleb128 0x3
 1232 001b 0E       		.uleb128 0xe
 1233 001c 00       		.byte	0
ARM GAS  C:\Users\alexa\AppData\Local\Temp\cc7y7Mgg.s 			page 25


 1234 001d 00       		.byte	0
 1235 001e 03       		.uleb128 0x3
 1236 001f 16       		.uleb128 0x16
 1237 0020 00       		.byte	0
 1238 0021 03       		.uleb128 0x3
 1239 0022 0E       		.uleb128 0xe
 1240 0023 3A       		.uleb128 0x3a
 1241 0024 0B       		.uleb128 0xb
 1242 0025 3B       		.uleb128 0x3b
 1243 0026 0B       		.uleb128 0xb
 1244 0027 49       		.uleb128 0x49
 1245 0028 13       		.uleb128 0x13
 1246 0029 00       		.byte	0
 1247 002a 00       		.byte	0
 1248 002b 04       		.uleb128 0x4
 1249 002c 24       		.uleb128 0x24
 1250 002d 00       		.byte	0
 1251 002e 0B       		.uleb128 0xb
 1252 002f 0B       		.uleb128 0xb
 1253 0030 3E       		.uleb128 0x3e
 1254 0031 0B       		.uleb128 0xb
 1255 0032 03       		.uleb128 0x3
 1256 0033 08       		.uleb128 0x8
 1257 0034 00       		.byte	0
 1258 0035 00       		.byte	0
 1259 0036 05       		.uleb128 0x5
 1260 0037 0F       		.uleb128 0xf
 1261 0038 00       		.byte	0
 1262 0039 0B       		.uleb128 0xb
 1263 003a 0B       		.uleb128 0xb
 1264 003b 49       		.uleb128 0x49
 1265 003c 13       		.uleb128 0x13
 1266 003d 00       		.byte	0
 1267 003e 00       		.byte	0
 1268 003f 06       		.uleb128 0x6
 1269 0040 26       		.uleb128 0x26
 1270 0041 00       		.byte	0
 1271 0042 49       		.uleb128 0x49
 1272 0043 13       		.uleb128 0x13
 1273 0044 00       		.byte	0
 1274 0045 00       		.byte	0
 1275 0046 07       		.uleb128 0x7
 1276 0047 15       		.uleb128 0x15
 1277 0048 01       		.byte	0x1
 1278 0049 27       		.uleb128 0x27
 1279 004a 19       		.uleb128 0x19
 1280 004b 01       		.uleb128 0x1
 1281 004c 13       		.uleb128 0x13
 1282 004d 00       		.byte	0
 1283 004e 00       		.byte	0
 1284 004f 08       		.uleb128 0x8
 1285 0050 05       		.uleb128 0x5
 1286 0051 00       		.byte	0
 1287 0052 49       		.uleb128 0x49
 1288 0053 13       		.uleb128 0x13
 1289 0054 00       		.byte	0
 1290 0055 00       		.byte	0
ARM GAS  C:\Users\alexa\AppData\Local\Temp\cc7y7Mgg.s 			page 26


 1291 0056 09       		.uleb128 0x9
 1292 0057 13       		.uleb128 0x13
 1293 0058 01       		.byte	0x1
 1294 0059 0B       		.uleb128 0xb
 1295 005a 0B       		.uleb128 0xb
 1296 005b 3A       		.uleb128 0x3a
 1297 005c 0B       		.uleb128 0xb
 1298 005d 3B       		.uleb128 0x3b
 1299 005e 0B       		.uleb128 0xb
 1300 005f 01       		.uleb128 0x1
 1301 0060 13       		.uleb128 0x13
 1302 0061 00       		.byte	0
 1303 0062 00       		.byte	0
 1304 0063 0A       		.uleb128 0xa
 1305 0064 0D       		.uleb128 0xd
 1306 0065 00       		.byte	0
 1307 0066 03       		.uleb128 0x3
 1308 0067 0E       		.uleb128 0xe
 1309 0068 3A       		.uleb128 0x3a
 1310 0069 0B       		.uleb128 0xb
 1311 006a 3B       		.uleb128 0x3b
 1312 006b 0B       		.uleb128 0xb
 1313 006c 49       		.uleb128 0x49
 1314 006d 13       		.uleb128 0x13
 1315 006e 38       		.uleb128 0x38
 1316 006f 0B       		.uleb128 0xb
 1317 0070 00       		.byte	0
 1318 0071 00       		.byte	0
 1319 0072 0B       		.uleb128 0xb
 1320 0073 2E       		.uleb128 0x2e
 1321 0074 01       		.byte	0x1
 1322 0075 3F       		.uleb128 0x3f
 1323 0076 19       		.uleb128 0x19
 1324 0077 03       		.uleb128 0x3
 1325 0078 0E       		.uleb128 0xe
 1326 0079 3A       		.uleb128 0x3a
 1327 007a 0B       		.uleb128 0xb
 1328 007b 3B       		.uleb128 0x3b
 1329 007c 0B       		.uleb128 0xb
 1330 007d 27       		.uleb128 0x27
 1331 007e 19       		.uleb128 0x19
 1332 007f 11       		.uleb128 0x11
 1333 0080 01       		.uleb128 0x1
 1334 0081 12       		.uleb128 0x12
 1335 0082 06       		.uleb128 0x6
 1336 0083 40       		.uleb128 0x40
 1337 0084 18       		.uleb128 0x18
 1338 0085 9742     		.uleb128 0x2117
 1339 0087 19       		.uleb128 0x19
 1340 0088 01       		.uleb128 0x1
 1341 0089 13       		.uleb128 0x13
 1342 008a 00       		.byte	0
 1343 008b 00       		.byte	0
 1344 008c 0C       		.uleb128 0xc
 1345 008d 05       		.uleb128 0x5
 1346 008e 00       		.byte	0
 1347 008f 03       		.uleb128 0x3
ARM GAS  C:\Users\alexa\AppData\Local\Temp\cc7y7Mgg.s 			page 27


 1348 0090 0E       		.uleb128 0xe
 1349 0091 3A       		.uleb128 0x3a
 1350 0092 0B       		.uleb128 0xb
 1351 0093 3B       		.uleb128 0x3b
 1352 0094 0B       		.uleb128 0xb
 1353 0095 49       		.uleb128 0x49
 1354 0096 13       		.uleb128 0x13
 1355 0097 02       		.uleb128 0x2
 1356 0098 17       		.uleb128 0x17
 1357 0099 00       		.byte	0
 1358 009a 00       		.byte	0
 1359 009b 0D       		.uleb128 0xd
 1360 009c 898201   		.uleb128 0x4109
 1361 009f 01       		.byte	0x1
 1362 00a0 11       		.uleb128 0x11
 1363 00a1 01       		.uleb128 0x1
 1364 00a2 31       		.uleb128 0x31
 1365 00a3 13       		.uleb128 0x13
 1366 00a4 01       		.uleb128 0x1
 1367 00a5 13       		.uleb128 0x13
 1368 00a6 00       		.byte	0
 1369 00a7 00       		.byte	0
 1370 00a8 0E       		.uleb128 0xe
 1371 00a9 8A8201   		.uleb128 0x410a
 1372 00ac 00       		.byte	0
 1373 00ad 02       		.uleb128 0x2
 1374 00ae 18       		.uleb128 0x18
 1375 00af 9142     		.uleb128 0x2111
 1376 00b1 18       		.uleb128 0x18
 1377 00b2 00       		.byte	0
 1378 00b3 00       		.byte	0
 1379 00b4 0F       		.uleb128 0xf
 1380 00b5 898201   		.uleb128 0x4109
 1381 00b8 01       		.byte	0x1
 1382 00b9 11       		.uleb128 0x11
 1383 00ba 01       		.uleb128 0x1
 1384 00bb 31       		.uleb128 0x31
 1385 00bc 13       		.uleb128 0x13
 1386 00bd 00       		.byte	0
 1387 00be 00       		.byte	0
 1388 00bf 10       		.uleb128 0x10
 1389 00c0 2E       		.uleb128 0x2e
 1390 00c1 00       		.byte	0
 1391 00c2 3F       		.uleb128 0x3f
 1392 00c3 19       		.uleb128 0x19
 1393 00c4 03       		.uleb128 0x3
 1394 00c5 0E       		.uleb128 0xe
 1395 00c6 3A       		.uleb128 0x3a
 1396 00c7 0B       		.uleb128 0xb
 1397 00c8 3B       		.uleb128 0x3b
 1398 00c9 0B       		.uleb128 0xb
 1399 00ca 49       		.uleb128 0x49
 1400 00cb 13       		.uleb128 0x13
 1401 00cc 11       		.uleb128 0x11
 1402 00cd 01       		.uleb128 0x1
 1403 00ce 12       		.uleb128 0x12
 1404 00cf 06       		.uleb128 0x6
ARM GAS  C:\Users\alexa\AppData\Local\Temp\cc7y7Mgg.s 			page 28


 1405 00d0 40       		.uleb128 0x40
 1406 00d1 18       		.uleb128 0x18
 1407 00d2 9742     		.uleb128 0x2117
 1408 00d4 19       		.uleb128 0x19
 1409 00d5 00       		.byte	0
 1410 00d6 00       		.byte	0
 1411 00d7 11       		.uleb128 0x11
 1412 00d8 2E       		.uleb128 0x2e
 1413 00d9 00       		.byte	0
 1414 00da 3F       		.uleb128 0x3f
 1415 00db 19       		.uleb128 0x19
 1416 00dc 03       		.uleb128 0x3
 1417 00dd 0E       		.uleb128 0xe
 1418 00de 3A       		.uleb128 0x3a
 1419 00df 0B       		.uleb128 0xb
 1420 00e0 3B       		.uleb128 0x3b
 1421 00e1 0B       		.uleb128 0xb
 1422 00e2 11       		.uleb128 0x11
 1423 00e3 01       		.uleb128 0x1
 1424 00e4 12       		.uleb128 0x12
 1425 00e5 06       		.uleb128 0x6
 1426 00e6 40       		.uleb128 0x40
 1427 00e7 18       		.uleb128 0x18
 1428 00e8 9742     		.uleb128 0x2117
 1429 00ea 19       		.uleb128 0x19
 1430 00eb 00       		.byte	0
 1431 00ec 00       		.byte	0
 1432 00ed 12       		.uleb128 0x12
 1433 00ee 34       		.uleb128 0x34
 1434 00ef 00       		.byte	0
 1435 00f0 03       		.uleb128 0x3
 1436 00f1 08       		.uleb128 0x8
 1437 00f2 3A       		.uleb128 0x3a
 1438 00f3 0B       		.uleb128 0xb
 1439 00f4 3B       		.uleb128 0x3b
 1440 00f5 0B       		.uleb128 0xb
 1441 00f6 49       		.uleb128 0x49
 1442 00f7 13       		.uleb128 0x13
 1443 00f8 02       		.uleb128 0x2
 1444 00f9 18       		.uleb128 0x18
 1445 00fa 00       		.byte	0
 1446 00fb 00       		.byte	0
 1447 00fc 13       		.uleb128 0x13
 1448 00fd 34       		.uleb128 0x34
 1449 00fe 00       		.byte	0
 1450 00ff 03       		.uleb128 0x3
 1451 0100 0E       		.uleb128 0xe
 1452 0101 3A       		.uleb128 0x3a
 1453 0102 0B       		.uleb128 0xb
 1454 0103 3B       		.uleb128 0x3b
 1455 0104 0B       		.uleb128 0xb
 1456 0105 49       		.uleb128 0x49
 1457 0106 13       		.uleb128 0x13
 1458 0107 00       		.byte	0
 1459 0108 00       		.byte	0
 1460 0109 14       		.uleb128 0x14
 1461 010a 34       		.uleb128 0x34
ARM GAS  C:\Users\alexa\AppData\Local\Temp\cc7y7Mgg.s 			page 29


 1462 010b 00       		.byte	0
 1463 010c 03       		.uleb128 0x3
 1464 010d 08       		.uleb128 0x8
 1465 010e 3A       		.uleb128 0x3a
 1466 010f 0B       		.uleb128 0xb
 1467 0110 3B       		.uleb128 0x3b
 1468 0111 0B       		.uleb128 0xb
 1469 0112 49       		.uleb128 0x49
 1470 0113 13       		.uleb128 0x13
 1471 0114 02       		.uleb128 0x2
 1472 0115 17       		.uleb128 0x17
 1473 0116 00       		.byte	0
 1474 0117 00       		.byte	0
 1475 0118 15       		.uleb128 0x15
 1476 0119 34       		.uleb128 0x34
 1477 011a 00       		.byte	0
 1478 011b 03       		.uleb128 0x3
 1479 011c 0E       		.uleb128 0xe
 1480 011d 3A       		.uleb128 0x3a
 1481 011e 0B       		.uleb128 0xb
 1482 011f 3B       		.uleb128 0x3b
 1483 0120 0B       		.uleb128 0xb
 1484 0121 49       		.uleb128 0x49
 1485 0122 13       		.uleb128 0x13
 1486 0123 02       		.uleb128 0x2
 1487 0124 17       		.uleb128 0x17
 1488 0125 00       		.byte	0
 1489 0126 00       		.byte	0
 1490 0127 16       		.uleb128 0x16
 1491 0128 0B       		.uleb128 0xb
 1492 0129 01       		.byte	0x1
 1493 012a 11       		.uleb128 0x11
 1494 012b 01       		.uleb128 0x1
 1495 012c 12       		.uleb128 0x12
 1496 012d 06       		.uleb128 0x6
 1497 012e 01       		.uleb128 0x1
 1498 012f 13       		.uleb128 0x13
 1499 0130 00       		.byte	0
 1500 0131 00       		.byte	0
 1501 0132 17       		.uleb128 0x17
 1502 0133 01       		.uleb128 0x1
 1503 0134 01       		.byte	0x1
 1504 0135 49       		.uleb128 0x49
 1505 0136 13       		.uleb128 0x13
 1506 0137 01       		.uleb128 0x1
 1507 0138 13       		.uleb128 0x13
 1508 0139 00       		.byte	0
 1509 013a 00       		.byte	0
 1510 013b 18       		.uleb128 0x18
 1511 013c 21       		.uleb128 0x21
 1512 013d 00       		.byte	0
 1513 013e 49       		.uleb128 0x49
 1514 013f 13       		.uleb128 0x13
 1515 0140 2F       		.uleb128 0x2f
 1516 0141 0B       		.uleb128 0xb
 1517 0142 00       		.byte	0
 1518 0143 00       		.byte	0
ARM GAS  C:\Users\alexa\AppData\Local\Temp\cc7y7Mgg.s 			page 30


 1519 0144 19       		.uleb128 0x19
 1520 0145 2E       		.uleb128 0x2e
 1521 0146 01       		.byte	0x1
 1522 0147 03       		.uleb128 0x3
 1523 0148 0E       		.uleb128 0xe
 1524 0149 3A       		.uleb128 0x3a
 1525 014a 0B       		.uleb128 0xb
 1526 014b 3B       		.uleb128 0x3b
 1527 014c 0B       		.uleb128 0xb
 1528 014d 27       		.uleb128 0x27
 1529 014e 19       		.uleb128 0x19
 1530 014f 11       		.uleb128 0x11
 1531 0150 01       		.uleb128 0x1
 1532 0151 12       		.uleb128 0x12
 1533 0152 06       		.uleb128 0x6
 1534 0153 40       		.uleb128 0x40
 1535 0154 18       		.uleb128 0x18
 1536 0155 9742     		.uleb128 0x2117
 1537 0157 19       		.uleb128 0x19
 1538 0158 01       		.uleb128 0x1
 1539 0159 13       		.uleb128 0x13
 1540 015a 00       		.byte	0
 1541 015b 00       		.byte	0
 1542 015c 1A       		.uleb128 0x1a
 1543 015d 898201   		.uleb128 0x4109
 1544 0160 00       		.byte	0
 1545 0161 11       		.uleb128 0x11
 1546 0162 01       		.uleb128 0x1
 1547 0163 31       		.uleb128 0x31
 1548 0164 13       		.uleb128 0x13
 1549 0165 00       		.byte	0
 1550 0166 00       		.byte	0
 1551 0167 1B       		.uleb128 0x1b
 1552 0168 2E       		.uleb128 0x2e
 1553 0169 01       		.byte	0x1
 1554 016a 3F       		.uleb128 0x3f
 1555 016b 19       		.uleb128 0x19
 1556 016c 03       		.uleb128 0x3
 1557 016d 0E       		.uleb128 0xe
 1558 016e 3A       		.uleb128 0x3a
 1559 016f 0B       		.uleb128 0xb
 1560 0170 3B       		.uleb128 0x3b
 1561 0171 0B       		.uleb128 0xb
 1562 0172 11       		.uleb128 0x11
 1563 0173 01       		.uleb128 0x1
 1564 0174 12       		.uleb128 0x12
 1565 0175 06       		.uleb128 0x6
 1566 0176 40       		.uleb128 0x40
 1567 0177 18       		.uleb128 0x18
 1568 0178 9742     		.uleb128 0x2117
 1569 017a 19       		.uleb128 0x19
 1570 017b 01       		.uleb128 0x1
 1571 017c 13       		.uleb128 0x13
 1572 017d 00       		.byte	0
 1573 017e 00       		.byte	0
 1574 017f 1C       		.uleb128 0x1c
 1575 0180 34       		.uleb128 0x34
ARM GAS  C:\Users\alexa\AppData\Local\Temp\cc7y7Mgg.s 			page 31


 1576 0181 00       		.byte	0
 1577 0182 03       		.uleb128 0x3
 1578 0183 0E       		.uleb128 0xe
 1579 0184 3A       		.uleb128 0x3a
 1580 0185 0B       		.uleb128 0xb
 1581 0186 3B       		.uleb128 0x3b
 1582 0187 0B       		.uleb128 0xb
 1583 0188 49       		.uleb128 0x49
 1584 0189 13       		.uleb128 0x13
 1585 018a 02       		.uleb128 0x2
 1586 018b 18       		.uleb128 0x18
 1587 018c 00       		.byte	0
 1588 018d 00       		.byte	0
 1589 018e 1D       		.uleb128 0x1d
 1590 018f 34       		.uleb128 0x34
 1591 0190 00       		.byte	0
 1592 0191 03       		.uleb128 0x3
 1593 0192 0E       		.uleb128 0xe
 1594 0193 3A       		.uleb128 0x3a
 1595 0194 0B       		.uleb128 0xb
 1596 0195 3B       		.uleb128 0x3b
 1597 0196 05       		.uleb128 0x5
 1598 0197 49       		.uleb128 0x49
 1599 0198 13       		.uleb128 0x13
 1600 0199 3F       		.uleb128 0x3f
 1601 019a 19       		.uleb128 0x19
 1602 019b 3C       		.uleb128 0x3c
 1603 019c 19       		.uleb128 0x19
 1604 019d 00       		.byte	0
 1605 019e 00       		.byte	0
 1606 019f 1E       		.uleb128 0x1e
 1607 01a0 35       		.uleb128 0x35
 1608 01a1 00       		.byte	0
 1609 01a2 49       		.uleb128 0x49
 1610 01a3 13       		.uleb128 0x13
 1611 01a4 00       		.byte	0
 1612 01a5 00       		.byte	0
 1613 01a6 1F       		.uleb128 0x1f
 1614 01a7 34       		.uleb128 0x34
 1615 01a8 00       		.byte	0
 1616 01a9 03       		.uleb128 0x3
 1617 01aa 0E       		.uleb128 0xe
 1618 01ab 3A       		.uleb128 0x3a
 1619 01ac 0B       		.uleb128 0xb
 1620 01ad 3B       		.uleb128 0x3b
 1621 01ae 0B       		.uleb128 0xb
 1622 01af 49       		.uleb128 0x49
 1623 01b0 13       		.uleb128 0x13
 1624 01b1 3F       		.uleb128 0x3f
 1625 01b2 19       		.uleb128 0x19
 1626 01b3 02       		.uleb128 0x2
 1627 01b4 18       		.uleb128 0x18
 1628 01b5 00       		.byte	0
 1629 01b6 00       		.byte	0
 1630 01b7 20       		.uleb128 0x20
 1631 01b8 2E       		.uleb128 0x2e
 1632 01b9 00       		.byte	0
ARM GAS  C:\Users\alexa\AppData\Local\Temp\cc7y7Mgg.s 			page 32


 1633 01ba 3F       		.uleb128 0x3f
 1634 01bb 19       		.uleb128 0x19
 1635 01bc 3C       		.uleb128 0x3c
 1636 01bd 19       		.uleb128 0x19
 1637 01be 6E       		.uleb128 0x6e
 1638 01bf 0E       		.uleb128 0xe
 1639 01c0 03       		.uleb128 0x3
 1640 01c1 0E       		.uleb128 0xe
 1641 01c2 3A       		.uleb128 0x3a
 1642 01c3 0B       		.uleb128 0xb
 1643 01c4 3B       		.uleb128 0x3b
 1644 01c5 0B       		.uleb128 0xb
 1645 01c6 00       		.byte	0
 1646 01c7 00       		.byte	0
 1647 01c8 00       		.byte	0
 1648              		.section	.debug_loc,"",%progbits
 1649              	.Ldebug_loc0:
 1650              	.LLST0:
 1651 0000 00000000 		.4byte	.LVL0
 1652 0004 04000000 		.4byte	.LVL1
 1653 0008 0100     		.2byte	0x1
 1654 000a 50       		.byte	0x50
 1655 000b 04000000 		.4byte	.LVL1
 1656 000f 14000000 		.4byte	.LFE64
 1657 0013 0400     		.2byte	0x4
 1658 0015 F3       		.byte	0xf3
 1659 0016 01       		.uleb128 0x1
 1660 0017 50       		.byte	0x50
 1661 0018 9F       		.byte	0x9f
 1662 0019 00000000 		.4byte	0
 1663 001d 00000000 		.4byte	0
 1664              	.LLST1:
 1665 0021 00000000 		.4byte	.LVL4
 1666 0025 04000000 		.4byte	.LVL5
 1667 0029 0100     		.2byte	0x1
 1668 002b 50       		.byte	0x50
 1669 002c 04000000 		.4byte	.LVL5
 1670 0030 14000000 		.4byte	.LFE65
 1671 0034 0400     		.2byte	0x4
 1672 0036 F3       		.byte	0xf3
 1673 0037 01       		.uleb128 0x1
 1674 0038 50       		.byte	0x50
 1675 0039 9F       		.byte	0x9f
 1676 003a 00000000 		.4byte	0
 1677 003e 00000000 		.4byte	0
 1678              	.LLST2:
 1679 0042 00000000 		.4byte	.LVL8
 1680 0046 09000000 		.4byte	.LVL10-1
 1681 004a 0100     		.2byte	0x1
 1682 004c 50       		.byte	0x50
 1683 004d 09000000 		.4byte	.LVL10-1
 1684 0051 78000000 		.4byte	.LFE68
 1685 0055 0400     		.2byte	0x4
 1686 0057 F3       		.byte	0xf3
 1687 0058 01       		.uleb128 0x1
 1688 0059 50       		.byte	0x50
 1689 005a 9F       		.byte	0x9f
ARM GAS  C:\Users\alexa\AppData\Local\Temp\cc7y7Mgg.s 			page 33


 1690 005b 00000000 		.4byte	0
 1691 005f 00000000 		.4byte	0
 1692              	.LLST3:
 1693 0063 04000000 		.4byte	.LVL9
 1694 0067 1A000000 		.4byte	.LVL14
 1695 006b 0200     		.2byte	0x2
 1696 006d 30       		.byte	0x30
 1697 006e 9F       		.byte	0x9f
 1698 006f 1A000000 		.4byte	.LVL14
 1699 0073 42000000 		.4byte	.LVL21
 1700 0077 0100     		.2byte	0x1
 1701 0079 54       		.byte	0x54
 1702 007a 00000000 		.4byte	0
 1703 007e 00000000 		.4byte	0
 1704              	.LLST4:
 1705 0082 0A000000 		.4byte	.LVL10
 1706 0086 12000000 		.4byte	.LVL12
 1707 008a 0100     		.2byte	0x1
 1708 008c 50       		.byte	0x50
 1709 008d 12000000 		.4byte	.LVL12
 1710 0091 16000000 		.4byte	.LVL13
 1711 0095 0100     		.2byte	0x1
 1712 0097 55       		.byte	0x55
 1713 0098 16000000 		.4byte	.LVL13
 1714 009c 20000000 		.4byte	.LVL16
 1715 00a0 0100     		.2byte	0x1
 1716 00a2 50       		.byte	0x50
 1717 00a3 24000000 		.4byte	.LVL17
 1718 00a7 36000000 		.4byte	.LVL18
 1719 00ab 0100     		.2byte	0x1
 1720 00ad 50       		.byte	0x50
 1721 00ae 00000000 		.4byte	0
 1722 00b2 00000000 		.4byte	0
 1723              	.LLST5:
 1724 00b6 0E000000 		.4byte	.LVL11
 1725 00ba 12000000 		.4byte	.LVL12
 1726 00be 0100     		.2byte	0x1
 1727 00c0 50       		.byte	0x50
 1728 00c1 12000000 		.4byte	.LVL12
 1729 00c5 60000000 		.4byte	.LVL25
 1730 00c9 0100     		.2byte	0x1
 1731 00cb 55       		.byte	0x55
 1732 00cc 00000000 		.4byte	0
 1733 00d0 00000000 		.4byte	0
 1734              	.LLST6:
 1735 00d4 40000000 		.4byte	.LVL20
 1736 00d8 44000000 		.4byte	.LVL22
 1737 00dc 0200     		.2byte	0x2
 1738 00de 30       		.byte	0x30
 1739 00df 9F       		.byte	0x9f
 1740 00e0 44000000 		.4byte	.LVL22
 1741 00e4 60000000 		.4byte	.LVL25
 1742 00e8 0100     		.2byte	0x1
 1743 00ea 54       		.byte	0x54
 1744 00eb 00000000 		.4byte	0
 1745 00ef 00000000 		.4byte	0
 1746              	.LLST7:
ARM GAS  C:\Users\alexa\AppData\Local\Temp\cc7y7Mgg.s 			page 34


 1747 00f3 00000000 		.4byte	.LVL26
 1748 00f7 22000000 		.4byte	.LVL27
 1749 00fb 0100     		.2byte	0x1
 1750 00fd 50       		.byte	0x50
 1751 00fe 22000000 		.4byte	.LVL27
 1752 0102 30000000 		.4byte	.LFE69
 1753 0106 0400     		.2byte	0x4
 1754 0108 F3       		.byte	0xf3
 1755 0109 01       		.uleb128 0x1
 1756 010a 50       		.byte	0x50
 1757 010b 9F       		.byte	0x9f
 1758 010c 00000000 		.4byte	0
 1759 0110 00000000 		.4byte	0
 1760              	.LLST8:
 1761 0114 00000000 		.4byte	.LVL26
 1762 0118 2B000000 		.4byte	.LVL28-1
 1763 011c 0100     		.2byte	0x1
 1764 011e 51       		.byte	0x51
 1765 011f 2B000000 		.4byte	.LVL28-1
 1766 0123 30000000 		.4byte	.LFE69
 1767 0127 0400     		.2byte	0x4
 1768 0129 F3       		.byte	0xf3
 1769 012a 01       		.uleb128 0x1
 1770 012b 51       		.byte	0x51
 1771 012c 9F       		.byte	0x9f
 1772 012d 00000000 		.4byte	0
 1773 0131 00000000 		.4byte	0
 1774              	.LLST9:
 1775 0135 00000000 		.4byte	.LVL26
 1776 0139 2B000000 		.4byte	.LVL28-1
 1777 013d 0100     		.2byte	0x1
 1778 013f 52       		.byte	0x52
 1779 0140 2B000000 		.4byte	.LVL28-1
 1780 0144 2E000000 		.4byte	.LVL29
 1781 0148 0100     		.2byte	0x1
 1782 014a 54       		.byte	0x54
 1783 014b 2E000000 		.4byte	.LVL29
 1784 014f 30000000 		.4byte	.LFE69
 1785 0153 0400     		.2byte	0x4
 1786 0155 F3       		.byte	0xf3
 1787 0156 01       		.uleb128 0x1
 1788 0157 52       		.byte	0x52
 1789 0158 9F       		.byte	0x9f
 1790 0159 00000000 		.4byte	0
 1791 015d 00000000 		.4byte	0
 1792              		.section	.debug_aranges,"",%progbits
 1793 0000 5C000000 		.4byte	0x5c
 1794 0004 0200     		.2byte	0x2
 1795 0006 00000000 		.4byte	.Ldebug_info0
 1796 000a 04       		.byte	0x4
 1797 000b 00       		.byte	0
 1798 000c 0000     		.2byte	0
 1799 000e 0000     		.2byte	0
 1800 0010 00000000 		.4byte	.LFB64
 1801 0014 14000000 		.4byte	.LFE64-.LFB64
 1802 0018 00000000 		.4byte	.LFB65
 1803 001c 14000000 		.4byte	.LFE65-.LFB65
ARM GAS  C:\Users\alexa\AppData\Local\Temp\cc7y7Mgg.s 			page 35


 1804 0020 00000000 		.4byte	.LFB66
 1805 0024 0C000000 		.4byte	.LFE66-.LFB66
 1806 0028 00000000 		.4byte	.LFB67
 1807 002c 10000000 		.4byte	.LFE67-.LFB67
 1808 0030 00000000 		.4byte	.LFB68
 1809 0034 78000000 		.4byte	.LFE68-.LFB68
 1810 0038 00000000 		.4byte	.LFB69
 1811 003c 30000000 		.4byte	.LFE69-.LFB69
 1812 0040 00000000 		.4byte	.LFB70
 1813 0044 20000000 		.4byte	.LFE70-.LFB70
 1814 0048 00000000 		.4byte	.LFB71
 1815 004c 24000000 		.4byte	.LFE71-.LFB71
 1816 0050 00000000 		.4byte	.LFB72
 1817 0054 20000000 		.4byte	.LFE72-.LFB72
 1818 0058 00000000 		.4byte	0
 1819 005c 00000000 		.4byte	0
 1820              		.section	.debug_ranges,"",%progbits
 1821              	.Ldebug_ranges0:
 1822 0000 00000000 		.4byte	.LFB64
 1823 0004 14000000 		.4byte	.LFE64
 1824 0008 00000000 		.4byte	.LFB65
 1825 000c 14000000 		.4byte	.LFE65
 1826 0010 00000000 		.4byte	.LFB66
 1827 0014 0C000000 		.4byte	.LFE66
 1828 0018 00000000 		.4byte	.LFB67
 1829 001c 10000000 		.4byte	.LFE67
 1830 0020 00000000 		.4byte	.LFB68
 1831 0024 78000000 		.4byte	.LFE68
 1832 0028 00000000 		.4byte	.LFB69
 1833 002c 30000000 		.4byte	.LFE69
 1834 0030 00000000 		.4byte	.LFB70
 1835 0034 20000000 		.4byte	.LFE70
 1836 0038 00000000 		.4byte	.LFB71
 1837 003c 24000000 		.4byte	.LFE71
 1838 0040 00000000 		.4byte	.LFB72
 1839 0044 20000000 		.4byte	.LFE72
 1840 0048 00000000 		.4byte	0
 1841 004c 00000000 		.4byte	0
 1842              		.section	.debug_line,"",%progbits
 1843              	.Ldebug_line0:
 1844 0000 EF020000 		.section	.debug_str,"MS",%progbits,1
 1844      02001302 
 1844      00000201 
 1844      FB0E0D00 
 1844      01010101 
 1845              	.LASF54:
 1846 0000 52657365 		.ascii	"ResetCmd\000"
 1846      74436D64 
 1846      00
 1847              	.LASF4:
 1848 0009 5F5F7569 		.ascii	"__uint8_t\000"
 1848      6E74385F 
 1848      7400
 1849              	.LASF32:
 1850 0013 55415254 		.ascii	"UART_USB_RX_ISR_handler\000"
 1850      5F555342 
 1850      5F52585F 
ARM GAS  C:\Users\alexa\AppData\Local\Temp\cc7y7Mgg.s 			page 36


 1850      4953525F 
 1850      68616E64 
 1851              	.LASF42:
 1852 002b 55415254 		.ascii	"UART_USB_ReadRxData\000"
 1852      5F555342 
 1852      5F526561 
 1852      64527844 
 1852      61746100 
 1853              	.LASF52:
 1854 003f 433A5C55 		.ascii	"C:\\Users\\alexa\\Documents\\GitHub\\Projekt-3\\PSo"
 1854      73657273 
 1854      5C616C65 
 1854      78615C44 
 1854      6F63756D 
 1855 006c 435C5052 		.ascii	"C\\PRJ3.cydsn\000"
 1855      4A332E63 
 1855      7964736E 
 1855      00
 1856              	.LASF5:
 1857 0079 5F5F696E 		.ascii	"__int32_t\000"
 1857      7433325F 
 1857      7400
 1858              	.LASF33:
 1859 0083 55415254 		.ascii	"UART_PI_RX_ISR_handler\000"
 1859      5F50495F 
 1859      52585F49 
 1859      53525F68 
 1859      616E646C 
 1860              	.LASF53:
 1861 009a 47657443 		.ascii	"GetCmd\000"
 1861      6D6400
 1862              	.LASF41:
 1863 00a1 736E7072 		.ascii	"snprintf\000"
 1863      696E7466 
 1863      00
 1864              	.LASF11:
 1865 00aa 75696E74 		.ascii	"uint8_t\000"
 1865      385F7400 
 1866              	.LASF28:
 1867 00b2 636F6D6D 		.ascii	"command\000"
 1867      616E6400 
 1868              	.LASF26:
 1869 00ba 72656365 		.ascii	"receivedString\000"
 1869      69766564 
 1869      53747269 
 1869      6E6700
 1870              	.LASF19:
 1871 00c9 6E616D65 		.ascii	"name\000"
 1871      00
 1872              	.LASF45:
 1873 00ce 55415254 		.ascii	"UART_PI_GetRxBufferSize\000"
 1873      5F50495F 
 1873      47657452 
 1873      78427566 
 1873      66657253 
 1874              	.LASF12:
 1875 00e6 696E7433 		.ascii	"int32_t\000"
ARM GAS  C:\Users\alexa\AppData\Local\Temp\cc7y7Mgg.s 			page 37


 1875      325F7400 
 1876              	.LASF13:
 1877 00ee 666C6F61 		.ascii	"float\000"
 1877      7400
 1878              	.LASF21:
 1879 00f4 436F6D6D 		.ascii	"CommandEntry\000"
 1879      616E6445 
 1879      6E747279 
 1879      00
 1880              	.LASF25:
 1881 0101 48616E64 		.ascii	"HandleStringReceived\000"
 1881      6C655374 
 1881      72696E67 
 1881      52656365 
 1881      69766564 
 1882              	.LASF48:
 1883 0116 55415254 		.ascii	"UART_USB_Start\000"
 1883      5F555342 
 1883      5F537461 
 1883      727400
 1884              	.LASF1:
 1885 0125 756E7369 		.ascii	"unsigned char\000"
 1885      676E6564 
 1885      20636861 
 1885      7200
 1886              	.LASF50:
 1887 0133 474E5520 		.ascii	"GNU C11 5.4.1 20160609 (release) [ARM/embedded-5-br"
 1887      43313120 
 1887      352E342E 
 1887      31203230 
 1887      31363036 
 1888 0166 616E6368 		.ascii	"anch revision 237715] -mcpu=cortex-m3 -mthumb -g -O"
 1888      20726576 
 1888      6973696F 
 1888      6E203233 
 1888      37373135 
 1889 0199 67202D66 		.ascii	"g -ffunction-sections -ffat-lto-objects\000"
 1889      66756E63 
 1889      74696F6E 
 1889      2D736563 
 1889      74696F6E 
 1890              	.LASF37:
 1891 01c1 4C45445F 		.ascii	"LED_BUILTIN_Write\000"
 1891      4255494C 
 1891      54494E5F 
 1891      57726974 
 1891      6500
 1892              	.LASF7:
 1893 01d3 6C6F6E67 		.ascii	"long unsigned int\000"
 1893      20756E73 
 1893      69676E65 
 1893      6420696E 
 1893      7400
 1894              	.LASF56:
 1895 01e5 55415254 		.ascii	"UART_Initialize\000"
 1895      5F496E69 
 1895      7469616C 
ARM GAS  C:\Users\alexa\AppData\Local\Temp\cc7y7Mgg.s 			page 38


 1895      697A6500 
 1896              	.LASF3:
 1897 01f5 73686F72 		.ascii	"short unsigned int\000"
 1897      7420756E 
 1897      7369676E 
 1897      65642069 
 1897      6E7400
 1898              	.LASF6:
 1899 0208 6C6F6E67 		.ascii	"long int\000"
 1899      20696E74 
 1899      00
 1900              	.LASF44:
 1901 0211 55415254 		.ascii	"UART_PI_ReadRxData\000"
 1901      5F50495F 
 1901      52656164 
 1901      52784461 
 1901      746100
 1902              	.LASF35:
 1903 0224 49544D5F 		.ascii	"ITM_RxBuffer\000"
 1903      52784275 
 1903      66666572 
 1903      00
 1904              	.LASF24:
 1905 0231 70617261 		.ascii	"params\000"
 1905      6D7300
 1906              	.LASF14:
 1907 0238 646F7562 		.ascii	"double\000"
 1907      6C6500
 1908              	.LASF43:
 1909 023f 55415254 		.ascii	"UART_USB_GetRxBufferSize\000"
 1909      5F555342 
 1909      5F476574 
 1909      52784275 
 1909      66666572 
 1910              	.LASF20:
 1911 0258 66756E63 		.ascii	"func\000"
 1911      00
 1912              	.LASF22:
 1913 025d 436D645F 		.ascii	"Cmd_Test1\000"
 1913      54657374 
 1913      3100
 1914              	.LASF23:
 1915 0267 436D645F 		.ascii	"Cmd_Test2\000"
 1915      54657374 
 1915      3200
 1916              	.LASF51:
 1917 0271 55415254 		.ascii	"UART.c\000"
 1917      2E6300
 1918              	.LASF10:
 1919 0278 756E7369 		.ascii	"unsigned int\000"
 1919      676E6564 
 1919      20696E74 
 1919      00
 1920              	.LASF55:
 1921 0285 55415254 		.ascii	"UART_HandleRxByte\000"
 1921      5F48616E 
 1921      646C6552 
ARM GAS  C:\Users\alexa\AppData\Local\Temp\cc7y7Mgg.s 			page 39


 1921      78427974 
 1921      6500
 1922              	.LASF9:
 1923 0297 6C6F6E67 		.ascii	"long long unsigned int\000"
 1923      206C6F6E 
 1923      6720756E 
 1923      7369676E 
 1923      65642069 
 1924              	.LASF36:
 1925 02ae 6C617465 		.ascii	"latestCmd\000"
 1925      7374436D 
 1925      6400
 1926              	.LASF38:
 1927 02b8 55415254 		.ascii	"UART_USB_PutString\000"
 1927      5F555342 
 1927      5F507574 
 1927      53747269 
 1927      6E6700
 1928              	.LASF16:
 1929 02cb 6C6F6E67 		.ascii	"long double\000"
 1929      20646F75 
 1929      626C6500 
 1930              	.LASF17:
 1931 02d7 73697A65 		.ascii	"sizetype\000"
 1931      74797065 
 1931      00
 1932              	.LASF18:
 1933 02e0 436F6D6D 		.ascii	"CommandFunc\000"
 1933      616E6446 
 1933      756E6300 
 1934              	.LASF8:
 1935 02ec 6C6F6E67 		.ascii	"long long int\000"
 1935      206C6F6E 
 1935      6720696E 
 1935      7400
 1936              	.LASF34:
 1937 02fa 636F6D6D 		.ascii	"commandTable\000"
 1937      616E6454 
 1937      61626C65 
 1937      00
 1938              	.LASF15:
 1939 0307 63686172 		.ascii	"char\000"
 1939      00
 1940              	.LASF31:
 1941 030c 696E6465 		.ascii	"index\000"
 1941      7800
 1942              	.LASF49:
 1943 0312 55415254 		.ascii	"UART_PI_Start\000"
 1943      5F50495F 
 1943      53746172 
 1943      7400
 1944              	.LASF2:
 1945 0320 73686F72 		.ascii	"short int\000"
 1945      7420696E 
 1945      7400
 1946              	.LASF30:
 1947 032a 62756666 		.ascii	"buffer\000"
ARM GAS  C:\Users\alexa\AppData\Local\Temp\cc7y7Mgg.s 			page 40


 1947      657200
 1948              	.LASF39:
 1949 0331 73747263 		.ascii	"strcmp\000"
 1949      6D7000
 1950              	.LASF27:
 1951 0338 746F6B65 		.ascii	"token\000"
 1951      6E00
 1952              	.LASF46:
 1953 033e 55415254 		.ascii	"UART_USB_RX_ISR_StartEx\000"
 1953      5F555342 
 1953      5F52585F 
 1953      4953525F 
 1953      53746172 
 1954              	.LASF0:
 1955 0356 7369676E 		.ascii	"signed char\000"
 1955      65642063 
 1955      68617200 
 1956              	.LASF40:
 1957 0362 73747274 		.ascii	"strtok\000"
 1957      6F6B00
 1958              	.LASF29:
 1959 0369 62797465 		.ascii	"byteReceived\000"
 1959      52656365 
 1959      69766564 
 1959      00
 1960              	.LASF47:
 1961 0376 55415254 		.ascii	"UART_PI_RX_ISR_StartEx\000"
 1961      5F50495F 
 1961      52585F49 
 1961      53525F53 
 1961      74617274 
 1962              		.ident	"GCC: (GNU Tools for ARM Embedded Processors) 5.4.1 20160609 (release) [ARM/embedded-5-bran
