--------------- Build Started: 06/20/2025 15:17:16 Project: PRJ3, Configuration: ARM GCC 5.4-2016-q2-update Debug ---------------
The code generation step is up to date.
arm-none-eabi-gcc.exe -mcpu=cortex-m3 -mthumb -I. -IGenerated_Source\PSoC5 -Wa,-alh=.\CortexM3\ARM_GCC_541\Debug/main.lst -g -D DEBUG -D CY_CORE_ID=0 -Wall -ffunction-sections -ffat-lto-objects -Og -c main.c -o .\CortexM3\ARM_GCC_541\Debug\main.o
In file included from main.c:6:0:
Weight.h: In function 'Weight_IsCupFull':
Weight.h:84:18: warning: unused variable 'target' [-Wunused-variable]
         uint16_t target = CupFullWeight(cupSize);
                  ^
Weight.h:83:18: warning: unused variable 'weight' [-Wunused-variable]
         uint16_t weight = Weight_Read();
                  ^
arm-none-eabi-ar.exe -rs .\CortexM3\ARM_GCC_541\Debug\PRJ3.a .\CortexM3\ARM_GCC_541\Debug\sda.o .\CortexM3\ARM_GCC_541\Debug\scl.o .\CortexM3\ARM_GCC_541\Debug\I2C.o .\CortexM3\ARM_GCC_541\Debug\I2C_BOOT.o .\CortexM3\ARM_GCC_541\Debug\I2C_INT.o .\CortexM3\ARM_GCC_541\Debug\I2C_PM.o .\CortexM3\ARM_GCC_541\Debug\I2C_SLAVE.o .\CortexM3\ARM_GCC_541\Debug\I2C_MASTER.o .\CortexM3\ARM_GCC_541\Debug\STEP_2a.o .\CortexM3\ARM_GCC_541\Debug\STEP_1a.o .\CortexM3\ARM_GCC_541\Debug\STEP_1b.o .\CortexM3\ARM_GCC_541\Debug\STEP_2b.o .\CortexM3\ARM_GCC_541\Debug\UART_USB.o .\CortexM3\ARM_GCC_541\Debug\UART_USB_PM.o .\CortexM3\ARM_GCC_541\Debug\UART_USB_INT.o .\CortexM3\ARM_GCC_541\Debug\UART_USB_BOOT.o .\CortexM3\ARM_GCC_541\Debug\UART_USB_RX_ISR.o .\CortexM3\ARM_GCC_541\Debug\COLOR_SENSOR_LED.o .\CortexM3\ARM_GCC_541\Debug\UART_PI.o .\CortexM3\ARM_GCC_541\Debug\UART_PI_PM.o .\CortexM3\ARM_GCC_541\Debug\UART_PI_INT.o .\CortexM3\ARM_GCC_541\Debug\UART_PI_BOOT.o .\CortexM3\ARM_GCC_541\Debug\UART_PI_RX_ISR.o .\CortexM3\ARM_GCC_541\Debug\PUMP_1.o .\CortexM3\ARM_GCC_541\Debug\PUMP_2.o .\CortexM3\ARM_GCC_541\Debug\PUMP_3.o .\CortexM3\ARM_GCC_541\Debug\PUMP_4.o .\CortexM3\ARM_GCC_541\Debug\PUMP_5.o .\CortexM3\ARM_GCC_541\Debug\PUMP_6.o .\CortexM3\ARM_GCC_541\Debug\UART_USB_IntClock.o .\CortexM3\ARM_GCC_541\Debug\UART_PI_IntClock.o .\CortexM3\ARM_GCC_541\Debug\CyDmac.o .\CortexM3\ARM_GCC_541\Debug\CyFlash.o .\CortexM3\ARM_GCC_541\Debug\CyLib.o .\CortexM3\ARM_GCC_541\Debug\cyPm.o .\CortexM3\ARM_GCC_541\Debug\CySpc.o .\CortexM3\ARM_GCC_541\Debug\cyutils.o .\CortexM3\ARM_GCC_541\Debug\cy_em_eeprom.o .\CortexM3\ARM_GCC_541\Debug\WEIGHT_ADC.o .\CortexM3\ARM_GCC_541\Debug\WEIGHT_ADC_INT.o .\CortexM3\ARM_GCC_541\Debug\WEIGHT_ADC_PM.o .\CortexM3\ARM_GCC_541\Debug\WEIGHT_ADC_Pin.o .\CortexM3\ARM_GCC_541\Debug\WEIGHT_ADC_IRQ.o .\CortexM3\ARM_GCC_541\Debug\WEIGHT_ADC_theACLK.o .\CortexM3\ARM_GCC_541\Debug\WEIGHT_ADC_ExtVref.o .\CortexM3\ARM_GCC_541\Debug\CyBootAsmGnu.o
arm-none-eabi-ar.exe: creating .\CortexM3\ARM_GCC_541\Debug\PRJ3.a
arm-none-eabi-gcc.exe -Wl,--start-group -o C:\Users\alexa\Documents\GitHub\Projekt-3\PSoC\PRJ3.cydsn\CortexM3\ARM_GCC_541\Debug\PRJ3.elf .\CortexM3\ARM_GCC_541\Debug\main.o .\CortexM3\ARM_GCC_541\Debug\ColorSensor.o .\CortexM3\ARM_GCC_541\Debug\Motor.o .\CortexM3\ARM_GCC_541\Debug\Pump.o .\CortexM3\ARM_GCC_541\Debug\UART.o .\CortexM3\ARM_GCC_541\Debug\cyfitter_cfg.o .\CortexM3\ARM_GCC_541\Debug\cymetadata.o .\CortexM3\ARM_GCC_541\Debug\Cm3Start.o .\CortexM3\ARM_GCC_541\Debug\PRJ3.a "C:\Program Files (x86)\Cypress\PSoC Creator\4.4\PSoC Creator\psoc\content\cycomponentlibrary\CyComponentLibrary.cylib\CortexM3\ARM_GCC_541\Debug\CyComponentLibrary.a" -mcpu=cortex-m3 -mthumb -L Generated_Source\PSoC5 -Wl,-Map,.\CortexM3\ARM_GCC_541\Debug/PRJ3.map -T Generated_Source\PSoC5\cm3gcc.ld -specs=nano.specs -u _printf_float -Wl,--gc-sections -g -ffunction-sections -Og -ffat-lto-objects -Wl,--end-group
cyelftool.exe -C C:\Users\alexa\Documents\GitHub\Projekt-3\PSoC\PRJ3.cydsn\CortexM3\ARM_GCC_541\Debug\PRJ3.elf --flash_row_size 256 --flash_size 262144 --flash_offset 0x00000000
No ELF section .cychecksum found, creating one
Application checksum calculated and stored in ELF section .cychecksum
Checksum calculated and stored in ELF section .cymeta
cyelftool.exe -S C:\Users\alexa\Documents\GitHub\Projekt-3\PSoC\PRJ3.cydsn\CortexM3\ARM_GCC_541\Debug\PRJ3.elf
Flash used: 18864 of 262144 bytes (7,2 %).
SRAM used: 3329 of 65536 bytes (5,1 %). Stack: 2048 bytes. Heap: 512 bytes.
--------------- Build Succeeded: 06/20/2025 15:17:17 ---------------
